WARNING:tensorflow:`epsilon` argument is deprecated and will be removed, use `min_delta` instead.
2020-08-06 13:07:51.121335: W tensorflow/core/framework/cpu_allocator_impl.cc:81] Allocation of 1698693120 exceeds 10% of free system memory.
2020-08-06 13:07:54.642643: W tensorflow/core/common_runtime/bfc_allocator.cc:245] Allocator (GPU_0_bfc) ran out of memory trying to allocate 1.78GiB with freed_by_count=0. The caller indicates that this is not a failure, but may mean that there could be performance gains if more memory were available.
2020-08-06 13:07:54.752658: W tensorflow/core/common_runtime/bfc_allocator.cc:245] Allocator (GPU_0_bfc) ran out of memory trying to allocate 3.14GiB with freed_by_count=0. The caller indicates that this is not a failure, but may mean that there could be performance gains if more memory were available.
2020-08-06 13:07:54.792600: W tensorflow/core/common_runtime/bfc_allocator.cc:245] Allocator (GPU_0_bfc) ran out of memory trying to allocate 2.10GiB with freed_by_count=0. The caller indicates that this is not a failure, but may mean that there could be performance gains if more memory were available.
2020-08-06 13:07:54.900873: W tensorflow/core/common_runtime/bfc_allocator.cc:245] Allocator (GPU_0_bfc) ran out of memory trying to allocate 2.08GiB with freed_by_count=0. The caller indicates that this is not a failure, but may mean that there could be performance gains if more memory were available.
2020-08-06 13:07:54.913220: W tensorflow/core/common_runtime/bfc_allocator.cc:245] Allocator (GPU_0_bfc) ran out of memory trying to allocate 2.10GiB with freed_by_count=0. The caller indicates that this is not a failure, but may mean that there could be performance gains if more memory were available.
2020-08-06 13:07:54.941408: W tensorflow/core/common_runtime/bfc_allocator.cc:245] Allocator (GPU_0_bfc) ran out of memory trying to allocate 3.13GiB with freed_by_count=0. The caller indicates that this is not a failure, but may mean that there could be performance gains if more memory were available.
2020-08-06 13:07:54.981665: W tensorflow/core/common_runtime/bfc_allocator.cc:245] Allocator (GPU_0_bfc) ran out of memory trying to allocate 3.11GiB with freed_by_count=0. The caller indicates that this is not a failure, but may mean that there could be performance gains if more memory were available.
2020-08-06 13:07:55.171839: W tensorflow/core/common_runtime/bfc_allocator.cc:245] Allocator (GPU_0_bfc) ran out of memory trying to allocate 1.78GiB with freed_by_count=0. The caller indicates that this is not a failure, but may mean that there could be performance gains if more memory were available.
2020-08-06 13:07:55.286156: W tensorflow/core/common_runtime/bfc_allocator.cc:245] Allocator (GPU_0_bfc) ran out of memory trying to allocate 1.78GiB with freed_by_count=0. The caller indicates that this is not a failure, but may mean that there could be performance gains if more memory were available.
2020-08-06 13:11:34.549761: W tensorflow/core/framework/cpu_allocator_impl.cc:81] Allocation of 1073741824 exceeds 10% of free system memory.
2020-08-06 13:11:36.437287: W tensorflow/core/framework/cpu_allocator_impl.cc:81] Allocation of 1073741824 exceeds 10% of free system memory.
2020-08-06 13:11:37.724075: W tensorflow/core/framework/cpu_allocator_impl.cc:81] Allocation of 1073741824 exceeds 10% of free system memory.
Preparing...
Loading dataset...
4893.004670274749 -3230.518254521652
4863.728119230238 -3309.0571501744225
1.0 0.0
1.0 0.0
Creating the model...
Model: "sequential"
_________________________________________________________________
Layer (type)                 Output Shape              Param #   
=================================================================
conv2d (Conv2D)              (None, 502, 502, 96)      11712     
_________________________________________________________________
batch_normalization (BatchNo (None, 502, 502, 96)      384       
_________________________________________________________________
activation (Activation)      (None, 502, 502, 96)      0         
_________________________________________________________________
max_pooling2d (MaxPooling2D) (None, 167, 167, 96)      0         
_________________________________________________________________
conv2d_1 (Conv2D)            (None, 163, 163, 384)     921984    
_________________________________________________________________
activation_1 (Activation)    (None, 163, 163, 384)     0         
_________________________________________________________________
max_pooling2d_1 (MaxPooling2 (None, 54, 54, 384)       0         
_________________________________________________________________
conv2d_2 (Conv2D)            (None, 52, 52, 384)       1327488   
_________________________________________________________________
conv2d_3 (Conv2D)            (None, 50, 50, 256)       884992    
_________________________________________________________________
conv2d_4 (Conv2D)            (None, 48, 48, 256)       590080    
_________________________________________________________________
activation_2 (Activation)    (None, 48, 48, 256)       0         
_________________________________________________________________
max_pooling2d_2 (MaxPooling2 (None, 16, 16, 256)       0         
_________________________________________________________________
flatten (Flatten)            (None, 65536)             0         
_________________________________________________________________
dense (Dense)                (None, 4096)              268439552 
_________________________________________________________________
dropout (Dropout)            (None, 4096)              0         
_________________________________________________________________
dense_1 (Dense)              (None, 4096)              16781312  
_________________________________________________________________
dropout_1 (Dropout)          (None, 4096)              0         
_________________________________________________________________
dense_2 (Dense)              (None, 1)                 4097      
=================================================================
Total params: 288,961,601
Trainable params: 288,961,409
Non-trainable params: 192
_________________________________________________________________
None
Training the model...
Epoch 1/100

Epoch 00001: val_loss improved from inf to 49.04689, saving model to /cs/scratch/as521/models/checkpoints/baseline-model.h5
810/810 - 225s - loss: 76.1951 - binary_accuracy: 0.4994 - mse: 0.4158 - precision: 0.0000e+00 - recall: 0.0000e+00 - val_loss: 49.0469 - val_binary_accuracy: 0.5000 - val_mse: 0.3469 - val_precision: 0.0000e+00 - val_recall: 0.0000e+00 - lr: 1.0000e-05
2020-08-06 13:15:21.719691: W tensorflow/core/framework/cpu_allocator_impl.cc:81] Allocation of 1073741824 exceeds 10% of free system memory.
Epoch 2/100

Epoch 00002: val_loss improved from 49.04689 to 20.27528, saving model to /cs/scratch/as521/models/checkpoints/baseline-model.h5
810/810 - 227s - loss: 32.8277 - binary_accuracy: 0.5296 - mse: 0.3675 - precision: 0.7500 - recall: 0.0889 - val_loss: 20.2753 - val_binary_accuracy: 0.5056 - val_mse: 0.3901 - val_precision: 1.0000 - val_recall: 0.0111 - lr: 1.0000e-05
Epoch 3/100

Epoch 00003: val_loss improved from 20.27528 to 7.63510, saving model to /cs/scratch/as521/models/checkpoints/baseline-model.h5
810/810 - 227s - loss: 13.0489 - binary_accuracy: 0.5698 - mse: 0.3271 - precision: 0.7811 - recall: 0.1938 - val_loss: 7.6351 - val_binary_accuracy: 0.5694 - val_mse: 0.3518 - val_precision: 1.0000 - val_recall: 0.1389 - lr: 1.0000e-05
Epoch 4/100

Epoch 00004: val_loss improved from 7.63510 to 2.77265, saving model to /cs/scratch/as521/models/checkpoints/baseline-model.h5
810/810 - 227s - loss: 4.8008 - binary_accuracy: 0.5883 - mse: 0.3591 - precision: 0.8017 - recall: 0.2346 - val_loss: 2.7727 - val_binary_accuracy: 0.5333 - val_mse: 0.4169 - val_precision: 1.0000 - val_recall: 0.0667 - lr: 1.0000e-05
Epoch 5/100

Epoch 00005: val_loss improved from 2.77265 to 1.18553, saving model to /cs/scratch/as521/models/checkpoints/baseline-model.h5
810/810 - 227s - loss: 1.8089 - binary_accuracy: 0.6284 - mse: 0.3206 - precision: 0.8291 - recall: 0.3235 - val_loss: 1.1855 - val_binary_accuracy: 0.5528 - val_mse: 0.3339 - val_precision: 0.8519 - val_recall: 0.1278 - lr: 1.0000e-05
Epoch 6/100

Epoch 00006: val_loss improved from 1.18553 to 0.82851, saving model to /cs/scratch/as521/models/checkpoints/baseline-model.h5
810/810 - 227s - loss: 0.9427 - binary_accuracy: 0.6340 - mse: 0.3149 - precision: 0.8401 - recall: 0.3309 - val_loss: 0.8285 - val_binary_accuracy: 0.5167 - val_mse: 0.4596 - val_precision: 1.0000 - val_recall: 0.0333 - lr: 1.0000e-05
Epoch 7/100

Epoch 00007: val_loss improved from 0.82851 to 0.68371, saving model to /cs/scratch/as521/models/checkpoints/baseline-model.h5
810/810 - 226s - loss: 0.7432 - binary_accuracy: 0.6444 - mse: 0.3079 - precision: 0.8305 - recall: 0.3630 - val_loss: 0.6837 - val_binary_accuracy: 0.7361 - val_mse: 0.1764 - val_precision: 0.8102 - val_recall: 0.6167 - lr: 1.0000e-05
Epoch 8/100

Epoch 00008: val_loss did not improve from 0.68371
810/810 - 220s - loss: 0.6966 - binary_accuracy: 0.6605 - mse: 0.3007 - precision: 0.8714 - recall: 0.3765 - val_loss: 0.7030 - val_binary_accuracy: 0.5833 - val_mse: 0.3660 - val_precision: 1.0000 - val_recall: 0.1667 - lr: 1.0000e-05
Epoch 9/100

Epoch 00009: val_loss did not improve from 0.68371
810/810 - 220s - loss: 0.6721 - binary_accuracy: 0.6877 - mse: 0.2752 - precision: 0.8938 - recall: 0.4259 - val_loss: 0.7102 - val_binary_accuracy: 0.5361 - val_mse: 0.4243 - val_precision: 1.0000 - val_recall: 0.0722 - lr: 1.0000e-05
Epoch 10/100

Epoch 00010: val_loss did not improve from 0.68371
810/810 - 220s - loss: 0.6666 - binary_accuracy: 0.6877 - mse: 0.2793 - precision: 0.8938 - recall: 0.4259 - val_loss: 0.7102 - val_binary_accuracy: 0.5333 - val_mse: 0.4367 - val_precision: 1.0000 - val_recall: 0.0667 - lr: 1.0000e-05
Epoch 11/100

Epoch 00011: val_loss did not improve from 0.68371
810/810 - 220s - loss: 0.6525 - binary_accuracy: 0.7185 - mse: 0.2458 - precision: 0.9078 - recall: 0.4864 - val_loss: 0.7167 - val_binary_accuracy: 0.5167 - val_mse: 0.4608 - val_precision: 1.0000 - val_recall: 0.0333 - lr: 1.0000e-05
Epoch 12/100

Epoch 00012: val_loss did not improve from 0.68371
810/810 - 220s - loss: 0.6394 - binary_accuracy: 0.7506 - mse: 0.2242 - precision: 0.9452 - recall: 0.5321 - val_loss: 0.7147 - val_binary_accuracy: 0.5222 - val_mse: 0.4587 - val_precision: 1.0000 - val_recall: 0.0444 - lr: 1.0000e-05
Epoch 13/100

Epoch 00013: val_loss did not improve from 0.68371
810/810 - 220s - loss: 0.6289 - binary_accuracy: 0.7710 - mse: 0.2040 - precision: 0.9507 - recall: 0.5716 - val_loss: 0.7081 - val_binary_accuracy: 0.5444 - val_mse: 0.4439 - val_precision: 1.0000 - val_recall: 0.0889 - lr: 1.0000e-05
Epoch 14/100

Epoch 00014: val_loss improved from 0.68371 to 0.65762, saving model to /cs/scratch/as521/models/checkpoints/baseline-model.h5
810/810 - 227s - loss: 0.6274 - binary_accuracy: 0.7716 - mse: 0.2027 - precision: 0.9490 - recall: 0.5741 - val_loss: 0.6576 - val_binary_accuracy: 0.6667 - val_mse: 0.2664 - val_precision: 0.8261 - val_recall: 0.4222 - lr: 1.0000e-05
Epoch 15/100

Epoch 00015: val_loss did not improve from 0.65762
810/810 - 219s - loss: 0.6132 - binary_accuracy: 0.8074 - mse: 0.1707 - precision: 0.9611 - recall: 0.6407 - val_loss: 0.6678 - val_binary_accuracy: 0.6556 - val_mse: 0.3129 - val_precision: 0.8500 - val_recall: 0.3778 - lr: 1.0000e-05
Epoch 16/100

Epoch 00016: val_loss did not improve from 0.65762
810/810 - 220s - loss: 0.6073 - binary_accuracy: 0.8235 - mse: 0.1608 - precision: 0.9746 - recall: 0.6642 - val_loss: 0.6649 - val_binary_accuracy: 0.6722 - val_mse: 0.3036 - val_precision: 0.8605 - val_recall: 0.4111 - lr: 1.0000e-05
Epoch 17/100

Epoch 00017: val_loss did not improve from 0.65762
810/810 - 219s - loss: 0.5990 - binary_accuracy: 0.8444 - mse: 0.1439 - precision: 0.9761 - recall: 0.7062 - val_loss: 0.6853 - val_binary_accuracy: 0.5972 - val_mse: 0.3689 - val_precision: 0.8723 - val_recall: 0.2278 - lr: 1.0000e-05
Epoch 18/100

Epoch 00018: val_loss did not improve from 0.65762
810/810 - 219s - loss: 0.5959 - binary_accuracy: 0.8574 - mse: 0.1359 - precision: 0.9801 - recall: 0.7296 - val_loss: 0.6794 - val_binary_accuracy: 0.6056 - val_mse: 0.3552 - val_precision: 0.8519 - val_recall: 0.2556 - lr: 1.0000e-05
Epoch 19/100

Epoch 00019: val_loss did not improve from 0.65762
810/810 - 220s - loss: 0.5909 - binary_accuracy: 0.8623 - mse: 0.1283 - precision: 0.9711 - recall: 0.7469 - val_loss: 0.6586 - val_binary_accuracy: 0.6750 - val_mse: 0.2937 - val_precision: 0.8987 - val_recall: 0.3944 - lr: 1.0000e-05
Epoch 20/100

Epoch 00020: val_loss improved from 0.65762 to 0.64557, saving model to /cs/scratch/as521/models/checkpoints/baseline-model.h5
810/810 - 226s - loss: 0.5838 - binary_accuracy: 0.8815 - mse: 0.1138 - precision: 0.9920 - recall: 0.7691 - val_loss: 0.6456 - val_binary_accuracy: 0.7278 - val_mse: 0.2561 - val_precision: 0.9184 - val_recall: 0.5000 - lr: 1.0000e-05
Epoch 21/100

Epoch 00021: val_loss did not improve from 0.64557
810/810 - 219s - loss: 0.5800 - binary_accuracy: 0.8846 - mse: 0.1098 - precision: 0.9875 - recall: 0.7790 - val_loss: 0.6644 - val_binary_accuracy: 0.6556 - val_mse: 0.3196 - val_precision: 0.8889 - val_recall: 0.3556 - lr: 1.0000e-05
Epoch 22/100

Epoch 00022: val_loss did not improve from 0.64557
810/810 - 219s - loss: 0.5766 - binary_accuracy: 0.8901 - mse: 0.1042 - precision: 0.9877 - recall: 0.7901 - val_loss: 0.6624 - val_binary_accuracy: 0.6583 - val_mse: 0.3049 - val_precision: 0.8701 - val_recall: 0.3722 - lr: 1.0000e-05
Epoch 23/100

Epoch 00023: val_loss did not improve from 0.64557
810/810 - 219s - loss: 0.5751 - binary_accuracy: 0.8914 - mse: 0.1016 - precision: 0.9907 - recall: 0.7901 - val_loss: 0.6517 - val_binary_accuracy: 0.6778 - val_mse: 0.2789 - val_precision: 0.8721 - val_recall: 0.4167 - lr: 1.0000e-05
Epoch 24/100

Epoch 00024: val_loss did not improve from 0.64557
810/810 - 219s - loss: 0.5692 - binary_accuracy: 0.9062 - mse: 0.0902 - precision: 0.9925 - recall: 0.8185 - val_loss: 0.6612 - val_binary_accuracy: 0.6472 - val_mse: 0.3209 - val_precision: 0.9206 - val_recall: 0.3222 - lr: 1.0000e-05
Epoch 25/100

Epoch 00025: val_loss did not improve from 0.64557
810/810 - 219s - loss: 0.5657 - binary_accuracy: 0.9136 - mse: 0.0858 - precision: 0.9970 - recall: 0.8296 - val_loss: 0.6577 - val_binary_accuracy: 0.6667 - val_mse: 0.3051 - val_precision: 0.8947 - val_recall: 0.3778 - lr: 1.0000e-05
Epoch 26/100

Epoch 00026: val_loss did not improve from 0.64557
810/810 - 219s - loss: 0.5634 - binary_accuracy: 0.9123 - mse: 0.0847 - precision: 0.9926 - recall: 0.8309 - val_loss: 0.6592 - val_binary_accuracy: 0.6583 - val_mse: 0.3101 - val_precision: 0.8519 - val_recall: 0.3833 - lr: 1.0000e-05
Epoch 27/100

Epoch 00027: val_loss did not improve from 0.64557
810/810 - 219s - loss: 0.5630 - binary_accuracy: 0.9130 - mse: 0.0844 - precision: 0.9970 - recall: 0.8284 - val_loss: 0.6538 - val_binary_accuracy: 0.6694 - val_mse: 0.2983 - val_precision: 0.8861 - val_recall: 0.3889 - lr: 1.0000e-05
Epoch 28/100

Epoch 00028: val_loss improved from 0.64557 to 0.63385, saving model to /cs/scratch/as521/models/checkpoints/baseline-model.h5
810/810 - 226s - loss: 0.5623 - binary_accuracy: 0.9099 - mse: 0.0844 - precision: 0.9897 - recall: 0.8284 - val_loss: 0.6339 - val_binary_accuracy: 0.7333 - val_mse: 0.2513 - val_precision: 0.9200 - val_recall: 0.5111 - lr: 1.0000e-05
Epoch 29/100

Epoch 00029: val_loss did not improve from 0.63385
810/810 - 219s - loss: 0.5590 - binary_accuracy: 0.9191 - mse: 0.0800 - precision: 0.9956 - recall: 0.8420 - val_loss: 0.6362 - val_binary_accuracy: 0.7278 - val_mse: 0.2525 - val_precision: 0.9020 - val_recall: 0.5111 - lr: 1.0000e-05
Epoch 30/100

Epoch 00030: val_loss did not improve from 0.63385
810/810 - 219s - loss: 0.5565 - binary_accuracy: 0.9191 - mse: 0.0779 - precision: 0.9942 - recall: 0.8432 - val_loss: 0.6456 - val_binary_accuracy: 0.6806 - val_mse: 0.2857 - val_precision: 0.9012 - val_recall: 0.4056 - lr: 1.0000e-05
Epoch 31/100

Epoch 00031: val_loss improved from 0.63385 to 0.61987, saving model to /cs/scratch/as521/models/checkpoints/baseline-model.h5
810/810 - 226s - loss: 0.5590 - binary_accuracy: 0.9136 - mse: 0.0797 - precision: 0.9841 - recall: 0.8407 - val_loss: 0.6199 - val_binary_accuracy: 0.7611 - val_mse: 0.2001 - val_precision: 0.8730 - val_recall: 0.6111 - lr: 1.0000e-05
Epoch 32/100

Epoch 00032: val_loss did not improve from 0.61987
810/810 - 219s - loss: 0.5562 - binary_accuracy: 0.9210 - mse: 0.0746 - precision: 0.9928 - recall: 0.8481 - val_loss: 0.6455 - val_binary_accuracy: 0.6861 - val_mse: 0.2873 - val_precision: 0.9036 - val_recall: 0.4167 - lr: 1.0000e-05
Epoch 33/100

Epoch 00033: val_loss did not improve from 0.61987
810/810 - 219s - loss: 0.5524 - binary_accuracy: 0.9302 - mse: 0.0693 - precision: 0.9971 - recall: 0.8630 - val_loss: 0.6327 - val_binary_accuracy: 0.7139 - val_mse: 0.2524 - val_precision: 0.9140 - val_recall: 0.4722 - lr: 1.0000e-05
Epoch 34/100

Epoch 00034: val_loss did not improve from 0.61987
810/810 - 219s - loss: 0.5512 - binary_accuracy: 0.9290 - mse: 0.0680 - precision: 0.9943 - recall: 0.8630 - val_loss: 0.6244 - val_binary_accuracy: 0.7361 - val_mse: 0.2300 - val_precision: 0.8899 - val_recall: 0.5389 - lr: 1.0000e-05
Epoch 35/100

Epoch 00035: val_loss improved from 0.61987 to 0.61463, saving model to /cs/scratch/as521/models/checkpoints/baseline-model.h5
810/810 - 227s - loss: 0.5502 - binary_accuracy: 0.9327 - mse: 0.0662 - precision: 0.9972 - recall: 0.8679 - val_loss: 0.6146 - val_binary_accuracy: 0.7694 - val_mse: 0.2026 - val_precision: 0.9008 - val_recall: 0.6056 - lr: 1.0000e-05
Epoch 36/100

Epoch 00036: val_loss did not improve from 0.61463
810/810 - 219s - loss: 0.5498 - binary_accuracy: 0.9302 - mse: 0.0663 - precision: 0.9971 - recall: 0.8630 - val_loss: 0.6256 - val_binary_accuracy: 0.7333 - val_mse: 0.2333 - val_precision: 0.9200 - val_recall: 0.5111 - lr: 1.0000e-05
Epoch 37/100

Epoch 00037: val_loss improved from 0.61463 to 0.60841, saving model to /cs/scratch/as521/models/checkpoints/baseline-model.h5
810/810 - 226s - loss: 0.5469 - binary_accuracy: 0.9383 - mse: 0.0602 - precision: 0.9972 - recall: 0.8790 - val_loss: 0.6084 - val_binary_accuracy: 0.7778 - val_mse: 0.1874 - val_precision: 0.9167 - val_recall: 0.6111 - lr: 1.0000e-05
Epoch 38/100

Epoch 00038: val_loss did not improve from 0.60841
810/810 - 219s - loss: 0.5451 - binary_accuracy: 0.9407 - mse: 0.0579 - precision: 0.9972 - recall: 0.8840 - val_loss: 0.6140 - val_binary_accuracy: 0.7639 - val_mse: 0.2096 - val_precision: 0.9279 - val_recall: 0.5722 - lr: 1.0000e-05
Epoch 39/100

Epoch 00039: val_loss did not improve from 0.60841
810/810 - 219s - loss: 0.5441 - binary_accuracy: 0.9407 - mse: 0.0576 - precision: 0.9958 - recall: 0.8852 - val_loss: 0.6172 - val_binary_accuracy: 0.7556 - val_mse: 0.2085 - val_precision: 0.8966 - val_recall: 0.5778 - lr: 1.0000e-05
Epoch 40/100

Epoch 00040: val_loss did not improve from 0.60841
810/810 - 219s - loss: 0.5453 - binary_accuracy: 0.9383 - mse: 0.0564 - precision: 0.9944 - recall: 0.8815 - val_loss: 0.6117 - val_binary_accuracy: 0.7806 - val_mse: 0.1901 - val_precision: 0.8855 - val_recall: 0.6444 - lr: 1.0000e-05
Epoch 41/100

Epoch 00041: val_loss did not improve from 0.60841
810/810 - 219s - loss: 0.5420 - binary_accuracy: 0.9494 - mse: 0.0502 - precision: 0.9946 - recall: 0.9037 - val_loss: 0.6237 - val_binary_accuracy: 0.7194 - val_mse: 0.2324 - val_precision: 0.8835 - val_recall: 0.5056 - lr: 1.0000e-05
Epoch 42/100

Epoch 00042: val_loss did not improve from 0.60841
810/810 - 219s - loss: 0.5390 - binary_accuracy: 0.9519 - mse: 0.0475 - precision: 0.9973 - recall: 0.9062 - val_loss: 0.6132 - val_binary_accuracy: 0.7472 - val_mse: 0.2074 - val_precision: 0.8938 - val_recall: 0.5611 - lr: 1.0000e-05
Epoch 43/100

Epoch 00043: val_loss did not improve from 0.60841
810/810 - 219s - loss: 0.5384 - binary_accuracy: 0.9531 - mse: 0.0468 - precision: 0.9973 - recall: 0.9086 - val_loss: 0.6186 - val_binary_accuracy: 0.7472 - val_mse: 0.2163 - val_precision: 0.8938 - val_recall: 0.5611 - lr: 1.0000e-05
Epoch 44/100

Epoch 00044: val_loss did not improve from 0.60841
810/810 - 219s - loss: 0.5437 - binary_accuracy: 0.9451 - mse: 0.0517 - precision: 0.9839 - recall: 0.9049 - val_loss: 0.6254 - val_binary_accuracy: 0.7278 - val_mse: 0.2438 - val_precision: 0.9184 - val_recall: 0.5000 - lr: 1.0000e-05
Epoch 45/100

Epoch 00045: val_loss improved from 0.60841 to 0.60758, saving model to /cs/scratch/as521/models/checkpoints/baseline-model.h5
810/810 - 227s - loss: 0.5373 - binary_accuracy: 0.9556 - mse: 0.0443 - precision: 0.9973 - recall: 0.9136 - val_loss: 0.6076 - val_binary_accuracy: 0.7722 - val_mse: 0.1859 - val_precision: 0.8952 - val_recall: 0.6167 - lr: 1.0000e-05
Epoch 46/100

Epoch 00046: val_loss improved from 0.60758 to 0.59988, saving model to /cs/scratch/as521/models/checkpoints/baseline-model.h5
810/810 - 226s - loss: 0.5359 - binary_accuracy: 0.9568 - mse: 0.0432 - precision: 0.9973 - recall: 0.9160 - val_loss: 0.5999 - val_binary_accuracy: 0.8250 - val_mse: 0.1540 - val_precision: 0.8634 - val_recall: 0.7722 - lr: 1.0000e-05
Epoch 47/100

Epoch 00047: val_loss did not improve from 0.59988
810/810 - 219s - loss: 0.5371 - binary_accuracy: 0.9556 - mse: 0.0445 - precision: 0.9973 - recall: 0.9136 - val_loss: 0.6035 - val_binary_accuracy: 0.7889 - val_mse: 0.1830 - val_precision: 0.9062 - val_recall: 0.6444 - lr: 1.0000e-05
Epoch 48/100

Epoch 00048: val_loss did not improve from 0.59988
810/810 - 219s - loss: 0.5339 - binary_accuracy: 0.9580 - mse: 0.0419 - precision: 0.9973 - recall: 0.9185 - val_loss: 0.6030 - val_binary_accuracy: 0.7972 - val_mse: 0.1766 - val_precision: 0.9023 - val_recall: 0.6667 - lr: 1.0000e-05
Epoch 49/100

Epoch 00049: val_loss did not improve from 0.59988
810/810 - 220s - loss: 0.5334 - binary_accuracy: 0.9586 - mse: 0.0415 - precision: 0.9973 - recall: 0.9198 - val_loss: 0.6128 - val_binary_accuracy: 0.7528 - val_mse: 0.2025 - val_precision: 0.8699 - val_recall: 0.5944 - lr: 1.0000e-05
Epoch 50/100

Epoch 00050: val_loss improved from 0.59988 to 0.59804, saving model to /cs/scratch/as521/models/checkpoints/baseline-model.h5
810/810 - 227s - loss: 0.5353 - binary_accuracy: 0.9556 - mse: 0.0434 - precision: 0.9960 - recall: 0.9148 - val_loss: 0.5980 - val_binary_accuracy: 0.8139 - val_mse: 0.1537 - val_precision: 0.8693 - val_recall: 0.7389 - lr: 1.0000e-05
Epoch 51/100

Epoch 00051: val_loss did not improve from 0.59804
810/810 - 219s - loss: 0.5332 - binary_accuracy: 0.9580 - mse: 0.0417 - precision: 0.9973 - recall: 0.9185 - val_loss: 0.6120 - val_binary_accuracy: 0.7611 - val_mse: 0.2010 - val_precision: 0.8852 - val_recall: 0.6000 - lr: 1.0000e-05
Epoch 52/100

Epoch 00052: val_loss did not improve from 0.59804
810/810 - 220s - loss: 0.5335 - binary_accuracy: 0.9568 - mse: 0.0418 - precision: 0.9933 - recall: 0.9198 - val_loss: 0.6097 - val_binary_accuracy: 0.7639 - val_mse: 0.1949 - val_precision: 0.8992 - val_recall: 0.5944 - lr: 1.0000e-05
Epoch 53/100

Epoch 00053: val_loss did not improve from 0.59804
810/810 - 219s - loss: 0.5320 - binary_accuracy: 0.9599 - mse: 0.0392 - precision: 0.9960 - recall: 0.9235 - val_loss: 0.6100 - val_binary_accuracy: 0.7472 - val_mse: 0.2025 - val_precision: 0.8870 - val_recall: 0.5667 - lr: 1.0000e-05
Epoch 54/100

Epoch 00054: val_loss did not improve from 0.59804
810/810 - 219s - loss: 0.5326 - binary_accuracy: 0.9593 - mse: 0.0402 - precision: 0.9947 - recall: 0.9235 - val_loss: 0.6080 - val_binary_accuracy: 0.7556 - val_mse: 0.1981 - val_precision: 0.8966 - val_recall: 0.5778 - lr: 1.0000e-05
Epoch 55/100

Epoch 00055: val_loss improved from 0.59804 to 0.59429, saving model to /cs/scratch/as521/models/checkpoints/baseline-model.h5
810/810 - 227s - loss: 0.5309 - binary_accuracy: 0.9605 - mse: 0.0394 - precision: 0.9973 - recall: 0.9235 - val_loss: 0.5943 - val_binary_accuracy: 0.8389 - val_mse: 0.1487 - val_precision: 0.9013 - val_recall: 0.7611 - lr: 1.0000e-05
Epoch 56/100

Epoch 00056: val_loss did not improve from 0.59429
810/810 - 219s - loss: 0.5357 - binary_accuracy: 0.9543 - mse: 0.0440 - precision: 0.9920 - recall: 0.9160 - val_loss: 0.6018 - val_binary_accuracy: 0.8028 - val_mse: 0.1633 - val_precision: 0.8707 - val_recall: 0.7111 - lr: 1.0000e-05
Epoch 57/100

Epoch 00057: val_loss did not improve from 0.59429
810/810 - 219s - loss: 0.5302 - binary_accuracy: 0.9617 - mse: 0.0376 - precision: 0.9973 - recall: 0.9259 - val_loss: 0.6018 - val_binary_accuracy: 0.8083 - val_mse: 0.1599 - val_precision: 0.8405 - val_recall: 0.7611 - lr: 1.0000e-05
Epoch 58/100

Epoch 00058: val_loss did not improve from 0.59429
810/810 - 219s - loss: 0.5294 - binary_accuracy: 0.9623 - mse: 0.0373 - precision: 0.9960 - recall: 0.9284 - val_loss: 0.5970 - val_binary_accuracy: 0.8139 - val_mse: 0.1628 - val_precision: 0.8951 - val_recall: 0.7111 - lr: 1.0000e-05
Epoch 59/100

Epoch 00059: val_loss did not improve from 0.59429
810/810 - 219s - loss: 0.5291 - binary_accuracy: 0.9630 - mse: 0.0371 - precision: 0.9973 - recall: 0.9284 - val_loss: 0.6090 - val_binary_accuracy: 0.7694 - val_mse: 0.1911 - val_precision: 0.8702 - val_recall: 0.6333 - lr: 1.0000e-05
Epoch 60/100

Epoch 00060: val_loss did not improve from 0.59429
810/810 - 219s - loss: 0.5305 - binary_accuracy: 0.9617 - mse: 0.0375 - precision: 0.9973 - recall: 0.9259 - val_loss: 0.6014 - val_binary_accuracy: 0.8000 - val_mse: 0.1752 - val_precision: 0.8913 - val_recall: 0.6833 - lr: 1.0000e-05
Epoch 61/100

Epoch 00061: val_loss did not improve from 0.59429
810/810 - 219s - loss: 0.5302 - binary_accuracy: 0.9623 - mse: 0.0372 - precision: 0.9960 - recall: 0.9284 - val_loss: 0.6053 - val_binary_accuracy: 0.7833 - val_mse: 0.1731 - val_precision: 0.8400 - val_recall: 0.7000 - lr: 1.0000e-05
Epoch 62/100

Epoch 00062: val_loss did not improve from 0.59429
810/810 - 219s - loss: 0.5282 - binary_accuracy: 0.9642 - mse: 0.0357 - precision: 0.9974 - recall: 0.9309 - val_loss: 0.6085 - val_binary_accuracy: 0.7694 - val_mse: 0.1933 - val_precision: 0.9008 - val_recall: 0.6056 - lr: 1.0000e-05
Epoch 63/100

Epoch 00063: val_loss did not improve from 0.59429
810/810 - 219s - loss: 0.5295 - binary_accuracy: 0.9623 - mse: 0.0363 - precision: 0.9947 - recall: 0.9296 - val_loss: 0.6054 - val_binary_accuracy: 0.7833 - val_mse: 0.1830 - val_precision: 0.8696 - val_recall: 0.6667 - lr: 1.0000e-05
Epoch 64/100

Epoch 00064: val_loss did not improve from 0.59429
810/810 - 219s - loss: 0.5276 - binary_accuracy: 0.9642 - mse: 0.0350 - precision: 0.9974 - recall: 0.9309 - val_loss: 0.6162 - val_binary_accuracy: 0.7444 - val_mse: 0.2100 - val_precision: 0.8607 - val_recall: 0.5833 - lr: 1.0000e-05
Epoch 65/100

Epoch 00065: val_loss did not improve from 0.59429

Epoch 00065: ReduceLROnPlateau reducing learning rate to 9.999999747378752e-07.
810/810 - 219s - loss: 0.5267 - binary_accuracy: 0.9654 - mse: 0.0346 - precision: 0.9974 - recall: 0.9333 - val_loss: 0.6134 - val_binary_accuracy: 0.7583 - val_mse: 0.2128 - val_precision: 0.8974 - val_recall: 0.5833 - lr: 1.0000e-05
Epoch 66/100

Epoch 00066: val_loss did not improve from 0.59429
810/810 - 219s - loss: 0.5264 - binary_accuracy: 0.9654 - mse: 0.0346 - precision: 0.9974 - recall: 0.9333 - val_loss: 0.6093 - val_binary_accuracy: 0.7667 - val_mse: 0.1946 - val_precision: 0.8871 - val_recall: 0.6111 - lr: 1.0000e-06
Epoch 67/100

Epoch 00067: val_loss did not improve from 0.59429
810/810 - 219s - loss: 0.5260 - binary_accuracy: 0.9654 - mse: 0.0346 - precision: 0.9974 - recall: 0.9333 - val_loss: 0.6097 - val_binary_accuracy: 0.7639 - val_mse: 0.1967 - val_precision: 0.8862 - val_recall: 0.6056 - lr: 1.0000e-06
Epoch 68/100

Epoch 00068: val_loss did not improve from 0.59429
810/810 - 219s - loss: 0.5259 - binary_accuracy: 0.9654 - mse: 0.0346 - precision: 0.9974 - recall: 0.9333 - val_loss: 0.6076 - val_binary_accuracy: 0.7667 - val_mse: 0.1913 - val_precision: 0.8810 - val_recall: 0.6167 - lr: 1.0000e-06
Epoch 69/100

Epoch 00069: val_loss did not improve from 0.59429
810/810 - 219s - loss: 0.5258 - binary_accuracy: 0.9654 - mse: 0.0345 - precision: 0.9974 - recall: 0.9333 - val_loss: 0.6100 - val_binary_accuracy: 0.7556 - val_mse: 0.1979 - val_precision: 0.8833 - val_recall: 0.5889 - lr: 1.0000e-06
Epoch 70/100

Epoch 00070: val_loss did not improve from 0.59429
810/810 - 219s - loss: 0.5257 - binary_accuracy: 0.9654 - mse: 0.0346 - precision: 0.9974 - recall: 0.9333 - val_loss: 0.6061 - val_binary_accuracy: 0.7722 - val_mse: 0.1885 - val_precision: 0.8828 - val_recall: 0.6278 - lr: 1.0000e-06
Epoch 00070: early stopping
Evaluating results...
Validation
[165  15]
[ 67 113]
Training
[808   2]
[ 54 756]

Total execution time:  4:19:40.191096
Final evalutaiton...
180/180 - 11s - loss: 0.6061 - binary_accuracy: 0.7722 - mse: 0.1885 - precision: 0.8828 - recall: 0.6278
{'loss': 0.6060987114906311, 'binary_accuracy': 0.7722222208976746, 'mse': 0.1885039210319519, 'precision': 0.8828125, 'recall': 0.6277777552604675}
