WARNING:tensorflow:`epsilon` argument is deprecated and will be removed, use `min_delta` instead.
2020-08-02 15:28:32.395794: I tensorflow/stream_executor/platform/default/dso_loader.cc:44] Successfully opened dynamic library libcuda.so.1
2020-08-02 15:28:32.748089: I tensorflow/stream_executor/cuda/cuda_gpu_executor.cc:981] successful NUMA node read from SysFS had negative value (-1), but there must be at least one NUMA node, so returning NUMA node zero
2020-08-02 15:28:32.748796: I tensorflow/core/common_runtime/gpu/gpu_device.cc:1561] Found device 0 with properties: 
pciBusID: 0000:01:00.0 name: GeForce GTX 1060 6GB computeCapability: 6.1
coreClock: 1.7085GHz coreCount: 10 deviceMemorySize: 5.93GiB deviceMemoryBandwidth: 178.99GiB/s
2020-08-02 15:28:32.750452: I tensorflow/stream_executor/platform/default/dso_loader.cc:44] Successfully opened dynamic library libcudart.so.10.1
2020-08-02 15:28:32.755818: I tensorflow/stream_executor/platform/default/dso_loader.cc:44] Successfully opened dynamic library libcublas.so.10
2020-08-02 15:28:32.758938: I tensorflow/stream_executor/platform/default/dso_loader.cc:44] Successfully opened dynamic library libcufft.so.10
2020-08-02 15:28:32.759388: I tensorflow/stream_executor/platform/default/dso_loader.cc:44] Successfully opened dynamic library libcurand.so.10
2020-08-02 15:28:32.761791: I tensorflow/stream_executor/platform/default/dso_loader.cc:44] Successfully opened dynamic library libcusolver.so.10
2020-08-02 15:28:32.764972: I tensorflow/stream_executor/platform/default/dso_loader.cc:44] Successfully opened dynamic library libcusparse.so.10
2020-08-02 15:28:32.770939: I tensorflow/stream_executor/platform/default/dso_loader.cc:44] Successfully opened dynamic library libcudnn.so.7
2020-08-02 15:28:32.771097: I tensorflow/stream_executor/cuda/cuda_gpu_executor.cc:981] successful NUMA node read from SysFS had negative value (-1), but there must be at least one NUMA node, so returning NUMA node zero
2020-08-02 15:28:32.773445: I tensorflow/stream_executor/cuda/cuda_gpu_executor.cc:981] successful NUMA node read from SysFS had negative value (-1), but there must be at least one NUMA node, so returning NUMA node zero
2020-08-02 15:28:32.776033: I tensorflow/core/common_runtime/gpu/gpu_device.cc:1703] Adding visible gpu devices: 0
2020-08-02 15:28:32.778560: I tensorflow/core/platform/cpu_feature_guard.cc:143] Your CPU supports instructions that this TensorFlow binary was not compiled to use: AVX2 FMA
2020-08-02 15:28:32.787523: I tensorflow/core/platform/profile_utils/cpu_utils.cc:102] CPU Frequency: 3192000000 Hz
2020-08-02 15:28:32.787797: I tensorflow/compiler/xla/service/service.cc:168] XLA service 0x2b514dc0 initialized for platform Host (this does not guarantee that XLA will be used). Devices:
2020-08-02 15:28:32.789227: I tensorflow/compiler/xla/service/service.cc:176]   StreamExecutor device (0): Host, Default Version
2020-08-02 15:28:32.858350: I tensorflow/stream_executor/cuda/cuda_gpu_executor.cc:981] successful NUMA node read from SysFS had negative value (-1), but there must be at least one NUMA node, so returning NUMA node zero
2020-08-02 15:28:32.859623: I tensorflow/compiler/xla/service/service.cc:168] XLA service 0x2b528db0 initialized for platform CUDA (this does not guarantee that XLA will be used). Devices:
2020-08-02 15:28:32.860224: I tensorflow/compiler/xla/service/service.cc:176]   StreamExecutor device (0): GeForce GTX 1060 6GB, Compute Capability 6.1
2020-08-02 15:28:32.860518: I tensorflow/stream_executor/cuda/cuda_gpu_executor.cc:981] successful NUMA node read from SysFS had negative value (-1), but there must be at least one NUMA node, so returning NUMA node zero
2020-08-02 15:28:32.860957: I tensorflow/core/common_runtime/gpu/gpu_device.cc:1561] Found device 0 with properties: 
pciBusID: 0000:01:00.0 name: GeForce GTX 1060 6GB computeCapability: 6.1
coreClock: 1.7085GHz coreCount: 10 deviceMemorySize: 5.93GiB deviceMemoryBandwidth: 178.99GiB/s
2020-08-02 15:28:32.861006: I tensorflow/stream_executor/platform/default/dso_loader.cc:44] Successfully opened dynamic library libcudart.so.10.1
2020-08-02 15:28:32.861025: I tensorflow/stream_executor/platform/default/dso_loader.cc:44] Successfully opened dynamic library libcublas.so.10
2020-08-02 15:28:32.861040: I tensorflow/stream_executor/platform/default/dso_loader.cc:44] Successfully opened dynamic library libcufft.so.10
2020-08-02 15:28:32.861055: I tensorflow/stream_executor/platform/default/dso_loader.cc:44] Successfully opened dynamic library libcurand.so.10
2020-08-02 15:28:32.861070: I tensorflow/stream_executor/platform/default/dso_loader.cc:44] Successfully opened dynamic library libcusolver.so.10
2020-08-02 15:28:32.861084: I tensorflow/stream_executor/platform/default/dso_loader.cc:44] Successfully opened dynamic library libcusparse.so.10
2020-08-02 15:28:32.861099: I tensorflow/stream_executor/platform/default/dso_loader.cc:44] Successfully opened dynamic library libcudnn.so.7
2020-08-02 15:28:32.861160: I tensorflow/stream_executor/cuda/cuda_gpu_executor.cc:981] successful NUMA node read from SysFS had negative value (-1), but there must be at least one NUMA node, so returning NUMA node zero
2020-08-02 15:28:32.861622: I tensorflow/stream_executor/cuda/cuda_gpu_executor.cc:981] successful NUMA node read from SysFS had negative value (-1), but there must be at least one NUMA node, so returning NUMA node zero
2020-08-02 15:28:32.862012: I tensorflow/core/common_runtime/gpu/gpu_device.cc:1703] Adding visible gpu devices: 0
2020-08-02 15:28:32.862045: I tensorflow/stream_executor/platform/default/dso_loader.cc:44] Successfully opened dynamic library libcudart.so.10.1
2020-08-02 15:28:32.862927: I tensorflow/core/common_runtime/gpu/gpu_device.cc:1102] Device interconnect StreamExecutor with strength 1 edge matrix:
2020-08-02 15:28:32.863815: I tensorflow/core/common_runtime/gpu/gpu_device.cc:1108]      0 
2020-08-02 15:28:32.863836: I tensorflow/core/common_runtime/gpu/gpu_device.cc:1121] 0:   N 
2020-08-02 15:28:32.864353: I tensorflow/stream_executor/cuda/cuda_gpu_executor.cc:981] successful NUMA node read from SysFS had negative value (-1), but there must be at least one NUMA node, so returning NUMA node zero
2020-08-02 15:28:32.866038: I tensorflow/stream_executor/cuda/cuda_gpu_executor.cc:981] successful NUMA node read from SysFS had negative value (-1), but there must be at least one NUMA node, so returning NUMA node zero
2020-08-02 15:28:32.867733: I tensorflow/core/common_runtime/gpu/gpu_device.cc:1247] Created TensorFlow device (/job:localhost/replica:0/task:0/device:GPU:0 with 5646 MB memory) -> physical GPU (device: 0, name: GeForce GTX 1060 6GB, pci bus id: 0000:01:00.0, compute capability: 6.1)
2020-08-02 15:28:34.308977: W tensorflow/core/framework/cpu_allocator_impl.cc:81] Allocation of 1698693120 exceeds 10% of free system memory.
2020-08-02 15:28:36.464593: I tensorflow/stream_executor/platform/default/dso_loader.cc:44] Successfully opened dynamic library libcublas.so.10
2020-08-02 15:28:36.582787: I tensorflow/stream_executor/platform/default/dso_loader.cc:44] Successfully opened dynamic library libcudnn.so.7
2020-08-02 15:28:37.862497: W tensorflow/core/common_runtime/bfc_allocator.cc:245] Allocator (GPU_0_bfc) ran out of memory trying to allocate 1.78GiB with freed_by_count=0. The caller indicates that this is not a failure, but may mean that there could be performance gains if more memory were available.
2020-08-02 15:28:37.967119: W tensorflow/core/common_runtime/bfc_allocator.cc:245] Allocator (GPU_0_bfc) ran out of memory trying to allocate 3.14GiB with freed_by_count=0. The caller indicates that this is not a failure, but may mean that there could be performance gains if more memory were available.
2020-08-02 15:28:38.007139: W tensorflow/core/common_runtime/bfc_allocator.cc:245] Allocator (GPU_0_bfc) ran out of memory trying to allocate 2.10GiB with freed_by_count=0. The caller indicates that this is not a failure, but may mean that there could be performance gains if more memory were available.
2020-08-02 15:28:38.115554: W tensorflow/core/common_runtime/bfc_allocator.cc:245] Allocator (GPU_0_bfc) ran out of memory trying to allocate 2.08GiB with freed_by_count=0. The caller indicates that this is not a failure, but may mean that there could be performance gains if more memory were available.
2020-08-02 15:28:38.127388: W tensorflow/core/common_runtime/bfc_allocator.cc:245] Allocator (GPU_0_bfc) ran out of memory trying to allocate 2.10GiB with freed_by_count=0. The caller indicates that this is not a failure, but may mean that there could be performance gains if more memory were available.
2020-08-02 15:28:38.155764: W tensorflow/core/common_runtime/bfc_allocator.cc:245] Allocator (GPU_0_bfc) ran out of memory trying to allocate 3.13GiB with freed_by_count=0. The caller indicates that this is not a failure, but may mean that there could be performance gains if more memory were available.
2020-08-02 15:28:38.196213: W tensorflow/core/common_runtime/bfc_allocator.cc:245] Allocator (GPU_0_bfc) ran out of memory trying to allocate 3.11GiB with freed_by_count=0. The caller indicates that this is not a failure, but may mean that there could be performance gains if more memory were available.
2020-08-02 15:28:38.386177: W tensorflow/core/common_runtime/bfc_allocator.cc:245] Allocator (GPU_0_bfc) ran out of memory trying to allocate 1.78GiB with freed_by_count=0. The caller indicates that this is not a failure, but may mean that there could be performance gains if more memory were available.
2020-08-02 15:28:38.500346: W tensorflow/core/common_runtime/bfc_allocator.cc:245] Allocator (GPU_0_bfc) ran out of memory trying to allocate 1.78GiB with freed_by_count=0. The caller indicates that this is not a failure, but may mean that there could be performance gains if more memory were available.
2020-08-02 15:32:17.065609: W tensorflow/core/framework/cpu_allocator_impl.cc:81] Allocation of 1073741824 exceeds 10% of free system memory.
2020-08-02 15:32:18.656619: W tensorflow/core/framework/cpu_allocator_impl.cc:81] Allocation of 1073741824 exceeds 10% of free system memory.
2020-08-02 15:32:19.398515: W tensorflow/core/framework/cpu_allocator_impl.cc:81] Allocation of 1073741824 exceeds 10% of free system memory.
Preparing...
Loading dataset...
Creating the model...
Model: "sequential"
_________________________________________________________________
Layer (type)                 Output Shape              Param #   
=================================================================
conv2d (Conv2D)              (None, 502, 502, 96)      11712     
_________________________________________________________________
batch_normalization (BatchNo (None, 502, 502, 96)      384       
_________________________________________________________________
activation (Activation)      (None, 502, 502, 96)      0         
_________________________________________________________________
max_pooling2d (MaxPooling2D) (None, 167, 167, 96)      0         
_________________________________________________________________
conv2d_1 (Conv2D)            (None, 163, 163, 384)     921984    
_________________________________________________________________
activation_1 (Activation)    (None, 163, 163, 384)     0         
_________________________________________________________________
max_pooling2d_1 (MaxPooling2 (None, 54, 54, 384)       0         
_________________________________________________________________
conv2d_2 (Conv2D)            (None, 52, 52, 384)       1327488   
_________________________________________________________________
conv2d_3 (Conv2D)            (None, 50, 50, 256)       884992    
_________________________________________________________________
conv2d_4 (Conv2D)            (None, 48, 48, 256)       590080    
_________________________________________________________________
activation_2 (Activation)    (None, 48, 48, 256)       0         
_________________________________________________________________
max_pooling2d_2 (MaxPooling2 (None, 16, 16, 256)       0         
_________________________________________________________________
flatten (Flatten)            (None, 65536)             0         
_________________________________________________________________
dense (Dense)                (None, 4096)              268439552 
_________________________________________________________________
dropout (Dropout)            (None, 4096)              0         
_________________________________________________________________
dense_1 (Dense)              (None, 4096)              16781312  
_________________________________________________________________
dropout_1 (Dropout)          (None, 4096)              0         
_________________________________________________________________
dense_2 (Dense)              (None, 1)                 4097      
=================================================================
Total params: 288,961,601
Trainable params: 288,961,409
Non-trainable params: 192
_________________________________________________________________
None
Training the model...
Epoch 1/100

Epoch 00001: val_loss improved from inf to 6.09686, saving model to /cs/scratch/as521/models/checkpoints/baseline-model.h5
810/810 - 224s - loss: 8.6762 - accuracy: 0.4988 - mse: 0.4894 - precision: 0.0000e+00 - recall: 0.0000e+00 - val_loss: 6.0969 - val_accuracy: 0.5000 - val_mse: 0.4972 - val_precision: 0.0000e+00 - val_recall: 0.0000e+00 - lr: 1.0000e-05
2020-08-02 15:36:03.518154: W tensorflow/core/framework/cpu_allocator_impl.cc:81] Allocation of 1073741824 exceeds 10% of free system memory.
Epoch 2/100

Epoch 00002: val_loss improved from 6.09686 to 3.05932, saving model to /cs/scratch/as521/models/checkpoints/baseline-model.h5
810/810 - 226s - loss: 4.4090 - accuracy: 0.5000 - mse: 0.4675 - precision: 0.5000 - recall: 0.0037 - val_loss: 3.0593 - val_accuracy: 0.5000 - val_mse: 0.3726 - val_precision: 0.0000e+00 - val_recall: 0.0000e+00 - lr: 1.0000e-05
Epoch 3/100

Epoch 00003: val_loss improved from 3.05932 to 1.67297, saving model to /cs/scratch/as521/models/checkpoints/baseline-model.h5
810/810 - 226s - loss: 2.2965 - accuracy: 0.5302 - mse: 0.4231 - precision: 0.7882 - recall: 0.0827 - val_loss: 1.6730 - val_accuracy: 0.5944 - val_mse: 0.3925 - val_precision: 1.0000 - val_recall: 0.1889 - lr: 1.0000e-05
Epoch 4/100

Epoch 00004: val_loss improved from 1.67297 to 1.06707, saving model to /cs/scratch/as521/models/checkpoints/baseline-model.h5
810/810 - 226s - loss: 1.3414 - accuracy: 0.5809 - mse: 0.3784 - precision: 0.7937 - recall: 0.2185 - val_loss: 1.0671 - val_accuracy: 0.6167 - val_mse: 0.3479 - val_precision: 0.9038 - val_recall: 0.2611 - lr: 1.0000e-05
Epoch 5/100

Epoch 00005: val_loss improved from 1.06707 to 0.81422, saving model to /cs/scratch/as521/models/checkpoints/baseline-model.h5
810/810 - 227s - loss: 0.9407 - accuracy: 0.6222 - mse: 0.3522 - precision: 0.8462 - recall: 0.2988 - val_loss: 0.8142 - val_accuracy: 0.6833 - val_mse: 0.2998 - val_precision: 1.0000 - val_recall: 0.3667 - lr: 1.0000e-05
Epoch 6/100

Epoch 00006: val_loss improved from 0.81422 to 0.72402, saving model to /cs/scratch/as521/models/checkpoints/baseline-model.h5
810/810 - 227s - loss: 0.7822 - accuracy: 0.6759 - mse: 0.2943 - precision: 0.8306 - recall: 0.4420 - val_loss: 0.7240 - val_accuracy: 0.7139 - val_mse: 0.2611 - val_precision: 0.9639 - val_recall: 0.4444 - lr: 1.0000e-05
Epoch 7/100

Epoch 00007: val_loss improved from 0.72402 to 0.69480, saving model to /cs/scratch/as521/models/checkpoints/baseline-model.h5
810/810 - 226s - loss: 0.7230 - accuracy: 0.7031 - mse: 0.2670 - precision: 0.8420 - recall: 0.5000 - val_loss: 0.6948 - val_accuracy: 0.7167 - val_mse: 0.2468 - val_precision: 0.9149 - val_recall: 0.4778 - lr: 1.0000e-05
Epoch 8/100

Epoch 00008: val_loss improved from 0.69480 to 0.67147, saving model to /cs/scratch/as521/models/checkpoints/baseline-model.h5
810/810 - 226s - loss: 0.6881 - accuracy: 0.7469 - mse: 0.2313 - precision: 0.8846 - recall: 0.5679 - val_loss: 0.6715 - val_accuracy: 0.7556 - val_mse: 0.2163 - val_precision: 0.9259 - val_recall: 0.5556 - lr: 1.0000e-05
Epoch 9/100

Epoch 00009: val_loss did not improve from 0.67147
810/810 - 219s - loss: 0.6602 - accuracy: 0.7883 - mse: 0.1930 - precision: 0.9177 - recall: 0.6333 - val_loss: 0.6790 - val_accuracy: 0.7000 - val_mse: 0.2666 - val_precision: 0.9500 - val_recall: 0.4222 - lr: 1.0000e-05
Epoch 10/100

Epoch 00010: val_loss improved from 0.67147 to 0.62841, saving model to /cs/scratch/as521/models/checkpoints/baseline-model.h5
810/810 - 227s - loss: 0.6448 - accuracy: 0.8062 - mse: 0.1773 - precision: 0.9321 - recall: 0.6605 - val_loss: 0.6284 - val_accuracy: 0.8333 - val_mse: 0.1415 - val_precision: 0.9286 - val_recall: 0.7222 - lr: 1.0000e-05
Epoch 11/100

Epoch 00011: val_loss did not improve from 0.62841
810/810 - 219s - loss: 0.6323 - accuracy: 0.8265 - mse: 0.1617 - precision: 0.9552 - recall: 0.6852 - val_loss: 0.6583 - val_accuracy: 0.7361 - val_mse: 0.2448 - val_precision: 0.9570 - val_recall: 0.4944 - lr: 1.0000e-05
Epoch 12/100

Epoch 00012: val_loss did not improve from 0.62841
810/810 - 219s - loss: 0.6231 - accuracy: 0.8407 - mse: 0.1465 - precision: 0.9409 - recall: 0.7272 - val_loss: 0.6880 - val_accuracy: 0.6444 - val_mse: 0.3381 - val_precision: 1.0000 - val_recall: 0.2889 - lr: 1.0000e-05
Epoch 13/100

Epoch 00013: val_loss did not improve from 0.62841
810/810 - 220s - loss: 0.6143 - accuracy: 0.8512 - mse: 0.1383 - precision: 0.9537 - recall: 0.7383 - val_loss: 0.6420 - val_accuracy: 0.7583 - val_mse: 0.2127 - val_precision: 0.9604 - val_recall: 0.5389 - lr: 1.0000e-05
Epoch 14/100

Epoch 00014: val_loss improved from 0.62841 to 0.60506, saving model to /cs/scratch/as521/models/checkpoints/baseline-model.h5
810/810 - 227s - loss: 0.6038 - accuracy: 0.8667 - mse: 0.1220 - precision: 0.9641 - recall: 0.7617 - val_loss: 0.6051 - val_accuracy: 0.8667 - val_mse: 0.1243 - val_precision: 0.9459 - val_recall: 0.7778 - lr: 1.0000e-05
Epoch 15/100

Epoch 00015: val_loss did not improve from 0.60506
810/810 - 220s - loss: 0.5940 - accuracy: 0.8870 - mse: 0.1077 - precision: 0.9772 - recall: 0.7926 - val_loss: 0.6105 - val_accuracy: 0.8472 - val_mse: 0.1388 - val_precision: 0.9195 - val_recall: 0.7611 - lr: 1.0000e-05
Epoch 16/100

Epoch 00016: val_loss did not improve from 0.60506
810/810 - 219s - loss: 0.5864 - accuracy: 0.8975 - mse: 0.0998 - precision: 0.9864 - recall: 0.8062 - val_loss: 0.6060 - val_accuracy: 0.8472 - val_mse: 0.1393 - val_precision: 0.9195 - val_recall: 0.7611 - lr: 1.0000e-05
Epoch 17/100

Epoch 00017: val_loss did not improve from 0.60506
810/810 - 219s - loss: 0.5805 - accuracy: 0.9031 - mse: 0.0915 - precision: 0.9809 - recall: 0.8222 - val_loss: 0.6168 - val_accuracy: 0.8167 - val_mse: 0.1733 - val_precision: 0.9130 - val_recall: 0.7000 - lr: 1.0000e-05
Epoch 18/100

Epoch 00018: val_loss improved from 0.60506 to 0.59688, saving model to /cs/scratch/as521/models/checkpoints/baseline-model.h5
810/810 - 225s - loss: 0.5764 - accuracy: 0.9056 - mse: 0.0885 - precision: 0.9852 - recall: 0.8235 - val_loss: 0.5969 - val_accuracy: 0.8667 - val_mse: 0.1140 - val_precision: 0.9074 - val_recall: 0.8167 - lr: 1.0000e-05
Epoch 19/100

Epoch 00019: val_loss did not improve from 0.59688
810/810 - 219s - loss: 0.5714 - accuracy: 0.9142 - mse: 0.0827 - precision: 0.9869 - recall: 0.8395 - val_loss: 0.6018 - val_accuracy: 0.8417 - val_mse: 0.1491 - val_precision: 0.9424 - val_recall: 0.7278 - lr: 1.0000e-05
Epoch 20/100

Epoch 00020: val_loss did not improve from 0.59688
810/810 - 219s - loss: 0.5697 - accuracy: 0.9142 - mse: 0.0826 - precision: 0.9841 - recall: 0.8420 - val_loss: 0.5981 - val_accuracy: 0.8472 - val_mse: 0.1397 - val_precision: 0.9195 - val_recall: 0.7611 - lr: 1.0000e-05
Epoch 21/100

Epoch 00021: val_loss did not improve from 0.59688
810/810 - 219s - loss: 0.5627 - accuracy: 0.9247 - mse: 0.0736 - precision: 0.9928 - recall: 0.8556 - val_loss: 0.6044 - val_accuracy: 0.8333 - val_mse: 0.1596 - val_precision: 0.9167 - val_recall: 0.7333 - lr: 1.0000e-05
Epoch 22/100

Epoch 00022: val_loss did not improve from 0.59688
810/810 - 219s - loss: 0.5632 - accuracy: 0.9204 - mse: 0.0762 - precision: 0.9885 - recall: 0.8506 - val_loss: 0.6166 - val_accuracy: 0.7806 - val_mse: 0.1926 - val_precision: 0.9106 - val_recall: 0.6222 - lr: 1.0000e-05
Epoch 23/100

Epoch 00023: val_loss did not improve from 0.59688
810/810 - 219s - loss: 0.5570 - accuracy: 0.9302 - mse: 0.0689 - precision: 0.9929 - recall: 0.8667 - val_loss: 0.5989 - val_accuracy: 0.8222 - val_mse: 0.1597 - val_precision: 0.9394 - val_recall: 0.6889 - lr: 1.0000e-05
Epoch 24/100

Epoch 00024: val_loss did not improve from 0.59688
810/810 - 219s - loss: 0.5560 - accuracy: 0.9290 - mse: 0.0701 - precision: 0.9901 - recall: 0.8667 - val_loss: 0.6101 - val_accuracy: 0.8000 - val_mse: 0.1869 - val_precision: 0.9091 - val_recall: 0.6667 - lr: 1.0000e-05
Epoch 25/100

Epoch 00025: val_loss improved from 0.59688 to 0.58736, saving model to /cs/scratch/as521/models/checkpoints/baseline-model.h5
810/810 - 227s - loss: 0.5569 - accuracy: 0.9259 - mse: 0.0722 - precision: 0.9873 - recall: 0.8630 - val_loss: 0.5874 - val_accuracy: 0.8611 - val_mse: 0.1298 - val_precision: 0.9221 - val_recall: 0.7889 - lr: 1.0000e-05
Epoch 26/100

Epoch 00026: val_loss did not improve from 0.58736
810/810 - 219s - loss: 0.5531 - accuracy: 0.9290 - mse: 0.0694 - precision: 0.9929 - recall: 0.8642 - val_loss: 0.5995 - val_accuracy: 0.8222 - val_mse: 0.1575 - val_precision: 0.8919 - val_recall: 0.7333 - lr: 1.0000e-05
Epoch 27/100

Epoch 00027: val_loss did not improve from 0.58736
810/810 - 219s - loss: 0.5521 - accuracy: 0.9296 - mse: 0.0686 - precision: 0.9929 - recall: 0.8654 - val_loss: 0.5934 - val_accuracy: 0.8194 - val_mse: 0.1651 - val_precision: 0.9675 - val_recall: 0.6611 - lr: 1.0000e-05
Epoch 28/100

Epoch 00028: val_loss did not improve from 0.58736
810/810 - 219s - loss: 0.5480 - accuracy: 0.9364 - mse: 0.0637 - precision: 0.9944 - recall: 0.8778 - val_loss: 0.6030 - val_accuracy: 0.8111 - val_mse: 0.1695 - val_precision: 0.8784 - val_recall: 0.7222 - lr: 1.0000e-05
Epoch 29/100

Epoch 00029: val_loss did not improve from 0.58736
810/810 - 219s - loss: 0.5469 - accuracy: 0.9358 - mse: 0.0637 - precision: 0.9930 - recall: 0.8778 - val_loss: 0.6200 - val_accuracy: 0.8028 - val_mse: 0.1696 - val_precision: 0.7685 - val_recall: 0.8667 - lr: 1.0000e-05
Epoch 30/100

Epoch 00030: val_loss did not improve from 0.58736
810/810 - 219s - loss: 0.5461 - accuracy: 0.9352 - mse: 0.0637 - precision: 0.9916 - recall: 0.8778 - val_loss: 0.5969 - val_accuracy: 0.8333 - val_mse: 0.1552 - val_precision: 0.8750 - val_recall: 0.7778 - lr: 1.0000e-05
Epoch 31/100

Epoch 00031: val_loss did not improve from 0.58736
810/810 - 219s - loss: 0.5439 - accuracy: 0.9377 - mse: 0.0614 - precision: 0.9930 - recall: 0.8815 - val_loss: 0.6259 - val_accuracy: 0.7889 - val_mse: 0.1987 - val_precision: 0.7889 - val_recall: 0.7889 - lr: 1.0000e-05
Epoch 32/100

Epoch 00032: val_loss did not improve from 0.58736
810/810 - 219s - loss: 0.5428 - accuracy: 0.9389 - mse: 0.0610 - precision: 0.9944 - recall: 0.8827 - val_loss: 0.6128 - val_accuracy: 0.7889 - val_mse: 0.1930 - val_precision: 0.8333 - val_recall: 0.7222 - lr: 1.0000e-05
Epoch 33/100

Epoch 00033: val_loss did not improve from 0.58736
810/810 - 219s - loss: 0.5445 - accuracy: 0.9333 - mse: 0.0647 - precision: 0.9944 - recall: 0.8716 - val_loss: 0.5899 - val_accuracy: 0.8389 - val_mse: 0.1516 - val_precision: 0.9122 - val_recall: 0.7500 - lr: 1.0000e-05
Epoch 34/100

Epoch 00034: val_loss did not improve from 0.58736
810/810 - 219s - loss: 0.5410 - accuracy: 0.9407 - mse: 0.0591 - precision: 0.9917 - recall: 0.8889 - val_loss: 0.5995 - val_accuracy: 0.8056 - val_mse: 0.1629 - val_precision: 0.8571 - val_recall: 0.7333 - lr: 1.0000e-05
Epoch 35/100

Epoch 00035: val_loss did not improve from 0.58736

Epoch 00035: ReduceLROnPlateau reducing learning rate to 9.999999747378752e-07.
810/810 - 219s - loss: 0.5400 - accuracy: 0.9407 - mse: 0.0593 - precision: 0.9931 - recall: 0.8877 - val_loss: 0.6001 - val_accuracy: 0.8083 - val_mse: 0.1761 - val_precision: 0.8581 - val_recall: 0.7389 - lr: 1.0000e-05
Epoch 36/100

Epoch 00036: val_loss did not improve from 0.58736
810/810 - 219s - loss: 0.5390 - accuracy: 0.9420 - mse: 0.0582 - precision: 0.9945 - recall: 0.8889 - val_loss: 0.5983 - val_accuracy: 0.8083 - val_mse: 0.1719 - val_precision: 0.8776 - val_recall: 0.7167 - lr: 1.0000e-06
Epoch 37/100

Epoch 00037: val_loss did not improve from 0.58736
810/810 - 219s - loss: 0.5386 - accuracy: 0.9414 - mse: 0.0582 - precision: 0.9945 - recall: 0.8877 - val_loss: 0.5983 - val_accuracy: 0.8194 - val_mse: 0.1682 - val_precision: 0.8710 - val_recall: 0.7500 - lr: 1.0000e-06
Epoch 38/100

Epoch 00038: val_loss did not improve from 0.58736
810/810 - 219s - loss: 0.5382 - accuracy: 0.9420 - mse: 0.0580 - precision: 0.9945 - recall: 0.8889 - val_loss: 0.5980 - val_accuracy: 0.8278 - val_mse: 0.1657 - val_precision: 0.8687 - val_recall: 0.7722 - lr: 1.0000e-06
Epoch 39/100

Epoch 00039: val_loss did not improve from 0.58736
810/810 - 219s - loss: 0.5378 - accuracy: 0.9420 - mse: 0.0580 - precision: 0.9945 - recall: 0.8889 - val_loss: 0.5997 - val_accuracy: 0.8167 - val_mse: 0.1675 - val_precision: 0.8519 - val_recall: 0.7667 - lr: 1.0000e-06
Epoch 40/100

Epoch 00040: val_loss did not improve from 0.58736
810/810 - 219s - loss: 0.5375 - accuracy: 0.9420 - mse: 0.0580 - precision: 0.9945 - recall: 0.8889 - val_loss: 0.6000 - val_accuracy: 0.8111 - val_mse: 0.1684 - val_precision: 0.8500 - val_recall: 0.7556 - lr: 1.0000e-06
Epoch 41/100

Epoch 00041: val_loss did not improve from 0.58736
810/810 - 219s - loss: 0.5370 - accuracy: 0.9420 - mse: 0.0580 - precision: 0.9945 - recall: 0.8889 - val_loss: 0.6076 - val_accuracy: 0.8028 - val_mse: 0.1791 - val_precision: 0.8303 - val_recall: 0.7611 - lr: 1.0000e-06
Epoch 42/100

Epoch 00042: val_loss did not improve from 0.58736
810/810 - 219s - loss: 0.5367 - accuracy: 0.9420 - mse: 0.0581 - precision: 0.9945 - recall: 0.8889 - val_loss: 0.6147 - val_accuracy: 0.7889 - val_mse: 0.1926 - val_precision: 0.8023 - val_recall: 0.7667 - lr: 1.0000e-06
Epoch 43/100

Epoch 00043: val_loss did not improve from 0.58736
810/810 - 219s - loss: 0.5362 - accuracy: 0.9420 - mse: 0.0580 - precision: 0.9945 - recall: 0.8889 - val_loss: 0.6191 - val_accuracy: 0.7806 - val_mse: 0.2009 - val_precision: 0.7919 - val_recall: 0.7611 - lr: 1.0000e-06
Epoch 44/100

Epoch 00044: val_loss did not improve from 0.58736
810/810 - 219s - loss: 0.5359 - accuracy: 0.9420 - mse: 0.0580 - precision: 0.9945 - recall: 0.8889 - val_loss: 0.6176 - val_accuracy: 0.7806 - val_mse: 0.1983 - val_precision: 0.7886 - val_recall: 0.7667 - lr: 1.0000e-06
Epoch 45/100

Epoch 00045: val_loss did not improve from 0.58736

Epoch 00045: ReduceLROnPlateau reducing learning rate to 9.999999974752428e-08.
810/810 - 219s - loss: 0.5357 - accuracy: 0.9420 - mse: 0.0581 - precision: 0.9945 - recall: 0.8889 - val_loss: 0.6237 - val_accuracy: 0.7917 - val_mse: 0.1998 - val_precision: 0.7838 - val_recall: 0.8056 - lr: 1.0000e-06
Epoch 00045: early stopping
Evaluating results...
Validation
[140  40]
[ 35 145]
Training
[806   4]
[ 90 720]

Total execution time:  2:47:22.541271
Final evalutaiton...
180/180 - 11s - loss: 0.6237 - accuracy: 0.7917 - mse: 0.1998 - precision: 0.7838 - recall: 0.8056
{'loss': 0.6236730217933655, 'accuracy': 0.7916666865348816, 'mse': 0.19976690411567688, 'precision': 0.7837837934494019, 'recall': 0.8055555820465088}
