WARNING:tensorflow:`epsilon` argument is deprecated and will be removed, use `min_delta` instead.
2020-08-01 11:24:14.421064: I tensorflow/stream_executor/platform/default/dso_loader.cc:44] Successfully opened dynamic library libcuda.so.1
2020-08-01 11:24:14.747857: I tensorflow/stream_executor/cuda/cuda_gpu_executor.cc:981] successful NUMA node read from SysFS had negative value (-1), but there must be at least one NUMA node, so returning NUMA node zero
2020-08-01 11:24:14.748303: I tensorflow/core/common_runtime/gpu/gpu_device.cc:1561] Found device 0 with properties: 
pciBusID: 0000:01:00.0 name: GeForce GTX 1060 6GB computeCapability: 6.1
coreClock: 1.7085GHz coreCount: 10 deviceMemorySize: 5.93GiB deviceMemoryBandwidth: 178.99GiB/s
2020-08-01 11:24:14.750049: I tensorflow/stream_executor/platform/default/dso_loader.cc:44] Successfully opened dynamic library libcudart.so.10.1
2020-08-01 11:24:14.753821: I tensorflow/stream_executor/platform/default/dso_loader.cc:44] Successfully opened dynamic library libcublas.so.10
2020-08-01 11:24:14.756998: I tensorflow/stream_executor/platform/default/dso_loader.cc:44] Successfully opened dynamic library libcufft.so.10
2020-08-01 11:24:14.757431: I tensorflow/stream_executor/platform/default/dso_loader.cc:44] Successfully opened dynamic library libcurand.so.10
2020-08-01 11:24:14.759802: I tensorflow/stream_executor/platform/default/dso_loader.cc:44] Successfully opened dynamic library libcusolver.so.10
2020-08-01 11:24:14.760780: I tensorflow/stream_executor/platform/default/dso_loader.cc:44] Successfully opened dynamic library libcusparse.so.10
2020-08-01 11:24:14.765843: I tensorflow/stream_executor/platform/default/dso_loader.cc:44] Successfully opened dynamic library libcudnn.so.7
2020-08-01 11:24:14.765990: I tensorflow/stream_executor/cuda/cuda_gpu_executor.cc:981] successful NUMA node read from SysFS had negative value (-1), but there must be at least one NUMA node, so returning NUMA node zero
2020-08-01 11:24:14.766374: I tensorflow/stream_executor/cuda/cuda_gpu_executor.cc:981] successful NUMA node read from SysFS had negative value (-1), but there must be at least one NUMA node, so returning NUMA node zero
2020-08-01 11:24:14.766668: I tensorflow/core/common_runtime/gpu/gpu_device.cc:1703] Adding visible gpu devices: 0
2020-08-01 11:24:14.768614: I tensorflow/core/platform/cpu_feature_guard.cc:143] Your CPU supports instructions that this TensorFlow binary was not compiled to use: AVX2 FMA
2020-08-01 11:24:14.775825: I tensorflow/core/platform/profile_utils/cpu_utils.cc:102] CPU Frequency: 3192000000 Hz
2020-08-01 11:24:14.775996: I tensorflow/compiler/xla/service/service.cc:168] XLA service 0xcd66ee50 initialized for platform Host (this does not guarantee that XLA will be used). Devices:
2020-08-01 11:24:14.776014: I tensorflow/compiler/xla/service/service.cc:176]   StreamExecutor device (0): Host, Default Version
2020-08-01 11:24:14.833719: I tensorflow/stream_executor/cuda/cuda_gpu_executor.cc:981] successful NUMA node read from SysFS had negative value (-1), but there must be at least one NUMA node, so returning NUMA node zero
2020-08-01 11:24:14.835114: I tensorflow/compiler/xla/service/service.cc:168] XLA service 0xcd682e40 initialized for platform CUDA (this does not guarantee that XLA will be used). Devices:
2020-08-01 11:24:14.839765: I tensorflow/compiler/xla/service/service.cc:176]   StreamExecutor device (0): GeForce GTX 1060 6GB, Compute Capability 6.1
2020-08-01 11:24:14.842801: I tensorflow/stream_executor/cuda/cuda_gpu_executor.cc:981] successful NUMA node read from SysFS had negative value (-1), but there must be at least one NUMA node, so returning NUMA node zero
2020-08-01 11:24:14.846345: I tensorflow/core/common_runtime/gpu/gpu_device.cc:1561] Found device 0 with properties: 
pciBusID: 0000:01:00.0 name: GeForce GTX 1060 6GB computeCapability: 6.1
coreClock: 1.7085GHz coreCount: 10 deviceMemorySize: 5.93GiB deviceMemoryBandwidth: 178.99GiB/s
2020-08-01 11:24:14.847179: I tensorflow/stream_executor/platform/default/dso_loader.cc:44] Successfully opened dynamic library libcudart.so.10.1
2020-08-01 11:24:14.847386: I tensorflow/stream_executor/platform/default/dso_loader.cc:44] Successfully opened dynamic library libcublas.so.10
2020-08-01 11:24:14.851540: I tensorflow/stream_executor/platform/default/dso_loader.cc:44] Successfully opened dynamic library libcufft.so.10
2020-08-01 11:24:14.852512: I tensorflow/stream_executor/platform/default/dso_loader.cc:44] Successfully opened dynamic library libcurand.so.10
2020-08-01 11:24:14.852601: I tensorflow/stream_executor/platform/default/dso_loader.cc:44] Successfully opened dynamic library libcusolver.so.10
2020-08-01 11:24:14.852668: I tensorflow/stream_executor/platform/default/dso_loader.cc:44] Successfully opened dynamic library libcusparse.so.10
2020-08-01 11:24:14.852900: I tensorflow/stream_executor/platform/default/dso_loader.cc:44] Successfully opened dynamic library libcudnn.so.7
2020-08-01 11:24:14.853532: I tensorflow/stream_executor/cuda/cuda_gpu_executor.cc:981] successful NUMA node read from SysFS had negative value (-1), but there must be at least one NUMA node, so returning NUMA node zero
2020-08-01 11:24:14.855021: I tensorflow/stream_executor/cuda/cuda_gpu_executor.cc:981] successful NUMA node read from SysFS had negative value (-1), but there must be at least one NUMA node, so returning NUMA node zero
2020-08-01 11:24:14.858131: I tensorflow/core/common_runtime/gpu/gpu_device.cc:1703] Adding visible gpu devices: 0
2020-08-01 11:24:14.859186: I tensorflow/stream_executor/platform/default/dso_loader.cc:44] Successfully opened dynamic library libcudart.so.10.1
2020-08-01 11:24:14.864879: I tensorflow/core/common_runtime/gpu/gpu_device.cc:1102] Device interconnect StreamExecutor with strength 1 edge matrix:
2020-08-01 11:24:14.864970: I tensorflow/core/common_runtime/gpu/gpu_device.cc:1108]      0 
2020-08-01 11:24:14.865028: I tensorflow/core/common_runtime/gpu/gpu_device.cc:1121] 0:   N 
2020-08-01 11:24:14.865525: I tensorflow/stream_executor/cuda/cuda_gpu_executor.cc:981] successful NUMA node read from SysFS had negative value (-1), but there must be at least one NUMA node, so returning NUMA node zero
2020-08-01 11:24:14.873119: I tensorflow/stream_executor/cuda/cuda_gpu_executor.cc:981] successful NUMA node read from SysFS had negative value (-1), but there must be at least one NUMA node, so returning NUMA node zero
2020-08-01 11:24:14.874721: I tensorflow/core/common_runtime/gpu/gpu_device.cc:1247] Created TensorFlow device (/job:localhost/replica:0/task:0/device:GPU:0 with 5646 MB memory) -> physical GPU (device: 0, name: GeForce GTX 1060 6GB, pci bus id: 0000:01:00.0, compute capability: 6.1)
2020-08-01 11:24:15.720782: W tensorflow/core/framework/cpu_allocator_impl.cc:81] Allocation of 1698693120 exceeds 10% of free system memory.
2020-08-01 11:24:17.782422: I tensorflow/stream_executor/platform/default/dso_loader.cc:44] Successfully opened dynamic library libcublas.so.10
2020-08-01 11:24:17.902014: I tensorflow/stream_executor/platform/default/dso_loader.cc:44] Successfully opened dynamic library libcudnn.so.7
2020-08-01 11:24:19.144681: W tensorflow/core/common_runtime/bfc_allocator.cc:245] Allocator (GPU_0_bfc) ran out of memory trying to allocate 1.78GiB with freed_by_count=0. The caller indicates that this is not a failure, but may mean that there could be performance gains if more memory were available.
2020-08-01 11:24:19.254732: W tensorflow/core/common_runtime/bfc_allocator.cc:245] Allocator (GPU_0_bfc) ran out of memory trying to allocate 3.14GiB with freed_by_count=0. The caller indicates that this is not a failure, but may mean that there could be performance gains if more memory were available.
2020-08-01 11:24:19.294784: W tensorflow/core/common_runtime/bfc_allocator.cc:245] Allocator (GPU_0_bfc) ran out of memory trying to allocate 2.10GiB with freed_by_count=0. The caller indicates that this is not a failure, but may mean that there could be performance gains if more memory were available.
2020-08-01 11:24:19.403345: W tensorflow/core/common_runtime/bfc_allocator.cc:245] Allocator (GPU_0_bfc) ran out of memory trying to allocate 2.08GiB with freed_by_count=0. The caller indicates that this is not a failure, but may mean that there could be performance gains if more memory were available.
2020-08-01 11:24:19.415178: W tensorflow/core/common_runtime/bfc_allocator.cc:245] Allocator (GPU_0_bfc) ran out of memory trying to allocate 2.10GiB with freed_by_count=0. The caller indicates that this is not a failure, but may mean that there could be performance gains if more memory were available.
2020-08-01 11:24:19.443595: W tensorflow/core/common_runtime/bfc_allocator.cc:245] Allocator (GPU_0_bfc) ran out of memory trying to allocate 3.13GiB with freed_by_count=0. The caller indicates that this is not a failure, but may mean that there could be performance gains if more memory were available.
2020-08-01 11:24:19.483988: W tensorflow/core/common_runtime/bfc_allocator.cc:245] Allocator (GPU_0_bfc) ran out of memory trying to allocate 3.11GiB with freed_by_count=0. The caller indicates that this is not a failure, but may mean that there could be performance gains if more memory were available.
2020-08-01 11:24:19.673785: W tensorflow/core/common_runtime/bfc_allocator.cc:245] Allocator (GPU_0_bfc) ran out of memory trying to allocate 1.78GiB with freed_by_count=0. The caller indicates that this is not a failure, but may mean that there could be performance gains if more memory were available.
2020-08-01 11:24:19.789486: W tensorflow/core/common_runtime/bfc_allocator.cc:245] Allocator (GPU_0_bfc) ran out of memory trying to allocate 1.78GiB with freed_by_count=0. The caller indicates that this is not a failure, but may mean that there could be performance gains if more memory were available.
2020-08-01 11:27:59.537051: W tensorflow/core/framework/cpu_allocator_impl.cc:81] Allocation of 1073741824 exceeds 10% of free system memory.
2020-08-01 11:28:01.092969: W tensorflow/core/framework/cpu_allocator_impl.cc:81] Allocation of 1073741824 exceeds 10% of free system memory.
2020-08-01 11:28:01.792723: W tensorflow/core/framework/cpu_allocator_impl.cc:81] Allocation of 1073741824 exceeds 10% of free system memory.
Preparing...
Loading dataset...
Creating the model...
Model: "sequential"
_________________________________________________________________
Layer (type)                 Output Shape              Param #   
=================================================================
conv2d (Conv2D)              (None, 502, 502, 96)      11712     
_________________________________________________________________
batch_normalization (BatchNo (None, 502, 502, 96)      384       
_________________________________________________________________
activation (Activation)      (None, 502, 502, 96)      0         
_________________________________________________________________
max_pooling2d (MaxPooling2D) (None, 167, 167, 96)      0         
_________________________________________________________________
conv2d_1 (Conv2D)            (None, 163, 163, 384)     921984    
_________________________________________________________________
activation_1 (Activation)    (None, 163, 163, 384)     0         
_________________________________________________________________
max_pooling2d_1 (MaxPooling2 (None, 54, 54, 384)       0         
_________________________________________________________________
conv2d_2 (Conv2D)            (None, 52, 52, 384)       1327488   
_________________________________________________________________
conv2d_3 (Conv2D)            (None, 50, 50, 256)       884992    
_________________________________________________________________
conv2d_4 (Conv2D)            (None, 48, 48, 256)       590080    
_________________________________________________________________
activation_2 (Activation)    (None, 48, 48, 256)       0         
_________________________________________________________________
max_pooling2d_2 (MaxPooling2 (None, 16, 16, 256)       0         
_________________________________________________________________
flatten (Flatten)            (None, 65536)             0         
_________________________________________________________________
dense (Dense)                (None, 4096)              268439552 
_________________________________________________________________
dropout (Dropout)            (None, 4096)              0         
_________________________________________________________________
dense_1 (Dense)              (None, 4096)              16781312  
_________________________________________________________________
dropout_1 (Dropout)          (None, 4096)              0         
_________________________________________________________________
dense_2 (Dense)              (None, 1)                 4097      
=================================================================
Total params: 288,961,601
Trainable params: 288,961,409
Non-trainable params: 192
_________________________________________________________________
None
Training the model...
Epoch 1/100

Epoch 00001: val_loss improved from inf to 49.00215, saving model to /cs/scratch/as521/models/checkpoints/baseline-model.h5
810/810 - 225s - loss: 76.2227 - accuracy: 0.4981 - mse: 0.4792 - precision: 0.0000e+00 - recall: 0.0000e+00 - val_loss: 49.0021 - val_accuracy: 0.5000 - val_mse: 0.4344 - val_precision: 0.0000e+00 - val_recall: 0.0000e+00 - lr: 1.0000e-05
2020-08-01 11:31:45.849277: W tensorflow/core/framework/cpu_allocator_impl.cc:81] Allocation of 1073741824 exceeds 10% of free system memory.
Epoch 2/100

Epoch 00002: val_loss improved from 49.00215 to 20.11558, saving model to /cs/scratch/as521/models/checkpoints/baseline-model.h5
810/810 - 227s - loss: 32.7194 - accuracy: 0.5228 - mse: 0.3879 - precision: 0.7342 - recall: 0.0716 - val_loss: 20.1156 - val_accuracy: 0.6333 - val_mse: 0.2764 - val_precision: 1.0000 - val_recall: 0.2667 - lr: 1.0000e-05
Epoch 3/100

Epoch 00003: val_loss improved from 20.11558 to 7.51447, saving model to /cs/scratch/as521/models/checkpoints/baseline-model.h5
810/810 - 227s - loss: 12.9162 - accuracy: 0.6142 - mse: 0.3402 - precision: 0.8599 - recall: 0.2728 - val_loss: 7.5145 - val_accuracy: 0.6194 - val_mse: 0.3362 - val_precision: 0.7172 - val_recall: 0.3944 - lr: 1.0000e-05
Epoch 4/100

Epoch 00004: val_loss improved from 7.51447 to 2.62898, saving model to /cs/scratch/as521/models/checkpoints/baseline-model.h5
810/810 - 228s - loss: 4.6550 - accuracy: 0.6204 - mse: 0.3218 - precision: 0.7964 - recall: 0.3235 - val_loss: 2.6290 - val_accuracy: 0.6333 - val_mse: 0.3111 - val_precision: 0.7308 - val_recall: 0.4222 - lr: 1.0000e-05
Epoch 5/100

Epoch 00005: val_loss improved from 2.62898 to 1.14322, saving model to /cs/scratch/as521/models/checkpoints/baseline-model.h5
810/810 - 227s - loss: 1.6970 - accuracy: 0.6469 - mse: 0.3079 - precision: 0.8500 - recall: 0.3568 - val_loss: 1.1432 - val_accuracy: 0.6139 - val_mse: 0.3367 - val_precision: 0.6158 - val_recall: 0.6056 - lr: 1.0000e-05
Epoch 6/100

Epoch 00006: val_loss improved from 1.14322 to 0.71010, saving model to /cs/scratch/as521/models/checkpoints/baseline-model.h5
810/810 - 227s - loss: 0.8632 - accuracy: 0.6784 - mse: 0.2852 - precision: 0.8640 - recall: 0.4235 - val_loss: 0.7101 - val_accuracy: 0.7139 - val_mse: 0.2504 - val_precision: 0.9425 - val_recall: 0.4556 - lr: 1.0000e-05
Epoch 7/100

Epoch 00007: val_loss did not improve from 0.71010
810/810 - 220s - loss: 0.6851 - accuracy: 0.7006 - mse: 0.2678 - precision: 0.8619 - recall: 0.4778 - val_loss: 0.7674 - val_accuracy: 0.5611 - val_mse: 0.3873 - val_precision: 0.5455 - val_recall: 0.7333 - lr: 1.0000e-05
Epoch 8/100

Epoch 00008: val_loss improved from 0.71010 to 0.63094, saving model to /cs/scratch/as521/models/checkpoints/baseline-model.h5
810/810 - 227s - loss: 0.6565 - accuracy: 0.6944 - mse: 0.2711 - precision: 0.8889 - recall: 0.4444 - val_loss: 0.6309 - val_accuracy: 0.7194 - val_mse: 0.2453 - val_precision: 0.9540 - val_recall: 0.4611 - lr: 1.0000e-05
Epoch 9/100

Epoch 00009: val_loss did not improve from 0.63094
810/810 - 219s - loss: 0.6405 - accuracy: 0.7198 - mse: 0.2516 - precision: 0.9083 - recall: 0.4889 - val_loss: 0.6346 - val_accuracy: 0.7444 - val_mse: 0.2258 - val_precision: 0.8793 - val_recall: 0.5667 - lr: 1.0000e-05
Epoch 10/100

Epoch 00010: val_loss improved from 0.63094 to 0.61996, saving model to /cs/scratch/as521/models/checkpoints/baseline-model.h5
810/810 - 227s - loss: 0.6341 - accuracy: 0.7278 - mse: 0.2432 - precision: 0.9146 - recall: 0.5025 - val_loss: 0.6200 - val_accuracy: 0.7417 - val_mse: 0.2405 - val_precision: 1.0000 - val_recall: 0.4833 - lr: 1.0000e-05
Epoch 11/100

Epoch 00011: val_loss did not improve from 0.61996
810/810 - 219s - loss: 0.6243 - accuracy: 0.7475 - mse: 0.2229 - precision: 0.9330 - recall: 0.5333 - val_loss: 0.6230 - val_accuracy: 0.7528 - val_mse: 0.2208 - val_precision: 0.8824 - val_recall: 0.5833 - lr: 1.0000e-05
Epoch 12/100

Epoch 00012: val_loss improved from 0.61996 to 0.61241, saving model to /cs/scratch/as521/models/checkpoints/baseline-model.h5
810/810 - 227s - loss: 0.6147 - accuracy: 0.7796 - mse: 0.1983 - precision: 0.9381 - recall: 0.5988 - val_loss: 0.6124 - val_accuracy: 0.7889 - val_mse: 0.2057 - val_precision: 0.9483 - val_recall: 0.6111 - lr: 1.0000e-05
Epoch 13/100

Epoch 00013: val_loss did not improve from 0.61241
810/810 - 219s - loss: 0.6056 - accuracy: 0.8043 - mse: 0.1814 - precision: 0.9625 - recall: 0.6333 - val_loss: 0.6268 - val_accuracy: 0.7194 - val_mse: 0.2546 - val_precision: 1.0000 - val_recall: 0.4389 - lr: 1.0000e-05
Epoch 14/100

Epoch 00014: val_loss did not improve from 0.61241
810/810 - 220s - loss: 0.6014 - accuracy: 0.8093 - mse: 0.1750 - precision: 0.9682 - recall: 0.6395 - val_loss: 0.6213 - val_accuracy: 0.7361 - val_mse: 0.2401 - val_precision: 1.0000 - val_recall: 0.4722 - lr: 1.0000e-05
Epoch 15/100

Epoch 00015: val_loss did not improve from 0.61241
810/810 - 219s - loss: 0.5976 - accuracy: 0.8154 - mse: 0.1671 - precision: 0.9637 - recall: 0.6556 - val_loss: 0.6267 - val_accuracy: 0.7583 - val_mse: 0.2178 - val_precision: 0.8298 - val_recall: 0.6500 - lr: 1.0000e-05
Epoch 16/100

Epoch 00016: val_loss did not improve from 0.61241
810/810 - 220s - loss: 0.5912 - accuracy: 0.8327 - mse: 0.1559 - precision: 0.9787 - recall: 0.6802 - val_loss: 0.6471 - val_accuracy: 0.7361 - val_mse: 0.2301 - val_precision: 0.7429 - val_recall: 0.7222 - lr: 1.0000e-05
Epoch 17/100

Epoch 00017: val_loss did not improve from 0.61241
810/810 - 220s - loss: 0.5878 - accuracy: 0.8438 - mse: 0.1475 - precision: 0.9843 - recall: 0.6988 - val_loss: 0.6161 - val_accuracy: 0.7528 - val_mse: 0.2252 - val_precision: 0.9789 - val_recall: 0.5167 - lr: 1.0000e-05
Epoch 18/100

Epoch 00018: val_loss did not improve from 0.61241
810/810 - 219s - loss: 0.5872 - accuracy: 0.8444 - mse: 0.1477 - precision: 0.9827 - recall: 0.7012 - val_loss: 0.6403 - val_accuracy: 0.7500 - val_mse: 0.2347 - val_precision: 0.7848 - val_recall: 0.6889 - lr: 1.0000e-05
Epoch 19/100

Epoch 00019: val_loss did not improve from 0.61241

Epoch 00019: ReduceLROnPlateau reducing learning rate to 9.999999747378752e-07.
810/810 - 219s - loss: 0.5818 - accuracy: 0.8580 - mse: 0.1369 - precision: 0.9866 - recall: 0.7259 - val_loss: 0.6176 - val_accuracy: 0.7861 - val_mse: 0.2093 - val_precision: 0.8759 - val_recall: 0.6667 - lr: 1.0000e-05
Epoch 20/100

Epoch 00020: val_loss did not improve from 0.61241
810/810 - 219s - loss: 0.5726 - accuracy: 0.8759 - mse: 0.1214 - precision: 0.9935 - recall: 0.7568 - val_loss: 0.6180 - val_accuracy: 0.7722 - val_mse: 0.2057 - val_precision: 0.8451 - val_recall: 0.6667 - lr: 1.0000e-06
Epoch 21/100

Epoch 00021: val_loss did not improve from 0.61241
810/810 - 219s - loss: 0.5712 - accuracy: 0.8765 - mse: 0.1178 - precision: 0.9935 - recall: 0.7580 - val_loss: 0.6158 - val_accuracy: 0.7861 - val_mse: 0.2003 - val_precision: 0.8503 - val_recall: 0.6944 - lr: 1.0000e-06
Epoch 22/100

Epoch 00022: val_loss did not improve from 0.61241
810/810 - 219s - loss: 0.5700 - accuracy: 0.8802 - mse: 0.1169 - precision: 0.9936 - recall: 0.7654 - val_loss: 0.6242 - val_accuracy: 0.7667 - val_mse: 0.2038 - val_precision: 0.8077 - val_recall: 0.7000 - lr: 1.0000e-06
Epoch 23/100

Epoch 00023: val_loss did not improve from 0.61241
810/810 - 220s - loss: 0.5689 - accuracy: 0.8821 - mse: 0.1142 - precision: 0.9936 - recall: 0.7691 - val_loss: 0.6170 - val_accuracy: 0.7778 - val_mse: 0.2017 - val_precision: 0.8472 - val_recall: 0.6778 - lr: 1.0000e-06
Epoch 24/100

Epoch 00024: val_loss did not improve from 0.61241
810/810 - 220s - loss: 0.5682 - accuracy: 0.8827 - mse: 0.1136 - precision: 0.9936 - recall: 0.7704 - val_loss: 0.6212 - val_accuracy: 0.7750 - val_mse: 0.2027 - val_precision: 0.8414 - val_recall: 0.6778 - lr: 1.0000e-06
Epoch 25/100

Epoch 00025: val_loss did not improve from 0.61241
810/810 - 220s - loss: 0.5674 - accuracy: 0.8870 - mse: 0.1114 - precision: 0.9937 - recall: 0.7790 - val_loss: 0.6165 - val_accuracy: 0.7722 - val_mse: 0.2061 - val_precision: 0.8451 - val_recall: 0.6667 - lr: 1.0000e-06
Epoch 26/100

Epoch 00026: val_loss did not improve from 0.61241

Epoch 00026: ReduceLROnPlateau reducing learning rate to 9.999999974752428e-08.
810/810 - 219s - loss: 0.5674 - accuracy: 0.8858 - mse: 0.1118 - precision: 0.9937 - recall: 0.7765 - val_loss: 0.6347 - val_accuracy: 0.7472 - val_mse: 0.2248 - val_precision: 0.7730 - val_recall: 0.7000 - lr: 1.0000e-06
Epoch 27/100

Epoch 00027: val_loss did not improve from 0.61241
810/810 - 219s - loss: 0.5664 - accuracy: 0.8864 - mse: 0.1095 - precision: 0.9937 - recall: 0.7778 - val_loss: 0.6237 - val_accuracy: 0.7611 - val_mse: 0.2070 - val_precision: 0.8052 - val_recall: 0.6889 - lr: 1.0000e-07
Epoch 00027: early stopping
Evaluating results...
Validation
[150  30]
[ 56 124]
Training
[806   4]
[177 633]

Total execution time:  1:41:19.952908
Final evalutaiton...
180/180 - 11s - loss: 0.6237 - accuracy: 0.7611 - mse: 0.2070 - precision: 0.8052 - recall: 0.6889
{'loss': 0.6236764788627625, 'accuracy': 0.7611111402511597, 'mse': 0.20695702731609344, 'precision': 0.8051947951316833, 'recall': 0.6888889074325562}
