WARNING:tensorflow:`epsilon` argument is deprecated and will be removed, use `min_delta` instead.
2020-08-02 19:51:07.388445: I tensorflow/stream_executor/platform/default/dso_loader.cc:44] Successfully opened dynamic library libcuda.so.1
2020-08-02 19:51:07.703791: I tensorflow/stream_executor/cuda/cuda_gpu_executor.cc:981] successful NUMA node read from SysFS had negative value (-1), but there must be at least one NUMA node, so returning NUMA node zero
2020-08-02 19:51:07.704445: I tensorflow/core/common_runtime/gpu/gpu_device.cc:1561] Found device 0 with properties: 
pciBusID: 0000:01:00.0 name: GeForce GTX 1060 6GB computeCapability: 6.1
coreClock: 1.7085GHz coreCount: 10 deviceMemorySize: 5.93GiB deviceMemoryBandwidth: 178.99GiB/s
2020-08-02 19:51:07.706082: I tensorflow/stream_executor/platform/default/dso_loader.cc:44] Successfully opened dynamic library libcudart.so.10.1
2020-08-02 19:51:07.711882: I tensorflow/stream_executor/platform/default/dso_loader.cc:44] Successfully opened dynamic library libcublas.so.10
2020-08-02 19:51:07.716190: I tensorflow/stream_executor/platform/default/dso_loader.cc:44] Successfully opened dynamic library libcufft.so.10
2020-08-02 19:51:07.716872: I tensorflow/stream_executor/platform/default/dso_loader.cc:44] Successfully opened dynamic library libcurand.so.10
2020-08-02 19:51:07.720647: I tensorflow/stream_executor/platform/default/dso_loader.cc:44] Successfully opened dynamic library libcusolver.so.10
2020-08-02 19:51:07.721998: I tensorflow/stream_executor/platform/default/dso_loader.cc:44] Successfully opened dynamic library libcusparse.so.10
2020-08-02 19:51:07.729858: I tensorflow/stream_executor/platform/default/dso_loader.cc:44] Successfully opened dynamic library libcudnn.so.7
2020-08-02 19:51:07.730023: I tensorflow/stream_executor/cuda/cuda_gpu_executor.cc:981] successful NUMA node read from SysFS had negative value (-1), but there must be at least one NUMA node, so returning NUMA node zero
2020-08-02 19:51:07.730471: I tensorflow/stream_executor/cuda/cuda_gpu_executor.cc:981] successful NUMA node read from SysFS had negative value (-1), but there must be at least one NUMA node, so returning NUMA node zero
2020-08-02 19:51:07.735283: I tensorflow/core/common_runtime/gpu/gpu_device.cc:1703] Adding visible gpu devices: 0
2020-08-02 19:51:07.735567: I tensorflow/core/platform/cpu_feature_guard.cc:143] Your CPU supports instructions that this TensorFlow binary was not compiled to use: AVX2 FMA
2020-08-02 19:51:07.741632: I tensorflow/core/platform/profile_utils/cpu_utils.cc:102] CPU Frequency: 3192000000 Hz
2020-08-02 19:51:07.741914: I tensorflow/compiler/xla/service/service.cc:168] XLA service 0xcd930580 initialized for platform Host (this does not guarantee that XLA will be used). Devices:
2020-08-02 19:51:07.744052: I tensorflow/compiler/xla/service/service.cc:176]   StreamExecutor device (0): Host, Default Version
2020-08-02 19:51:07.796918: I tensorflow/stream_executor/cuda/cuda_gpu_executor.cc:981] successful NUMA node read from SysFS had negative value (-1), but there must be at least one NUMA node, so returning NUMA node zero
2020-08-02 19:51:07.797436: I tensorflow/compiler/xla/service/service.cc:168] XLA service 0xcd944570 initialized for platform CUDA (this does not guarantee that XLA will be used). Devices:
2020-08-02 19:51:07.799939: I tensorflow/compiler/xla/service/service.cc:176]   StreamExecutor device (0): GeForce GTX 1060 6GB, Compute Capability 6.1
2020-08-02 19:51:07.802356: I tensorflow/stream_executor/cuda/cuda_gpu_executor.cc:981] successful NUMA node read from SysFS had negative value (-1), but there must be at least one NUMA node, so returning NUMA node zero
2020-08-02 19:51:07.803824: I tensorflow/core/common_runtime/gpu/gpu_device.cc:1561] Found device 0 with properties: 
pciBusID: 0000:01:00.0 name: GeForce GTX 1060 6GB computeCapability: 6.1
coreClock: 1.7085GHz coreCount: 10 deviceMemorySize: 5.93GiB deviceMemoryBandwidth: 178.99GiB/s
2020-08-02 19:51:07.805240: I tensorflow/stream_executor/platform/default/dso_loader.cc:44] Successfully opened dynamic library libcudart.so.10.1
2020-08-02 19:51:07.805267: I tensorflow/stream_executor/platform/default/dso_loader.cc:44] Successfully opened dynamic library libcublas.so.10
2020-08-02 19:51:07.805284: I tensorflow/stream_executor/platform/default/dso_loader.cc:44] Successfully opened dynamic library libcufft.so.10
2020-08-02 19:51:07.805299: I tensorflow/stream_executor/platform/default/dso_loader.cc:44] Successfully opened dynamic library libcurand.so.10
2020-08-02 19:51:07.805315: I tensorflow/stream_executor/platform/default/dso_loader.cc:44] Successfully opened dynamic library libcusolver.so.10
2020-08-02 19:51:07.805330: I tensorflow/stream_executor/platform/default/dso_loader.cc:44] Successfully opened dynamic library libcusparse.so.10
2020-08-02 19:51:07.805345: I tensorflow/stream_executor/platform/default/dso_loader.cc:44] Successfully opened dynamic library libcudnn.so.7
2020-08-02 19:51:07.805415: I tensorflow/stream_executor/cuda/cuda_gpu_executor.cc:981] successful NUMA node read from SysFS had negative value (-1), but there must be at least one NUMA node, so returning NUMA node zero
2020-08-02 19:51:07.805736: I tensorflow/stream_executor/cuda/cuda_gpu_executor.cc:981] successful NUMA node read from SysFS had negative value (-1), but there must be at least one NUMA node, so returning NUMA node zero
2020-08-02 19:51:07.806011: I tensorflow/core/common_runtime/gpu/gpu_device.cc:1703] Adding visible gpu devices: 0
2020-08-02 19:51:07.806058: I tensorflow/stream_executor/platform/default/dso_loader.cc:44] Successfully opened dynamic library libcudart.so.10.1
2020-08-02 19:51:07.806998: I tensorflow/core/common_runtime/gpu/gpu_device.cc:1102] Device interconnect StreamExecutor with strength 1 edge matrix:
2020-08-02 19:51:07.807013: I tensorflow/core/common_runtime/gpu/gpu_device.cc:1108]      0 
2020-08-02 19:51:07.807038: I tensorflow/core/common_runtime/gpu/gpu_device.cc:1121] 0:   N 
2020-08-02 19:51:07.807189: I tensorflow/stream_executor/cuda/cuda_gpu_executor.cc:981] successful NUMA node read from SysFS had negative value (-1), but there must be at least one NUMA node, so returning NUMA node zero
2020-08-02 19:51:07.811077: I tensorflow/stream_executor/cuda/cuda_gpu_executor.cc:981] successful NUMA node read from SysFS had negative value (-1), but there must be at least one NUMA node, so returning NUMA node zero
2020-08-02 19:51:07.811764: I tensorflow/core/common_runtime/gpu/gpu_device.cc:1247] Created TensorFlow device (/job:localhost/replica:0/task:0/device:GPU:0 with 5646 MB memory) -> physical GPU (device: 0, name: GeForce GTX 1060 6GB, pci bus id: 0000:01:00.0, compute capability: 6.1)
2020-08-02 19:51:10.086252: I tensorflow/stream_executor/platform/default/dso_loader.cc:44] Successfully opened dynamic library libcublas.so.10
2020-08-02 19:51:10.204168: I tensorflow/stream_executor/platform/default/dso_loader.cc:44] Successfully opened dynamic library libcudnn.so.7
2020-08-02 19:51:11.461872: W tensorflow/core/common_runtime/bfc_allocator.cc:245] Allocator (GPU_0_bfc) ran out of memory trying to allocate 1.78GiB with freed_by_count=0. The caller indicates that this is not a failure, but may mean that there could be performance gains if more memory were available.
2020-08-02 19:51:11.571010: W tensorflow/core/common_runtime/bfc_allocator.cc:245] Allocator (GPU_0_bfc) ran out of memory trying to allocate 3.14GiB with freed_by_count=0. The caller indicates that this is not a failure, but may mean that there could be performance gains if more memory were available.
2020-08-02 19:51:11.611048: W tensorflow/core/common_runtime/bfc_allocator.cc:245] Allocator (GPU_0_bfc) ran out of memory trying to allocate 2.10GiB with freed_by_count=0. The caller indicates that this is not a failure, but may mean that there could be performance gains if more memory were available.
2020-08-02 19:51:11.719625: W tensorflow/core/common_runtime/bfc_allocator.cc:245] Allocator (GPU_0_bfc) ran out of memory trying to allocate 2.08GiB with freed_by_count=0. The caller indicates that this is not a failure, but may mean that there could be performance gains if more memory were available.
2020-08-02 19:51:11.731444: W tensorflow/core/common_runtime/bfc_allocator.cc:245] Allocator (GPU_0_bfc) ran out of memory trying to allocate 2.10GiB with freed_by_count=0. The caller indicates that this is not a failure, but may mean that there could be performance gains if more memory were available.
2020-08-02 19:51:11.760284: W tensorflow/core/common_runtime/bfc_allocator.cc:245] Allocator (GPU_0_bfc) ran out of memory trying to allocate 3.13GiB with freed_by_count=0. The caller indicates that this is not a failure, but may mean that there could be performance gains if more memory were available.
2020-08-02 19:51:11.801072: W tensorflow/core/common_runtime/bfc_allocator.cc:245] Allocator (GPU_0_bfc) ran out of memory trying to allocate 3.11GiB with freed_by_count=0. The caller indicates that this is not a failure, but may mean that there could be performance gains if more memory were available.
2020-08-02 19:51:11.992193: W tensorflow/core/common_runtime/bfc_allocator.cc:245] Allocator (GPU_0_bfc) ran out of memory trying to allocate 1.78GiB with freed_by_count=0. The caller indicates that this is not a failure, but may mean that there could be performance gains if more memory were available.
2020-08-02 19:51:12.108238: W tensorflow/core/common_runtime/bfc_allocator.cc:245] Allocator (GPU_0_bfc) ran out of memory trying to allocate 1.78GiB with freed_by_count=0. The caller indicates that this is not a failure, but may mean that there could be performance gains if more memory were available.
2020-08-02 19:54:51.393766: W tensorflow/core/framework/cpu_allocator_impl.cc:81] Allocation of 1073741824 exceeds 10% of free system memory.
2020-08-02 19:54:53.183733: W tensorflow/core/framework/cpu_allocator_impl.cc:81] Allocation of 1073741824 exceeds 10% of free system memory.
2020-08-02 19:54:54.444058: W tensorflow/core/framework/cpu_allocator_impl.cc:81] Allocation of 1073741824 exceeds 10% of free system memory.
Preparing...
Loading dataset...
Creating the model...
Model: "sequential"
_________________________________________________________________
Layer (type)                 Output Shape              Param #   
=================================================================
conv2d (Conv2D)              (None, 502, 502, 96)      11712     
_________________________________________________________________
batch_normalization (BatchNo (None, 502, 502, 96)      384       
_________________________________________________________________
activation (Activation)      (None, 502, 502, 96)      0         
_________________________________________________________________
max_pooling2d (MaxPooling2D) (None, 167, 167, 96)      0         
_________________________________________________________________
conv2d_1 (Conv2D)            (None, 163, 163, 384)     921984    
_________________________________________________________________
activation_1 (Activation)    (None, 163, 163, 384)     0         
_________________________________________________________________
max_pooling2d_1 (MaxPooling2 (None, 54, 54, 384)       0         
_________________________________________________________________
conv2d_2 (Conv2D)            (None, 52, 52, 384)       1327488   
_________________________________________________________________
conv2d_3 (Conv2D)            (None, 50, 50, 256)       884992    
_________________________________________________________________
conv2d_4 (Conv2D)            (None, 48, 48, 256)       590080    
_________________________________________________________________
activation_2 (Activation)    (None, 48, 48, 256)       0         
_________________________________________________________________
max_pooling2d_2 (MaxPooling2 (None, 16, 16, 256)       0         
_________________________________________________________________
flatten (Flatten)            (None, 65536)             0         
_________________________________________________________________
dense (Dense)                (None, 4096)              268439552 
_________________________________________________________________
dropout (Dropout)            (None, 4096)              0         
_________________________________________________________________
dense_1 (Dense)              (None, 4096)              16781312  
_________________________________________________________________
dropout_1 (Dropout)          (None, 4096)              0         
_________________________________________________________________
dense_2 (Dense)              (None, 1)                 4097      
=================================================================
Total params: 288,961,601
Trainable params: 288,961,409
Non-trainable params: 192
_________________________________________________________________
None
Training the model...
Epoch 1/100

Epoch 00001: val_loss improved from inf to 1.43603, saving model to /cs/scratch/as521/models/checkpoints/baseline-model.h5
810/810 - 225s - loss: 1.6185 - accuracy: 0.4994 - mse: 0.4991 - precision: 0.0000e+00 - recall: 0.0000e+00 - val_loss: 1.4360 - val_accuracy: 0.5000 - val_mse: 0.4999 - val_precision: 0.0000e+00 - val_recall: 0.0000e+00 - lr: 1.0000e-05
2020-08-02 19:58:38.580915: W tensorflow/core/framework/cpu_allocator_impl.cc:81] Allocation of 1073741824 exceeds 10% of free system memory.
2020-08-02 19:58:40.511236: W tensorflow/core/framework/cpu_allocator_impl.cc:81] Allocation of 1073741824 exceeds 10% of free system memory.
Epoch 2/100

Epoch 00002: val_loss improved from 1.43603 to 1.14150, saving model to /cs/scratch/as521/models/checkpoints/baseline-model.h5
810/810 - 227s - loss: 1.2805 - accuracy: 0.5000 - mse: 0.4995 - precision: 0.0000e+00 - recall: 0.0000e+00 - val_loss: 1.1415 - val_accuracy: 0.5000 - val_mse: 0.4982 - val_precision: 0.0000e+00 - val_recall: 0.0000e+00 - lr: 1.0000e-05
Epoch 3/100

Epoch 00003: val_loss improved from 1.14150 to 0.94402, saving model to /cs/scratch/as521/models/checkpoints/baseline-model.h5
810/810 - 227s - loss: 1.0358 - accuracy: 0.5000 - mse: 0.4989 - precision: 0.0000e+00 - recall: 0.0000e+00 - val_loss: 0.9440 - val_accuracy: 0.5000 - val_mse: 0.5000 - val_precision: 0.0000e+00 - val_recall: 0.0000e+00 - lr: 1.0000e-05
Epoch 4/100

Epoch 00004: val_loss improved from 0.94402 to 0.83246, saving model to /cs/scratch/as521/models/checkpoints/baseline-model.h5
810/810 - 228s - loss: 0.8842 - accuracy: 0.5000 - mse: 0.4999 - precision: 0.0000e+00 - recall: 0.0000e+00 - val_loss: 0.8325 - val_accuracy: 0.5000 - val_mse: 0.4998 - val_precision: 0.0000e+00 - val_recall: 0.0000e+00 - lr: 1.0000e-05
Epoch 5/100

Epoch 00005: val_loss improved from 0.83246 to 0.76569, saving model to /cs/scratch/as521/models/checkpoints/baseline-model.h5
810/810 - 228s - loss: 0.7963 - accuracy: 0.5000 - mse: 0.4989 - precision: 0.0000e+00 - recall: 0.0000e+00 - val_loss: 0.7657 - val_accuracy: 0.5000 - val_mse: 0.4908 - val_precision: 0.0000e+00 - val_recall: 0.0000e+00 - lr: 1.0000e-05
Epoch 6/100

Epoch 00006: val_loss improved from 0.76569 to 0.73783, saving model to /cs/scratch/as521/models/checkpoints/baseline-model.h5
810/810 - 227s - loss: 0.7528 - accuracy: 0.5000 - mse: 0.4929 - precision: 0.0000e+00 - recall: 0.0000e+00 - val_loss: 0.7378 - val_accuracy: 0.5000 - val_mse: 0.5000 - val_precision: 0.0000e+00 - val_recall: 0.0000e+00 - lr: 1.0000e-05
Epoch 7/100

Epoch 00007: val_loss improved from 0.73783 to 0.71697, saving model to /cs/scratch/as521/models/checkpoints/baseline-model.h5
810/810 - 227s - loss: 0.7278 - accuracy: 0.5000 - mse: 0.4989 - precision: 0.0000e+00 - recall: 0.0000e+00 - val_loss: 0.7170 - val_accuracy: 0.5000 - val_mse: 0.4861 - val_precision: 0.0000e+00 - val_recall: 0.0000e+00 - lr: 1.0000e-05
Epoch 8/100

Epoch 00008: val_loss improved from 0.71697 to 0.70850, saving model to /cs/scratch/as521/models/checkpoints/baseline-model.h5
810/810 - 227s - loss: 0.7138 - accuracy: 0.5000 - mse: 0.4967 - precision: 0.0000e+00 - recall: 0.0000e+00 - val_loss: 0.7085 - val_accuracy: 0.5000 - val_mse: 0.5000 - val_precision: 0.0000e+00 - val_recall: 0.0000e+00 - lr: 1.0000e-05
Epoch 9/100

Epoch 00009: val_loss improved from 0.70850 to 0.70194, saving model to /cs/scratch/as521/models/checkpoints/baseline-model.h5
810/810 - 227s - loss: 0.7050 - accuracy: 0.5000 - mse: 0.4999 - precision: 0.0000e+00 - recall: 0.0000e+00 - val_loss: 0.7019 - val_accuracy: 0.5000 - val_mse: 0.4991 - val_precision: 0.0000e+00 - val_recall: 0.0000e+00 - lr: 1.0000e-05
Epoch 10/100

Epoch 00010: val_loss improved from 0.70194 to 0.69869, saving model to /cs/scratch/as521/models/checkpoints/baseline-model.h5
810/810 - 227s - loss: 0.7005 - accuracy: 0.5000 - mse: 0.4953 - precision: 0.0000e+00 - recall: 0.0000e+00 - val_loss: 0.6987 - val_accuracy: 0.5000 - val_mse: 0.5000 - val_precision: 0.0000e+00 - val_recall: 0.0000e+00 - lr: 1.0000e-05
Epoch 11/100

Epoch 00011: val_loss improved from 0.69869 to 0.69679, saving model to /cs/scratch/as521/models/checkpoints/baseline-model.h5
810/810 - 227s - loss: 0.6977 - accuracy: 0.5000 - mse: 0.4996 - precision: 0.0000e+00 - recall: 0.0000e+00 - val_loss: 0.6968 - val_accuracy: 0.5000 - val_mse: 0.4999 - val_precision: 0.0000e+00 - val_recall: 0.0000e+00 - lr: 1.0000e-05
Epoch 12/100

Epoch 00012: val_loss improved from 0.69679 to 0.69278, saving model to /cs/scratch/as521/models/checkpoints/baseline-model.h5
810/810 - 227s - loss: 0.6960 - accuracy: 0.5000 - mse: 0.4957 - precision: 0.0000e+00 - recall: 0.0000e+00 - val_loss: 0.6928 - val_accuracy: 0.5000 - val_mse: 0.4620 - val_precision: 0.0000e+00 - val_recall: 0.0000e+00 - lr: 1.0000e-05
Epoch 13/100

Epoch 00013: val_loss did not improve from 0.69278
810/810 - 219s - loss: 0.6949 - accuracy: 0.5037 - mse: 0.4906 - precision: 0.6667 - recall: 0.0148 - val_loss: 0.6955 - val_accuracy: 0.5000 - val_mse: 0.5000 - val_precision: 0.0000e+00 - val_recall: 0.0000e+00 - lr: 1.0000e-05
Epoch 14/100

Epoch 00014: val_loss improved from 0.69278 to 0.68345, saving model to /cs/scratch/as521/models/checkpoints/baseline-model.h5
810/810 - 227s - loss: 0.6919 - accuracy: 0.5093 - mse: 0.4647 - precision: 0.7778 - recall: 0.0259 - val_loss: 0.6835 - val_accuracy: 0.5278 - val_mse: 0.4573 - val_precision: 1.0000 - val_recall: 0.0556 - lr: 1.0000e-05
Epoch 15/100

Epoch 00015: val_loss improved from 0.68345 to 0.67642, saving model to /cs/scratch/as521/models/checkpoints/baseline-model.h5
810/810 - 227s - loss: 0.6808 - accuracy: 0.5512 - mse: 0.4211 - precision: 0.7399 - recall: 0.1580 - val_loss: 0.6764 - val_accuracy: 0.5389 - val_mse: 0.4377 - val_precision: 1.0000 - val_recall: 0.0778 - lr: 1.0000e-05
Epoch 16/100

Epoch 00016: val_loss improved from 0.67642 to 0.66223, saving model to /cs/scratch/as521/models/checkpoints/baseline-model.h5
810/810 - 226s - loss: 0.6631 - accuracy: 0.5938 - mse: 0.3715 - precision: 0.8220 - recall: 0.2395 - val_loss: 0.6622 - val_accuracy: 0.6167 - val_mse: 0.3638 - val_precision: 0.7561 - val_recall: 0.3444 - lr: 1.0000e-05
Epoch 17/100

Epoch 00017: val_loss did not improve from 0.66223
810/810 - 219s - loss: 0.6597 - accuracy: 0.6099 - mse: 0.3703 - precision: 0.8346 - recall: 0.2741 - val_loss: 0.6865 - val_accuracy: 0.5972 - val_mse: 0.3922 - val_precision: 0.6522 - val_recall: 0.4167 - lr: 1.0000e-05
Epoch 18/100

Epoch 00018: val_loss improved from 0.66223 to 0.63823, saving model to /cs/scratch/as521/models/checkpoints/baseline-model.h5
810/810 - 226s - loss: 0.6509 - accuracy: 0.6340 - mse: 0.3434 - precision: 0.8511 - recall: 0.3247 - val_loss: 0.6382 - val_accuracy: 0.6556 - val_mse: 0.3282 - val_precision: 0.9375 - val_recall: 0.3333 - lr: 1.0000e-05
Epoch 19/100

Epoch 00019: val_loss improved from 0.63823 to 0.63526, saving model to /cs/scratch/as521/models/checkpoints/baseline-model.h5
810/810 - 226s - loss: 0.6521 - accuracy: 0.6321 - mse: 0.3504 - precision: 0.8567 - recall: 0.3173 - val_loss: 0.6353 - val_accuracy: 0.6583 - val_mse: 0.3371 - val_precision: 1.0000 - val_recall: 0.3167 - lr: 1.0000e-05
Epoch 20/100

Epoch 00020: val_loss did not improve from 0.63526
810/810 - 219s - loss: 0.6496 - accuracy: 0.6481 - mse: 0.3263 - precision: 0.7857 - recall: 0.4074 - val_loss: 0.6446 - val_accuracy: 0.6444 - val_mse: 0.3271 - val_precision: 0.8824 - val_recall: 0.3333 - lr: 1.0000e-05
Epoch 21/100

Epoch 00021: val_loss did not improve from 0.63526
810/810 - 219s - loss: 0.6449 - accuracy: 0.6500 - mse: 0.3316 - precision: 0.8649 - recall: 0.3556 - val_loss: 0.6780 - val_accuracy: 0.6056 - val_mse: 0.3780 - val_precision: 0.6667 - val_recall: 0.4222 - lr: 1.0000e-05
Epoch 22/100

Epoch 00022: val_loss did not improve from 0.63526
810/810 - 219s - loss: 0.6449 - accuracy: 0.6562 - mse: 0.3306 - precision: 0.8504 - recall: 0.3790 - val_loss: 0.6400 - val_accuracy: 0.6778 - val_mse: 0.2980 - val_precision: 0.7857 - val_recall: 0.4889 - lr: 1.0000e-05
Epoch 23/100

Epoch 00023: val_loss improved from 0.63526 to 0.62661, saving model to /cs/scratch/as521/models/checkpoints/baseline-model.h5
810/810 - 227s - loss: 0.6381 - accuracy: 0.6667 - mse: 0.3154 - precision: 0.8792 - recall: 0.3864 - val_loss: 0.6266 - val_accuracy: 0.6778 - val_mse: 0.3128 - val_precision: 1.0000 - val_recall: 0.3556 - lr: 1.0000e-05
Epoch 24/100

Epoch 00024: val_loss did not improve from 0.62661
810/810 - 219s - loss: 0.6328 - accuracy: 0.6821 - mse: 0.3025 - precision: 0.8753 - recall: 0.4247 - val_loss: 0.6292 - val_accuracy: 0.6750 - val_mse: 0.3177 - val_precision: 1.0000 - val_recall: 0.3500 - lr: 1.0000e-05
Epoch 25/100

Epoch 00025: val_loss did not improve from 0.62661
810/810 - 219s - loss: 0.6275 - accuracy: 0.6963 - mse: 0.2931 - precision: 0.8955 - recall: 0.4444 - val_loss: 0.6345 - val_accuracy: 0.6528 - val_mse: 0.3350 - val_precision: 1.0000 - val_recall: 0.3056 - lr: 1.0000e-05
Epoch 26/100

Epoch 00026: val_loss improved from 0.62661 to 0.61210, saving model to /cs/scratch/as521/models/checkpoints/baseline-model.h5
810/810 - 226s - loss: 0.6259 - accuracy: 0.6969 - mse: 0.2919 - precision: 0.9018 - recall: 0.4420 - val_loss: 0.6121 - val_accuracy: 0.7111 - val_mse: 0.2728 - val_precision: 1.0000 - val_recall: 0.4222 - lr: 1.0000e-05
Epoch 27/100

Epoch 00027: val_loss did not improve from 0.61210
810/810 - 219s - loss: 0.6226 - accuracy: 0.7086 - mse: 0.2854 - precision: 0.9204 - recall: 0.4568 - val_loss: 0.6167 - val_accuracy: 0.7000 - val_mse: 0.2823 - val_precision: 1.0000 - val_recall: 0.4000 - lr: 1.0000e-05
Epoch 28/100

Epoch 00028: val_loss did not improve from 0.61210
810/810 - 220s - loss: 0.6139 - accuracy: 0.7265 - mse: 0.2641 - precision: 0.9338 - recall: 0.4877 - val_loss: 0.6443 - val_accuracy: 0.6361 - val_mse: 0.3525 - val_precision: 0.9298 - val_recall: 0.2944 - lr: 1.0000e-05
Epoch 29/100

Epoch 00029: val_loss did not improve from 0.61210
810/810 - 220s - loss: 0.6140 - accuracy: 0.7241 - mse: 0.2667 - precision: 0.9353 - recall: 0.4815 - val_loss: 0.6269 - val_accuracy: 0.6833 - val_mse: 0.3109 - val_precision: 1.0000 - val_recall: 0.3667 - lr: 1.0000e-05
Epoch 30/100

Epoch 00030: val_loss did not improve from 0.61210
810/810 - 219s - loss: 0.6553 - accuracy: 0.6778 - mse: 0.3119 - precision: 0.7209 - recall: 0.5802 - val_loss: 0.6286 - val_accuracy: 0.6750 - val_mse: 0.3158 - val_precision: 1.0000 - val_recall: 0.3500 - lr: 1.0000e-05
Epoch 31/100

Epoch 00031: val_loss improved from 0.61210 to 0.60006, saving model to /cs/scratch/as521/models/checkpoints/baseline-model.h5
810/810 - 227s - loss: 0.6077 - accuracy: 0.7383 - mse: 0.2515 - precision: 0.9488 - recall: 0.5037 - val_loss: 0.6001 - val_accuracy: 0.7556 - val_mse: 0.2357 - val_precision: 0.9600 - val_recall: 0.5333 - lr: 1.0000e-05
Epoch 32/100

Epoch 00032: val_loss did not improve from 0.60006
810/810 - 219s - loss: 0.6022 - accuracy: 0.7525 - mse: 0.2408 - precision: 0.9658 - recall: 0.5235 - val_loss: 0.6027 - val_accuracy: 0.7472 - val_mse: 0.2505 - val_precision: 1.0000 - val_recall: 0.4944 - lr: 1.0000e-05
Epoch 33/100

Epoch 00033: val_loss did not improve from 0.60006
810/810 - 220s - loss: 0.6024 - accuracy: 0.7500 - mse: 0.2403 - precision: 0.9592 - recall: 0.5222 - val_loss: 0.6020 - val_accuracy: 0.7472 - val_mse: 0.2393 - val_precision: 0.9785 - val_recall: 0.5056 - lr: 1.0000e-05
Epoch 34/100

Epoch 00034: val_loss did not improve from 0.60006
810/810 - 220s - loss: 0.5981 - accuracy: 0.7660 - mse: 0.2307 - precision: 0.9695 - recall: 0.5494 - val_loss: 0.6260 - val_accuracy: 0.6833 - val_mse: 0.3090 - val_precision: 1.0000 - val_recall: 0.3667 - lr: 1.0000e-05
Epoch 35/100

Epoch 00035: val_loss improved from 0.60006 to 0.59824, saving model to /cs/scratch/as521/models/checkpoints/baseline-model.h5
810/810 - 227s - loss: 0.5985 - accuracy: 0.7660 - mse: 0.2276 - precision: 0.9518 - recall: 0.5605 - val_loss: 0.5982 - val_accuracy: 0.7778 - val_mse: 0.2193 - val_precision: 0.9167 - val_recall: 0.6111 - lr: 1.0000e-05
Epoch 36/100

Epoch 00036: val_loss improved from 0.59824 to 0.58735, saving model to /cs/scratch/as521/models/checkpoints/baseline-model.h5
810/810 - 226s - loss: 0.5978 - accuracy: 0.7667 - mse: 0.2263 - precision: 0.9538 - recall: 0.5605 - val_loss: 0.5873 - val_accuracy: 0.7833 - val_mse: 0.2125 - val_precision: 1.0000 - val_recall: 0.5667 - lr: 1.0000e-05
Epoch 37/100

Epoch 00037: val_loss did not improve from 0.58735
810/810 - 219s - loss: 0.5911 - accuracy: 0.7827 - mse: 0.2097 - precision: 0.9598 - recall: 0.5901 - val_loss: 0.5948 - val_accuracy: 0.7639 - val_mse: 0.2258 - val_precision: 1.0000 - val_recall: 0.5278 - lr: 1.0000e-05
Epoch 38/100

Epoch 00038: val_loss did not improve from 0.58735
810/810 - 220s - loss: 0.5900 - accuracy: 0.7852 - mse: 0.2110 - precision: 0.9793 - recall: 0.5827 - val_loss: 0.5957 - val_accuracy: 0.7639 - val_mse: 0.2292 - val_precision: 0.9798 - val_recall: 0.5389 - lr: 1.0000e-05
Epoch 39/100

Epoch 00039: val_loss did not improve from 0.58735
810/810 - 219s - loss: 0.5883 - accuracy: 0.7889 - mse: 0.2081 - precision: 0.9835 - recall: 0.5877 - val_loss: 0.6054 - val_accuracy: 0.7389 - val_mse: 0.2464 - val_precision: 0.9479 - val_recall: 0.5056 - lr: 1.0000e-05
Epoch 40/100

Epoch 00040: val_loss did not improve from 0.58735
810/810 - 220s - loss: 0.5834 - accuracy: 0.7981 - mse: 0.1981 - precision: 0.9859 - recall: 0.6049 - val_loss: 0.6332 - val_accuracy: 0.6611 - val_mse: 0.3316 - val_precision: 1.0000 - val_recall: 0.3222 - lr: 1.0000e-05
Epoch 41/100

Epoch 00041: val_loss did not improve from 0.58735
810/810 - 220s - loss: 0.5823 - accuracy: 0.8025 - mse: 0.1952 - precision: 0.9900 - recall: 0.6111 - val_loss: 0.5891 - val_accuracy: 0.7806 - val_mse: 0.2118 - val_precision: 0.9903 - val_recall: 0.5667 - lr: 1.0000e-05
Epoch 42/100

Epoch 00042: val_loss did not improve from 0.58735
810/810 - 220s - loss: 0.5862 - accuracy: 0.7981 - mse: 0.1972 - precision: 0.9600 - recall: 0.6222 - val_loss: 0.5985 - val_accuracy: 0.7611 - val_mse: 0.2334 - val_precision: 0.9608 - val_recall: 0.5444 - lr: 1.0000e-05
Epoch 43/100

Epoch 00043: val_loss did not improve from 0.58735
810/810 - 220s - loss: 0.5845 - accuracy: 0.8006 - mse: 0.1945 - precision: 0.9710 - recall: 0.6198 - val_loss: 0.6111 - val_accuracy: 0.7667 - val_mse: 0.2234 - val_precision: 0.8243 - val_recall: 0.6778 - lr: 1.0000e-05
Epoch 44/100

Epoch 00044: val_loss improved from 0.58735 to 0.58449, saving model to /cs/scratch/as521/models/checkpoints/baseline-model.h5
810/810 - 228s - loss: 0.5797 - accuracy: 0.8142 - mse: 0.1802 - precision: 0.9586 - recall: 0.6568 - val_loss: 0.5845 - val_accuracy: 0.8028 - val_mse: 0.1849 - val_precision: 0.9291 - val_recall: 0.6556 - lr: 1.0000e-05
Epoch 45/100

Epoch 00045: val_loss did not improve from 0.58449
810/810 - 220s - loss: 0.5802 - accuracy: 0.8142 - mse: 0.1788 - precision: 0.9520 - recall: 0.6617 - val_loss: 0.6096 - val_accuracy: 0.7361 - val_mse: 0.2575 - val_precision: 0.9570 - val_recall: 0.4944 - lr: 1.0000e-05
Epoch 46/100

Epoch 00046: val_loss did not improve from 0.58449
810/810 - 220s - loss: 0.5716 - accuracy: 0.8346 - mse: 0.1623 - precision: 0.9754 - recall: 0.6864 - val_loss: 0.5868 - val_accuracy: 0.7917 - val_mse: 0.1952 - val_precision: 0.9339 - val_recall: 0.6278 - lr: 1.0000e-05
Epoch 47/100

Epoch 00047: val_loss did not improve from 0.58449
810/810 - 220s - loss: 0.5745 - accuracy: 0.8290 - mse: 0.1632 - precision: 0.9525 - recall: 0.6926 - val_loss: 0.5892 - val_accuracy: 0.7917 - val_mse: 0.1899 - val_precision: 0.9070 - val_recall: 0.6500 - lr: 1.0000e-05
Epoch 48/100

Epoch 00048: val_loss did not improve from 0.58449
810/810 - 220s - loss: 0.5651 - accuracy: 0.8488 - mse: 0.1479 - precision: 0.9896 - recall: 0.7049 - val_loss: 0.5861 - val_accuracy: 0.7972 - val_mse: 0.1957 - val_precision: 0.9496 - val_recall: 0.6278 - lr: 1.0000e-05
Epoch 49/100

Epoch 00049: val_loss did not improve from 0.58449
810/810 - 220s - loss: 0.5630 - accuracy: 0.8537 - mse: 0.1426 - precision: 0.9931 - recall: 0.7123 - val_loss: 0.5907 - val_accuracy: 0.8000 - val_mse: 0.1844 - val_precision: 0.8699 - val_recall: 0.7056 - lr: 1.0000e-05
Epoch 50/100

Epoch 00050: val_loss did not improve from 0.58449
810/810 - 220s - loss: 0.5631 - accuracy: 0.8549 - mse: 0.1399 - precision: 0.9784 - recall: 0.7259 - val_loss: 0.5875 - val_accuracy: 0.8194 - val_mse: 0.1802 - val_precision: 0.8859 - val_recall: 0.7333 - lr: 1.0000e-05
Epoch 51/100

Epoch 00051: val_loss did not improve from 0.58449
810/810 - 220s - loss: 0.5563 - accuracy: 0.8710 - mse: 0.1249 - precision: 0.9918 - recall: 0.7481 - val_loss: 0.5869 - val_accuracy: 0.7944 - val_mse: 0.1936 - val_precision: 0.9344 - val_recall: 0.6333 - lr: 1.0000e-05
Epoch 52/100

Epoch 00052: val_loss did not improve from 0.58449
810/810 - 219s - loss: 0.5575 - accuracy: 0.8691 - mse: 0.1278 - precision: 0.9854 - recall: 0.7494 - val_loss: 0.6090 - val_accuracy: 0.7333 - val_mse: 0.2551 - val_precision: 0.9565 - val_recall: 0.4889 - lr: 1.0000e-05
Epoch 53/100

Epoch 00053: val_loss did not improve from 0.58449
810/810 - 220s - loss: 0.5519 - accuracy: 0.8858 - mse: 0.1102 - precision: 0.9815 - recall: 0.7864 - val_loss: 0.5904 - val_accuracy: 0.8028 - val_mse: 0.1762 - val_precision: 0.8609 - val_recall: 0.7222 - lr: 1.0000e-05
Epoch 54/100

Epoch 00054: val_loss did not improve from 0.58449

Epoch 00054: ReduceLROnPlateau reducing learning rate to 9.999999747378752e-07.
810/810 - 220s - loss: 0.5497 - accuracy: 0.8895 - mse: 0.1032 - precision: 0.9759 - recall: 0.7988 - val_loss: 0.6055 - val_accuracy: 0.7333 - val_mse: 0.2436 - val_precision: 0.9375 - val_recall: 0.5000 - lr: 1.0000e-05
Epoch 55/100

Epoch 00055: val_loss did not improve from 0.58449
810/810 - 220s - loss: 0.5430 - accuracy: 0.9043 - mse: 0.0926 - precision: 0.9970 - recall: 0.8111 - val_loss: 0.6133 - val_accuracy: 0.7722 - val_mse: 0.2123 - val_precision: 0.7849 - val_recall: 0.7500 - lr: 1.0000e-06
Epoch 56/100

Epoch 00056: val_loss did not improve from 0.58449
810/810 - 219s - loss: 0.5402 - accuracy: 0.9136 - mse: 0.0857 - precision: 1.0000 - recall: 0.8272 - val_loss: 0.6060 - val_accuracy: 0.7833 - val_mse: 0.2003 - val_precision: 0.8072 - val_recall: 0.7444 - lr: 1.0000e-06
Epoch 57/100

Epoch 00057: val_loss did not improve from 0.58449
810/810 - 219s - loss: 0.5410 - accuracy: 0.9105 - mse: 0.0875 - precision: 0.9955 - recall: 0.8247 - val_loss: 0.5913 - val_accuracy: 0.8083 - val_mse: 0.1837 - val_precision: 0.8828 - val_recall: 0.7111 - lr: 1.0000e-06
Epoch 58/100

Epoch 00058: val_loss did not improve from 0.58449
810/810 - 219s - loss: 0.5388 - accuracy: 0.9160 - mse: 0.0839 - precision: 1.0000 - recall: 0.8321 - val_loss: 0.5924 - val_accuracy: 0.8139 - val_mse: 0.1803 - val_precision: 0.8792 - val_recall: 0.7278 - lr: 1.0000e-06
Epoch 59/100

Epoch 00059: val_loss did not improve from 0.58449
810/810 - 219s - loss: 0.5393 - accuracy: 0.9154 - mse: 0.0841 - precision: 0.9985 - recall: 0.8321 - val_loss: 0.6079 - val_accuracy: 0.7833 - val_mse: 0.2032 - val_precision: 0.7965 - val_recall: 0.7611 - lr: 1.0000e-06
Epoch 60/100

Epoch 00060: val_loss did not improve from 0.58449
810/810 - 219s - loss: 0.5386 - accuracy: 0.9154 - mse: 0.0839 - precision: 1.0000 - recall: 0.8309 - val_loss: 0.6007 - val_accuracy: 0.7972 - val_mse: 0.1936 - val_precision: 0.8282 - val_recall: 0.7500 - lr: 1.0000e-06
Epoch 61/100

Epoch 00061: val_loss did not improve from 0.58449
810/810 - 219s - loss: 0.5381 - accuracy: 0.9167 - mse: 0.0824 - precision: 1.0000 - recall: 0.8333 - val_loss: 0.6102 - val_accuracy: 0.7833 - val_mse: 0.2071 - val_precision: 0.7931 - val_recall: 0.7667 - lr: 1.0000e-06
Epoch 62/100

Epoch 00062: val_loss did not improve from 0.58449
810/810 - 219s - loss: 0.5378 - accuracy: 0.9179 - mse: 0.0814 - precision: 0.9985 - recall: 0.8370 - val_loss: 0.6049 - val_accuracy: 0.7917 - val_mse: 0.1972 - val_precision: 0.8070 - val_recall: 0.7667 - lr: 1.0000e-06
Epoch 63/100

Epoch 00063: val_loss did not improve from 0.58449
810/810 - 219s - loss: 0.5369 - accuracy: 0.9198 - mse: 0.0796 - precision: 1.0000 - recall: 0.8395 - val_loss: 0.6012 - val_accuracy: 0.7944 - val_mse: 0.1921 - val_precision: 0.8193 - val_recall: 0.7556 - lr: 1.0000e-06
Epoch 64/100

Epoch 00064: val_loss did not improve from 0.58449

Epoch 00064: ReduceLROnPlateau reducing learning rate to 9.999999974752428e-08.
810/810 - 219s - loss: 0.5372 - accuracy: 0.9198 - mse: 0.0803 - precision: 1.0000 - recall: 0.8395 - val_loss: 0.6014 - val_accuracy: 0.7917 - val_mse: 0.1917 - val_precision: 0.8182 - val_recall: 0.7500 - lr: 1.0000e-06
Epoch 00064: early stopping
Evaluating results...
Validation
[150  30]
[ 45 135]
Training
[810   0]
[128 682]

Total execution time:  3:58:37.898985
Final evalutaiton...
180/180 - 11s - loss: 0.6014 - accuracy: 0.7917 - mse: 0.1917 - precision: 0.8182 - recall: 0.7500
{'loss': 0.6014001369476318, 'accuracy': 0.7916666865348816, 'mse': 0.1916855275630951, 'precision': 0.8181818127632141, 'recall': 0.75}
