WARNING:tensorflow:`epsilon` argument is deprecated and will be removed, use `min_delta` instead.
2020-08-03 20:41:15.204670: W tensorflow/core/framework/cpu_allocator_impl.cc:81] Allocation of 1698693120 exceeds 10% of free system memory.
2020-08-03 20:41:19.080069: W tensorflow/core/common_runtime/bfc_allocator.cc:245] Allocator (GPU_0_bfc) ran out of memory trying to allocate 2.30GiB with freed_by_count=0. The caller indicates that this is not a failure, but may mean that there could be performance gains if more memory were available.
2020-08-03 20:41:19.462291: W tensorflow/core/common_runtime/bfc_allocator.cc:245] Allocator (GPU_0_bfc) ran out of memory trying to allocate 2.20GiB with freed_by_count=0. The caller indicates that this is not a failure, but may mean that there could be performance gains if more memory were available.
2020-08-03 20:41:20.079700: W tensorflow/core/common_runtime/bfc_allocator.cc:245] Allocator (GPU_0_bfc) ran out of memory trying to allocate 2.16GiB with freed_by_count=0. The caller indicates that this is not a failure, but may mean that there could be performance gains if more memory were available.
2020-08-03 20:41:20.115137: W tensorflow/core/common_runtime/bfc_allocator.cc:245] Allocator (GPU_0_bfc) ran out of memory trying to allocate 2.16GiB with freed_by_count=0. The caller indicates that this is not a failure, but may mean that there could be performance gains if more memory were available.
2020-08-03 20:41:20.149749: W tensorflow/core/common_runtime/bfc_allocator.cc:245] Allocator (GPU_0_bfc) ran out of memory trying to allocate 2.16GiB with freed_by_count=0. The caller indicates that this is not a failure, but may mean that there could be performance gains if more memory were available.
2020-08-03 20:41:20.250384: W tensorflow/core/common_runtime/bfc_allocator.cc:245] Allocator (GPU_0_bfc) ran out of memory trying to allocate 2.14GiB with freed_by_count=0. The caller indicates that this is not a failure, but may mean that there could be performance gains if more memory were available.
2020-08-03 20:41:20.264511: W tensorflow/core/common_runtime/bfc_allocator.cc:245] Allocator (GPU_0_bfc) ran out of memory trying to allocate 2.16GiB with freed_by_count=0. The caller indicates that this is not a failure, but may mean that there could be performance gains if more memory were available.
2020-08-03 20:41:20.430542: W tensorflow/core/common_runtime/bfc_allocator.cc:245] Allocator (GPU_0_bfc) ran out of memory trying to allocate 2.14GiB with freed_by_count=0. The caller indicates that this is not a failure, but may mean that there could be performance gains if more memory were available.
2020-08-03 20:41:20.445685: W tensorflow/core/common_runtime/bfc_allocator.cc:245] Allocator (GPU_0_bfc) ran out of memory trying to allocate 2.16GiB with freed_by_count=0. The caller indicates that this is not a failure, but may mean that there could be performance gains if more memory were available.
2020-08-03 20:41:20.479446: W tensorflow/core/common_runtime/bfc_allocator.cc:245] Allocator (GPU_0_bfc) ran out of memory trying to allocate 2.14GiB with freed_by_count=0. The caller indicates that this is not a failure, but may mean that there could be performance gains if more memory were available.
2020-08-03 20:45:25.307422: W tensorflow/core/framework/cpu_allocator_impl.cc:81] Allocation of 838860800 exceeds 10% of free system memory.
2020-08-03 20:45:26.405388: W tensorflow/core/framework/cpu_allocator_impl.cc:81] Allocation of 838860800 exceeds 10% of free system memory.
2020-08-03 20:45:26.637001: W tensorflow/core/framework/cpu_allocator_impl.cc:81] Allocation of 838860800 exceeds 10% of free system memory.
Preparing...
Loading dataset...
Creating the model...
Model: "sequential"
_________________________________________________________________
Layer (type)                 Output Shape              Param #   
=================================================================
conv2d (Conv2D)              (None, 510, 510, 64)      640       
_________________________________________________________________
conv2d_1 (Conv2D)            (None, 508, 508, 64)      36928     
_________________________________________________________________
max_pooling2d (MaxPooling2D) (None, 254, 254, 64)      0         
_________________________________________________________________
conv2d_2 (Conv2D)            (None, 252, 252, 128)     73856     
_________________________________________________________________
conv2d_3 (Conv2D)            (None, 250, 250, 128)     147584    
_________________________________________________________________
max_pooling2d_1 (MaxPooling2 (None, 125, 125, 128)     0         
_________________________________________________________________
conv2d_4 (Conv2D)            (None, 123, 123, 256)     295168    
_________________________________________________________________
conv2d_5 (Conv2D)            (None, 121, 121, 256)     590080    
_________________________________________________________________
conv2d_6 (Conv2D)            (None, 119, 119, 256)     590080    
_________________________________________________________________
max_pooling2d_2 (MaxPooling2 (None, 59, 59, 256)       0         
_________________________________________________________________
conv2d_7 (Conv2D)            (None, 57, 57, 512)       1180160   
_________________________________________________________________
conv2d_8 (Conv2D)            (None, 55, 55, 512)       2359808   
_________________________________________________________________
conv2d_9 (Conv2D)            (None, 53, 53, 512)       2359808   
_________________________________________________________________
max_pooling2d_3 (MaxPooling2 (None, 26, 26, 512)       0         
_________________________________________________________________
conv2d_10 (Conv2D)           (None, 24, 24, 512)       2359808   
_________________________________________________________________
conv2d_11 (Conv2D)           (None, 22, 22, 512)       2359808   
_________________________________________________________________
conv2d_12 (Conv2D)           (None, 20, 20, 512)       2359808   
_________________________________________________________________
max_pooling2d_4 (MaxPooling2 (None, 10, 10, 512)       0         
_________________________________________________________________
flatten (Flatten)            (None, 51200)             0         
_________________________________________________________________
dense (Dense)                (None, 4096)              209719296 
_________________________________________________________________
dropout (Dropout)            (None, 4096)              0         
_________________________________________________________________
dense_1 (Dense)              (None, 4096)              16781312  
_________________________________________________________________
dropout_1 (Dropout)          (None, 4096)              0         
_________________________________________________________________
dense_2 (Dense)              (None, 4096)              16781312  
_________________________________________________________________
dropout_2 (Dropout)          (None, 4096)              0         
_________________________________________________________________
dense_3 (Dense)              (None, 1)                 4097      
=================================================================
Total params: 257,999,553
Trainable params: 257,999,553
Non-trainable params: 0
_________________________________________________________________
None
Training the model...
Epoch 1/100

Epoch 00001: val_loss improved from inf to 182.74034, saving model to /cs/scratch/as521/models/checkpoints/vgg16-model.h5
810/810 - 246s - loss: 188.3703 - accuracy: 0.4938 - mse: 0.4735 - precision: 0.4679 - recall: 0.0901 - val_loss: 182.7403 - val_accuracy: 0.5000 - val_mse: 0.5000 - val_precision: 0.0000e+00 - val_recall: 0.0000e+00 - lr: 1.0000e-06
2020-08-03 20:49:32.439811: W tensorflow/core/framework/cpu_allocator_impl.cc:81] Allocation of 838860800 exceeds 10% of free system memory.
Epoch 2/100

Epoch 00002: val_loss improved from 182.74034 to 171.10741, saving model to /cs/scratch/as521/models/checkpoints/vgg16-model.h5
810/810 - 246s - loss: 176.9509 - accuracy: 0.5000 - mse: 0.4958 - precision: 0.5000 - recall: 0.0025 - val_loss: 171.1074 - val_accuracy: 0.5000 - val_mse: 0.5000 - val_precision: 0.0000e+00 - val_recall: 0.0000e+00 - lr: 1.0000e-06
Epoch 3/100

Epoch 00003: val_loss improved from 171.10741 to 159.50456, saving model to /cs/scratch/as521/models/checkpoints/vgg16-model.h5
810/810 - 247s - loss: 165.2928 - accuracy: 0.5000 - mse: 0.4951 - precision: 0.5000 - recall: 0.0099 - val_loss: 159.5046 - val_accuracy: 0.5000 - val_mse: 0.5000 - val_precision: 0.0000e+00 - val_recall: 0.0000e+00 - lr: 1.0000e-06
Epoch 4/100

Epoch 00004: val_loss improved from 159.50456 to 148.18938, saving model to /cs/scratch/as521/models/checkpoints/vgg16-model.h5
810/810 - 248s - loss: 153.8358 - accuracy: 0.5019 - mse: 0.4941 - precision: 0.8000 - recall: 0.0049 - val_loss: 148.1894 - val_accuracy: 0.5000 - val_mse: 0.5000 - val_precision: 0.0000e+00 - val_recall: 0.0000e+00 - lr: 1.0000e-06
Epoch 5/100

Epoch 00005: val_loss improved from 148.18938 to 137.19814, saving model to /cs/scratch/as521/models/checkpoints/vgg16-model.h5
810/810 - 248s - loss: 142.6669 - accuracy: 0.5006 - mse: 0.4933 - precision: 0.5556 - recall: 0.0062 - val_loss: 137.1981 - val_accuracy: 0.5000 - val_mse: 0.5000 - val_precision: 0.0000e+00 - val_recall: 0.0000e+00 - lr: 1.0000e-06
Epoch 6/100

Epoch 00006: val_loss improved from 137.19814 to 126.49699, saving model to /cs/scratch/as521/models/checkpoints/vgg16-model.h5
810/810 - 250s - loss: 131.8291 - accuracy: 0.5000 - mse: 0.4975 - precision: 0.5000 - recall: 0.0012 - val_loss: 126.4970 - val_accuracy: 0.5000 - val_mse: 0.5000 - val_precision: 0.0000e+00 - val_recall: 0.0000e+00 - lr: 1.0000e-06
Epoch 7/100

Epoch 00007: val_loss improved from 126.49699 to 116.09096, saving model to /cs/scratch/as521/models/checkpoints/vgg16-model.h5
810/810 - 250s - loss: 121.2734 - accuracy: 0.5000 - mse: 0.4989 - precision: 0.0000e+00 - recall: 0.0000e+00 - val_loss: 116.0910 - val_accuracy: 0.5000 - val_mse: 0.5002 - val_precision: 0.0000e+00 - val_recall: 0.0000e+00 - lr: 1.0000e-06
Epoch 8/100

Epoch 00008: val_loss improved from 116.09096 to 106.06882, saving model to /cs/scratch/as521/models/checkpoints/vgg16-model.h5
810/810 - 250s - loss: 111.0442 - accuracy: 0.5000 - mse: 0.4978 - precision: 0.0000e+00 - recall: 0.0000e+00 - val_loss: 106.0688 - val_accuracy: 0.5000 - val_mse: 0.5004 - val_precision: 0.0000e+00 - val_recall: 0.0000e+00 - lr: 1.0000e-06
Epoch 9/100

Epoch 00009: val_loss improved from 106.06882 to 96.51912, saving model to /cs/scratch/as521/models/checkpoints/vgg16-model.h5
810/810 - 250s - loss: 101.2514 - accuracy: 0.5000 - mse: 0.4960 - precision: 0.0000e+00 - recall: 0.0000e+00 - val_loss: 96.5191 - val_accuracy: 0.5000 - val_mse: 0.5006 - val_precision: 0.0000e+00 - val_recall: 0.0000e+00 - lr: 1.0000e-06
Epoch 10/100

Epoch 00010: val_loss improved from 96.51912 to 87.50071, saving model to /cs/scratch/as521/models/checkpoints/vgg16-model.h5
810/810 - 250s - loss: 91.9577 - accuracy: 0.5000 - mse: 0.4924 - precision: 0.0000e+00 - recall: 0.0000e+00 - val_loss: 87.5007 - val_accuracy: 0.5000 - val_mse: 0.5006 - val_precision: 0.0000e+00 - val_recall: 0.0000e+00 - lr: 1.0000e-06
Epoch 11/100

Epoch 00011: val_loss improved from 87.50071 to 79.05983, saving model to /cs/scratch/as521/models/checkpoints/vgg16-model.h5
810/810 - 247s - loss: 83.2213 - accuracy: 0.5000 - mse: 0.4883 - precision: 0.0000e+00 - recall: 0.0000e+00 - val_loss: 79.0598 - val_accuracy: 0.5000 - val_mse: 0.4990 - val_precision: 0.0000e+00 - val_recall: 0.0000e+00 - lr: 1.0000e-06
Epoch 12/100

Epoch 00012: val_loss improved from 79.05983 to 71.21538, saving model to /cs/scratch/as521/models/checkpoints/vgg16-model.h5
810/810 - 249s - loss: 75.0753 - accuracy: 0.5000 - mse: 0.4858 - precision: 0.0000e+00 - recall: 0.0000e+00 - val_loss: 71.2154 - val_accuracy: 0.5000 - val_mse: 0.4984 - val_precision: 0.0000e+00 - val_recall: 0.0000e+00 - lr: 1.0000e-06
Epoch 13/100

Epoch 00013: val_loss improved from 71.21538 to 63.94405, saving model to /cs/scratch/as521/models/checkpoints/vgg16-model.h5
810/810 - 248s - loss: 67.5175 - accuracy: 0.5000 - mse: 0.4874 - precision: 0.0000e+00 - recall: 0.0000e+00 - val_loss: 63.9441 - val_accuracy: 0.5000 - val_mse: 0.5004 - val_precision: 0.0000e+00 - val_recall: 0.0000e+00 - lr: 1.0000e-06
Epoch 14/100

Epoch 00014: val_loss improved from 63.94405 to 57.23668, saving model to /cs/scratch/as521/models/checkpoints/vgg16-model.h5
810/810 - 250s - loss: 60.5264 - accuracy: 0.5000 - mse: 0.4885 - precision: 0.0000e+00 - recall: 0.0000e+00 - val_loss: 57.2367 - val_accuracy: 0.5000 - val_mse: 0.4912 - val_precision: 0.0000e+00 - val_recall: 0.0000e+00 - lr: 1.0000e-06
Epoch 15/100

Epoch 00015: val_loss improved from 57.23668 to 51.06839, saving model to /cs/scratch/as521/models/checkpoints/vgg16-model.h5
810/810 - 250s - loss: 54.0862 - accuracy: 0.5000 - mse: 0.4842 - precision: 0.0000e+00 - recall: 0.0000e+00 - val_loss: 51.0684 - val_accuracy: 0.5000 - val_mse: 0.4970 - val_precision: 0.0000e+00 - val_recall: 0.0000e+00 - lr: 1.0000e-06
Epoch 16/100

Epoch 00016: val_loss improved from 51.06839 to 45.43711, saving model to /cs/scratch/as521/models/checkpoints/vgg16-model.h5
810/810 - 250s - loss: 48.1884 - accuracy: 0.5000 - mse: 0.4769 - precision: 0.0000e+00 - recall: 0.0000e+00 - val_loss: 45.4371 - val_accuracy: 0.5000 - val_mse: 0.5005 - val_precision: 0.0000e+00 - val_recall: 0.0000e+00 - lr: 1.0000e-06
Epoch 17/100

Epoch 00017: val_loss improved from 45.43711 to 40.30835, saving model to /cs/scratch/as521/models/checkpoints/vgg16-model.h5
810/810 - 250s - loss: 42.8127 - accuracy: 0.5000 - mse: 0.4803 - precision: 0.0000e+00 - recall: 0.0000e+00 - val_loss: 40.3083 - val_accuracy: 0.5000 - val_mse: 0.5022 - val_precision: 0.0000e+00 - val_recall: 0.0000e+00 - lr: 1.0000e-06
Epoch 18/100

Epoch 00018: val_loss improved from 40.30835 to 35.64923, saving model to /cs/scratch/as521/models/checkpoints/vgg16-model.h5
810/810 - 250s - loss: 37.9194 - accuracy: 0.5000 - mse: 0.4844 - precision: 0.0000e+00 - recall: 0.0000e+00 - val_loss: 35.6492 - val_accuracy: 0.5000 - val_mse: 0.4989 - val_precision: 0.0000e+00 - val_recall: 0.0000e+00 - lr: 1.0000e-06
Epoch 19/100

Epoch 00019: val_loss improved from 35.64923 to 31.43744, saving model to /cs/scratch/as521/models/checkpoints/vgg16-model.h5
810/810 - 250s - loss: 33.4825 - accuracy: 0.5000 - mse: 0.4761 - precision: 0.0000e+00 - recall: 0.0000e+00 - val_loss: 31.4374 - val_accuracy: 0.5000 - val_mse: 0.4996 - val_precision: 0.0000e+00 - val_recall: 0.0000e+00 - lr: 1.0000e-06
Epoch 20/100

Epoch 00020: val_loss improved from 31.43744 to 27.64052, saving model to /cs/scratch/as521/models/checkpoints/vgg16-model.h5
810/810 - 248s - loss: 29.4812 - accuracy: 0.5000 - mse: 0.4862 - precision: 0.0000e+00 - recall: 0.0000e+00 - val_loss: 27.6405 - val_accuracy: 0.5000 - val_mse: 0.4996 - val_precision: 0.0000e+00 - val_recall: 0.0000e+00 - lr: 1.0000e-06
Epoch 21/100

Epoch 00021: val_loss improved from 27.64052 to 24.23838, saving model to /cs/scratch/as521/models/checkpoints/vgg16-model.h5
810/810 - 248s - loss: 25.8811 - accuracy: 0.5000 - mse: 0.4800 - precision: 0.0000e+00 - recall: 0.0000e+00 - val_loss: 24.2384 - val_accuracy: 0.5000 - val_mse: 0.4968 - val_precision: 0.0000e+00 - val_recall: 0.0000e+00 - lr: 1.0000e-06
Epoch 22/100

Epoch 00022: val_loss improved from 24.23838 to 21.20952, saving model to /cs/scratch/as521/models/checkpoints/vgg16-model.h5
810/810 - 250s - loss: 22.6665 - accuracy: 0.5000 - mse: 0.4848 - precision: 0.0000e+00 - recall: 0.0000e+00 - val_loss: 21.2095 - val_accuracy: 0.5000 - val_mse: 0.4903 - val_precision: 0.0000e+00 - val_recall: 0.0000e+00 - lr: 1.0000e-06
Epoch 23/100

Epoch 00023: val_loss improved from 21.20952 to 18.53690, saving model to /cs/scratch/as521/models/checkpoints/vgg16-model.h5
810/810 - 250s - loss: 19.8155 - accuracy: 0.5000 - mse: 0.4601 - precision: 0.0000e+00 - recall: 0.0000e+00 - val_loss: 18.5369 - val_accuracy: 0.5000 - val_mse: 0.5004 - val_precision: 0.0000e+00 - val_recall: 0.0000e+00 - lr: 1.0000e-06
Epoch 24/100

Epoch 00024: val_loss improved from 18.53690 to 16.18527, saving model to /cs/scratch/as521/models/checkpoints/vgg16-model.h5
810/810 - 250s - loss: 17.3084 - accuracy: 0.5000 - mse: 0.4789 - precision: 0.0000e+00 - recall: 0.0000e+00 - val_loss: 16.1853 - val_accuracy: 0.5000 - val_mse: 0.4813 - val_precision: 0.0000e+00 - val_recall: 0.0000e+00 - lr: 1.0000e-06
Epoch 25/100

Epoch 00025: val_loss improved from 16.18527 to 14.12362, saving model to /cs/scratch/as521/models/checkpoints/vgg16-model.h5
810/810 - 250s - loss: 15.1017 - accuracy: 0.5000 - mse: 0.4697 - precision: 0.0000e+00 - recall: 0.0000e+00 - val_loss: 14.1236 - val_accuracy: 0.5000 - val_mse: 0.4902 - val_precision: 0.0000e+00 - val_recall: 0.0000e+00 - lr: 1.0000e-06
Epoch 26/100

Epoch 00026: val_loss improved from 14.12362 to 12.32713, saving model to /cs/scratch/as521/models/checkpoints/vgg16-model.h5
810/810 - 250s - loss: 13.1766 - accuracy: 0.5000 - mse: 0.4633 - precision: 0.0000e+00 - recall: 0.0000e+00 - val_loss: 12.3271 - val_accuracy: 0.5000 - val_mse: 0.5003 - val_precision: 0.0000e+00 - val_recall: 0.0000e+00 - lr: 1.0000e-06
Epoch 27/100

Epoch 00027: val_loss improved from 12.32713 to 10.76864, saving model to /cs/scratch/as521/models/checkpoints/vgg16-model.h5
810/810 - 250s - loss: 11.5039 - accuracy: 0.5000 - mse: 0.4864 - precision: 0.0000e+00 - recall: 0.0000e+00 - val_loss: 10.7686 - val_accuracy: 0.5000 - val_mse: 0.4927 - val_precision: 0.0000e+00 - val_recall: 0.0000e+00 - lr: 1.0000e-06
Epoch 28/100

Epoch 00028: val_loss improved from 10.76864 to 9.41628, saving model to /cs/scratch/as521/models/checkpoints/vgg16-model.h5
810/810 - 249s - loss: 10.0494 - accuracy: 0.5000 - mse: 0.4841 - precision: 0.0000e+00 - recall: 0.0000e+00 - val_loss: 9.4163 - val_accuracy: 0.5000 - val_mse: 0.4940 - val_precision: 0.0000e+00 - val_recall: 0.0000e+00 - lr: 1.0000e-06
Epoch 29/100

Epoch 00029: val_loss improved from 9.41628 to 8.25707, saving model to /cs/scratch/as521/models/checkpoints/vgg16-model.h5
810/810 - 248s - loss: 8.7965 - accuracy: 0.5000 - mse: 0.4719 - precision: 0.0000e+00 - recall: 0.0000e+00 - val_loss: 8.2571 - val_accuracy: 0.5000 - val_mse: 0.4968 - val_precision: 0.0000e+00 - val_recall: 0.0000e+00 - lr: 1.0000e-06
Epoch 30/100

Epoch 00030: val_loss improved from 8.25707 to 7.27575, saving model to /cs/scratch/as521/models/checkpoints/vgg16-model.h5
810/810 - 248s - loss: 7.7305 - accuracy: 0.5000 - mse: 0.4787 - precision: 0.0000e+00 - recall: 0.0000e+00 - val_loss: 7.2758 - val_accuracy: 0.5000 - val_mse: 0.4936 - val_precision: 0.0000e+00 - val_recall: 0.0000e+00 - lr: 1.0000e-06
Epoch 31/100

Epoch 00031: val_loss improved from 7.27575 to 6.44209, saving model to /cs/scratch/as521/models/checkpoints/vgg16-model.h5
810/810 - 250s - loss: 6.8253 - accuracy: 0.5000 - mse: 0.4777 - precision: 0.0000e+00 - recall: 0.0000e+00 - val_loss: 6.4421 - val_accuracy: 0.5000 - val_mse: 0.4827 - val_precision: 0.0000e+00 - val_recall: 0.0000e+00 - lr: 1.0000e-06
Epoch 32/100

Epoch 00032: val_loss improved from 6.44209 to 5.73229, saving model to /cs/scratch/as521/models/checkpoints/vgg16-model.h5
810/810 - 250s - loss: 6.0565 - accuracy: 0.5000 - mse: 0.4806 - precision: 0.0000e+00 - recall: 0.0000e+00 - val_loss: 5.7323 - val_accuracy: 0.5000 - val_mse: 0.4535 - val_precision: 0.0000e+00 - val_recall: 0.0000e+00 - lr: 1.0000e-06
Epoch 33/100

Epoch 00033: val_loss improved from 5.73229 to 5.13382, saving model to /cs/scratch/as521/models/checkpoints/vgg16-model.h5
810/810 - 249s - loss: 5.4058 - accuracy: 0.5000 - mse: 0.4486 - precision: 0.0000e+00 - recall: 0.0000e+00 - val_loss: 5.1338 - val_accuracy: 0.5000 - val_mse: 0.4717 - val_precision: 0.0000e+00 - val_recall: 0.0000e+00 - lr: 1.0000e-06
Epoch 34/100

Epoch 00034: val_loss improved from 5.13382 to 4.62633, saving model to /cs/scratch/as521/models/checkpoints/vgg16-model.h5
810/810 - 249s - loss: 4.8575 - accuracy: 0.5000 - mse: 0.4566 - precision: 0.0000e+00 - recall: 0.0000e+00 - val_loss: 4.6263 - val_accuracy: 0.5000 - val_mse: 0.4754 - val_precision: 0.0000e+00 - val_recall: 0.0000e+00 - lr: 1.0000e-06
Epoch 35/100

Epoch 00035: val_loss improved from 4.62633 to 4.18591, saving model to /cs/scratch/as521/models/checkpoints/vgg16-model.h5
810/810 - 250s - loss: 4.3876 - accuracy: 0.5000 - mse: 0.4706 - precision: 0.0000e+00 - recall: 0.0000e+00 - val_loss: 4.1859 - val_accuracy: 0.5000 - val_mse: 0.4520 - val_precision: 0.0000e+00 - val_recall: 0.0000e+00 - lr: 1.0000e-06
Epoch 36/100

Epoch 00036: val_loss improved from 4.18591 to 3.80210, saving model to /cs/scratch/as521/models/checkpoints/vgg16-model.h5
810/810 - 250s - loss: 3.9795 - accuracy: 0.5000 - mse: 0.4555 - precision: 0.0000e+00 - recall: 0.0000e+00 - val_loss: 3.8021 - val_accuracy: 0.5000 - val_mse: 0.4362 - val_precision: 0.0000e+00 - val_recall: 0.0000e+00 - lr: 1.0000e-06
Epoch 37/100

Epoch 00037: val_loss improved from 3.80210 to 3.46546, saving model to /cs/scratch/as521/models/checkpoints/vgg16-model.h5
810/810 - 247s - loss: 3.6233 - accuracy: 0.5000 - mse: 0.4377 - precision: 0.0000e+00 - recall: 0.0000e+00 - val_loss: 3.4655 - val_accuracy: 0.5000 - val_mse: 0.4443 - val_precision: 0.0000e+00 - val_recall: 0.0000e+00 - lr: 1.0000e-06
Epoch 38/100

Epoch 00038: val_loss improved from 3.46546 to 3.16721, saving model to /cs/scratch/as521/models/checkpoints/vgg16-model.h5
810/810 - 248s - loss: 3.3093 - accuracy: 0.5000 - mse: 0.4373 - precision: 0.0000e+00 - recall: 0.0000e+00 - val_loss: 3.1672 - val_accuracy: 0.5000 - val_mse: 0.4504 - val_precision: 0.0000e+00 - val_recall: 0.0000e+00 - lr: 1.0000e-06
Epoch 39/100

Epoch 00039: val_loss improved from 3.16721 to 2.90107, saving model to /cs/scratch/as521/models/checkpoints/vgg16-model.h5
810/810 - 248s - loss: 3.0294 - accuracy: 0.5000 - mse: 0.4488 - precision: 0.0000e+00 - recall: 0.0000e+00 - val_loss: 2.9011 - val_accuracy: 0.5000 - val_mse: 0.4432 - val_precision: 0.0000e+00 - val_recall: 0.0000e+00 - lr: 1.0000e-06
Epoch 40/100

Epoch 00040: val_loss improved from 2.90107 to 2.66350, saving model to /cs/scratch/as521/models/checkpoints/vgg16-model.h5
810/810 - 250s - loss: 2.7796 - accuracy: 0.5000 - mse: 0.4409 - precision: 0.0000e+00 - recall: 0.0000e+00 - val_loss: 2.6635 - val_accuracy: 0.5000 - val_mse: 0.4477 - val_precision: 0.0000e+00 - val_recall: 0.0000e+00 - lr: 1.0000e-06
Epoch 41/100

Epoch 00041: val_loss improved from 2.66350 to 2.45171, saving model to /cs/scratch/as521/models/checkpoints/vgg16-model.h5
810/810 - 250s - loss: 2.5556 - accuracy: 0.5000 - mse: 0.4462 - precision: 0.0000e+00 - recall: 0.0000e+00 - val_loss: 2.4517 - val_accuracy: 0.5000 - val_mse: 0.4546 - val_precision: 0.0000e+00 - val_recall: 0.0000e+00 - lr: 1.0000e-06
Epoch 42/100

Epoch 00042: val_loss improved from 2.45171 to 2.26346, saving model to /cs/scratch/as521/models/checkpoints/vgg16-model.h5
810/810 - 250s - loss: 2.3557 - accuracy: 0.5000 - mse: 0.4438 - precision: 0.0000e+00 - recall: 0.0000e+00 - val_loss: 2.2635 - val_accuracy: 0.5000 - val_mse: 0.4622 - val_precision: 0.0000e+00 - val_recall: 0.0000e+00 - lr: 1.0000e-06
Epoch 43/100

Epoch 00043: val_loss improved from 2.26346 to 2.09656, saving model to /cs/scratch/as521/models/checkpoints/vgg16-model.h5
810/810 - 250s - loss: 2.1783 - accuracy: 0.5000 - mse: 0.4603 - precision: 0.0000e+00 - recall: 0.0000e+00 - val_loss: 2.0966 - val_accuracy: 0.5000 - val_mse: 0.4614 - val_precision: 0.0000e+00 - val_recall: 0.0000e+00 - lr: 1.0000e-06
Epoch 44/100

Epoch 00044: val_loss improved from 2.09656 to 1.94897, saving model to /cs/scratch/as521/models/checkpoints/vgg16-model.h5
810/810 - 250s - loss: 2.0215 - accuracy: 0.5000 - mse: 0.4614 - precision: 0.0000e+00 - recall: 0.0000e+00 - val_loss: 1.9490 - val_accuracy: 0.5000 - val_mse: 0.4662 - val_precision: 0.0000e+00 - val_recall: 0.0000e+00 - lr: 1.0000e-06
Epoch 45/100

Epoch 00045: val_loss improved from 1.94897 to 1.81846, saving model to /cs/scratch/as521/models/checkpoints/vgg16-model.h5
810/810 - 250s - loss: 1.8826 - accuracy: 0.5000 - mse: 0.4650 - precision: 0.0000e+00 - recall: 0.0000e+00 - val_loss: 1.8185 - val_accuracy: 0.5000 - val_mse: 0.4718 - val_precision: 0.0000e+00 - val_recall: 0.0000e+00 - lr: 1.0000e-06
Epoch 46/100

Epoch 00046: val_loss improved from 1.81846 to 1.70286, saving model to /cs/scratch/as521/models/checkpoints/vgg16-model.h5
810/810 - 247s - loss: 1.7596 - accuracy: 0.5000 - mse: 0.4675 - precision: 0.0000e+00 - recall: 0.0000e+00 - val_loss: 1.7029 - val_accuracy: 0.5000 - val_mse: 0.4747 - val_precision: 0.0000e+00 - val_recall: 0.0000e+00 - lr: 1.0000e-06
Epoch 47/100

Epoch 00047: val_loss improved from 1.70286 to 1.60015, saving model to /cs/scratch/as521/models/checkpoints/vgg16-model.h5
810/810 - 249s - loss: 1.6505 - accuracy: 0.5000 - mse: 0.4751 - precision: 0.0000e+00 - recall: 0.0000e+00 - val_loss: 1.6001 - val_accuracy: 0.5000 - val_mse: 0.4727 - val_precision: 0.0000e+00 - val_recall: 0.0000e+00 - lr: 1.0000e-06
Epoch 48/100

Epoch 00048: val_loss improved from 1.60015 to 1.50853, saving model to /cs/scratch/as521/models/checkpoints/vgg16-model.h5
810/810 - 248s - loss: 1.5537 - accuracy: 0.5000 - mse: 0.4789 - precision: 0.0000e+00 - recall: 0.0000e+00 - val_loss: 1.5085 - val_accuracy: 0.5000 - val_mse: 0.4761 - val_precision: 0.0000e+00 - val_recall: 0.0000e+00 - lr: 1.0000e-06
Epoch 49/100

Epoch 00049: val_loss improved from 1.50853 to 1.42643, saving model to /cs/scratch/as521/models/checkpoints/vgg16-model.h5
810/810 - 250s - loss: 1.4668 - accuracy: 0.5000 - mse: 0.4801 - precision: 0.0000e+00 - recall: 0.0000e+00 - val_loss: 1.4264 - val_accuracy: 0.5000 - val_mse: 0.4789 - val_precision: 0.0000e+00 - val_recall: 0.0000e+00 - lr: 1.0000e-06
Epoch 50/100

Epoch 00050: val_loss improved from 1.42643 to 1.35261, saving model to /cs/scratch/as521/models/checkpoints/vgg16-model.h5
810/810 - 250s - loss: 1.3890 - accuracy: 0.5000 - mse: 0.4790 - precision: 0.0000e+00 - recall: 0.0000e+00 - val_loss: 1.3526 - val_accuracy: 0.5000 - val_mse: 0.4818 - val_precision: 0.0000e+00 - val_recall: 0.0000e+00 - lr: 1.0000e-06
Epoch 51/100

Epoch 00051: val_loss improved from 1.35261 to 1.28603, saving model to /cs/scratch/as521/models/checkpoints/vgg16-model.h5
810/810 - 250s - loss: 1.3189 - accuracy: 0.5000 - mse: 0.4834 - precision: 0.0000e+00 - recall: 0.0000e+00 - val_loss: 1.2860 - val_accuracy: 0.5000 - val_mse: 0.4830 - val_precision: 0.0000e+00 - val_recall: 0.0000e+00 - lr: 1.0000e-06
Epoch 52/100

Epoch 00052: val_loss improved from 1.28603 to 1.22591, saving model to /cs/scratch/as521/models/checkpoints/vgg16-model.h5
810/810 - 250s - loss: 1.2555 - accuracy: 0.5000 - mse: 0.4804 - precision: 0.0000e+00 - recall: 0.0000e+00 - val_loss: 1.2259 - val_accuracy: 0.5000 - val_mse: 0.4855 - val_precision: 0.0000e+00 - val_recall: 0.0000e+00 - lr: 1.0000e-06
Epoch 53/100

Epoch 00053: val_loss improved from 1.22591 to 1.17156, saving model to /cs/scratch/as521/models/checkpoints/vgg16-model.h5
810/810 - 250s - loss: 1.1983 - accuracy: 0.5000 - mse: 0.4821 - precision: 0.0000e+00 - recall: 0.0000e+00 - val_loss: 1.1716 - val_accuracy: 0.5000 - val_mse: 0.4868 - val_precision: 0.0000e+00 - val_recall: 0.0000e+00 - lr: 1.0000e-06
Epoch 54/100

Epoch 00054: val_loss improved from 1.17156 to 1.12240, saving model to /cs/scratch/as521/models/checkpoints/vgg16-model.h5
810/810 - 251s - loss: 1.1466 - accuracy: 0.5000 - mse: 0.4864 - precision: 0.0000e+00 - recall: 0.0000e+00 - val_loss: 1.1224 - val_accuracy: 0.5000 - val_mse: 0.4862 - val_precision: 0.0000e+00 - val_recall: 0.0000e+00 - lr: 1.0000e-06
Epoch 55/100

Epoch 00055: val_loss improved from 1.12240 to 1.07793, saving model to /cs/scratch/as521/models/checkpoints/vgg16-model.h5
810/810 - 247s - loss: 1.0998 - accuracy: 0.5000 - mse: 0.4871 - precision: 0.0000e+00 - recall: 0.0000e+00 - val_loss: 1.0779 - val_accuracy: 0.5000 - val_mse: 0.4868 - val_precision: 0.0000e+00 - val_recall: 0.0000e+00 - lr: 1.0000e-06
Epoch 56/100

Epoch 00056: val_loss improved from 1.07793 to 1.03767, saving model to /cs/scratch/as521/models/checkpoints/vgg16-model.h5
810/810 - 248s - loss: 1.0575 - accuracy: 0.5000 - mse: 0.4879 - precision: 0.0000e+00 - recall: 0.0000e+00 - val_loss: 1.0377 - val_accuracy: 0.5000 - val_mse: 0.4882 - val_precision: 0.0000e+00 - val_recall: 0.0000e+00 - lr: 1.0000e-06
Epoch 57/100

Epoch 00057: val_loss improved from 1.03767 to 1.00123, saving model to /cs/scratch/as521/models/checkpoints/vgg16-model.h5
810/810 - 248s - loss: 1.0192 - accuracy: 0.5000 - mse: 0.4885 - precision: 0.0000e+00 - recall: 0.0000e+00 - val_loss: 1.0012 - val_accuracy: 0.5000 - val_mse: 0.4898 - val_precision: 0.0000e+00 - val_recall: 0.0000e+00 - lr: 1.0000e-06
Epoch 58/100

Epoch 00058: val_loss improved from 1.00123 to 0.96828, saving model to /cs/scratch/as521/models/checkpoints/vgg16-model.h5
810/810 - 249s - loss: 0.9845 - accuracy: 0.5000 - mse: 0.4890 - precision: 0.0000e+00 - recall: 0.0000e+00 - val_loss: 0.9683 - val_accuracy: 0.5000 - val_mse: 0.4906 - val_precision: 0.0000e+00 - val_recall: 0.0000e+00 - lr: 1.0000e-06
Epoch 59/100

Epoch 00059: val_loss improved from 0.96828 to 0.93853, saving model to /cs/scratch/as521/models/checkpoints/vgg16-model.h5
810/810 - 249s - loss: 0.9532 - accuracy: 0.5000 - mse: 0.4904 - precision: 0.0000e+00 - recall: 0.0000e+00 - val_loss: 0.9385 - val_accuracy: 0.5000 - val_mse: 0.4913 - val_precision: 0.0000e+00 - val_recall: 0.0000e+00 - lr: 1.0000e-06
Epoch 60/100

Epoch 00060: val_loss improved from 0.93853 to 0.91172, saving model to /cs/scratch/as521/models/checkpoints/vgg16-model.h5
810/810 - 249s - loss: 0.9250 - accuracy: 0.5000 - mse: 0.4919 - precision: 0.0000e+00 - recall: 0.0000e+00 - val_loss: 0.9117 - val_accuracy: 0.5000 - val_mse: 0.4923 - val_precision: 0.0000e+00 - val_recall: 0.0000e+00 - lr: 1.0000e-06
Epoch 61/100

Epoch 00061: val_loss improved from 0.91172 to 0.88762, saving model to /cs/scratch/as521/models/checkpoints/vgg16-model.h5
810/810 - 249s - loss: 0.8995 - accuracy: 0.5000 - mse: 0.4927 - precision: 0.0000e+00 - recall: 0.0000e+00 - val_loss: 0.8876 - val_accuracy: 0.5000 - val_mse: 0.4927 - val_precision: 0.0000e+00 - val_recall: 0.0000e+00 - lr: 1.0000e-06
Epoch 62/100

Epoch 00062: val_loss improved from 0.88762 to 0.86599, saving model to /cs/scratch/as521/models/checkpoints/vgg16-model.h5
810/810 - 250s - loss: 0.8766 - accuracy: 0.5000 - mse: 0.4921 - precision: 0.0000e+00 - recall: 0.0000e+00 - val_loss: 0.8660 - val_accuracy: 0.5000 - val_mse: 0.4927 - val_precision: 0.0000e+00 - val_recall: 0.0000e+00 - lr: 1.0000e-06
Epoch 63/100

Epoch 00063: val_loss improved from 0.86599 to 0.84661, saving model to /cs/scratch/as521/models/checkpoints/vgg16-model.h5
810/810 - 249s - loss: 0.8561 - accuracy: 0.5000 - mse: 0.4923 - precision: 0.0000e+00 - recall: 0.0000e+00 - val_loss: 0.8466 - val_accuracy: 0.5000 - val_mse: 0.4925 - val_precision: 0.0000e+00 - val_recall: 0.0000e+00 - lr: 1.0000e-06
Epoch 64/100

Epoch 00064: val_loss improved from 0.84661 to 0.82928, saving model to /cs/scratch/as521/models/checkpoints/vgg16-model.h5
810/810 - 246s - loss: 0.8378 - accuracy: 0.5000 - mse: 0.4924 - precision: 0.0000e+00 - recall: 0.0000e+00 - val_loss: 0.8293 - val_accuracy: 0.5000 - val_mse: 0.4934 - val_precision: 0.0000e+00 - val_recall: 0.0000e+00 - lr: 1.0000e-06
Epoch 65/100

Epoch 00065: val_loss improved from 0.82928 to 0.81379, saving model to /cs/scratch/as521/models/checkpoints/vgg16-model.h5
810/810 - 247s - loss: 0.8214 - accuracy: 0.5000 - mse: 0.4929 - precision: 0.0000e+00 - recall: 0.0000e+00 - val_loss: 0.8138 - val_accuracy: 0.5000 - val_mse: 0.4935 - val_precision: 0.0000e+00 - val_recall: 0.0000e+00 - lr: 1.0000e-06
Epoch 66/100

Epoch 00066: val_loss improved from 0.81379 to 0.79995, saving model to /cs/scratch/as521/models/checkpoints/vgg16-model.h5
810/810 - 247s - loss: 0.8068 - accuracy: 0.5000 - mse: 0.4936 - precision: 0.0000e+00 - recall: 0.0000e+00 - val_loss: 0.8000 - val_accuracy: 0.5000 - val_mse: 0.4935 - val_precision: 0.0000e+00 - val_recall: 0.0000e+00 - lr: 1.0000e-06
Epoch 67/100

Epoch 00067: val_loss improved from 0.79995 to 0.78759, saving model to /cs/scratch/as521/models/checkpoints/vgg16-model.h5
810/810 - 248s - loss: 0.7937 - accuracy: 0.5000 - mse: 0.4942 - precision: 0.0000e+00 - recall: 0.0000e+00 - val_loss: 0.7876 - val_accuracy: 0.5000 - val_mse: 0.4938 - val_precision: 0.0000e+00 - val_recall: 0.0000e+00 - lr: 1.0000e-06
Epoch 68/100

Epoch 00068: val_loss improved from 0.78759 to 0.77655, saving model to /cs/scratch/as521/models/checkpoints/vgg16-model.h5
810/810 - 248s - loss: 0.7820 - accuracy: 0.5000 - mse: 0.4941 - precision: 0.0000e+00 - recall: 0.0000e+00 - val_loss: 0.7766 - val_accuracy: 0.5000 - val_mse: 0.4940 - val_precision: 0.0000e+00 - val_recall: 0.0000e+00 - lr: 1.0000e-06
Epoch 69/100

Epoch 00069: val_loss improved from 0.77655 to 0.76669, saving model to /cs/scratch/as521/models/checkpoints/vgg16-model.h5
810/810 - 248s - loss: 0.7716 - accuracy: 0.5000 - mse: 0.4944 - precision: 0.0000e+00 - recall: 0.0000e+00 - val_loss: 0.7667 - val_accuracy: 0.5000 - val_mse: 0.4943 - val_precision: 0.0000e+00 - val_recall: 0.0000e+00 - lr: 1.0000e-06
Epoch 70/100

Epoch 00070: val_loss improved from 0.76669 to 0.75789, saving model to /cs/scratch/as521/models/checkpoints/vgg16-model.h5
810/810 - 247s - loss: 0.7622 - accuracy: 0.5000 - mse: 0.4945 - precision: 0.0000e+00 - recall: 0.0000e+00 - val_loss: 0.7579 - val_accuracy: 0.5000 - val_mse: 0.4943 - val_precision: 0.0000e+00 - val_recall: 0.0000e+00 - lr: 1.0000e-06
Epoch 71/100

Epoch 00071: val_loss improved from 0.75789 to 0.75006, saving model to /cs/scratch/as521/models/checkpoints/vgg16-model.h5
810/810 - 248s - loss: 0.7539 - accuracy: 0.5000 - mse: 0.4952 - precision: 0.0000e+00 - recall: 0.0000e+00 - val_loss: 0.7501 - val_accuracy: 0.5000 - val_mse: 0.4942 - val_precision: 0.0000e+00 - val_recall: 0.0000e+00 - lr: 1.0000e-06
Epoch 72/100

Epoch 00072: val_loss improved from 0.75006 to 0.74310, saving model to /cs/scratch/as521/models/checkpoints/vgg16-model.h5
810/810 - 248s - loss: 0.7465 - accuracy: 0.5000 - mse: 0.4934 - precision: 0.0000e+00 - recall: 0.0000e+00 - val_loss: 0.7431 - val_accuracy: 0.5000 - val_mse: 0.4942 - val_precision: 0.0000e+00 - val_recall: 0.0000e+00 - lr: 1.0000e-06
Epoch 73/100

Epoch 00073: val_loss improved from 0.74310 to 0.73692, saving model to /cs/scratch/as521/models/checkpoints/vgg16-model.h5
810/810 - 245s - loss: 0.7400 - accuracy: 0.5000 - mse: 0.4942 - precision: 0.0000e+00 - recall: 0.0000e+00 - val_loss: 0.7369 - val_accuracy: 0.5000 - val_mse: 0.4946 - val_precision: 0.0000e+00 - val_recall: 0.0000e+00 - lr: 1.0000e-06
Epoch 74/100

Epoch 00074: val_loss improved from 0.73692 to 0.73145, saving model to /cs/scratch/as521/models/checkpoints/vgg16-model.h5
810/810 - 247s - loss: 0.7342 - accuracy: 0.5000 - mse: 0.4947 - precision: 0.0000e+00 - recall: 0.0000e+00 - val_loss: 0.7315 - val_accuracy: 0.5000 - val_mse: 0.4951 - val_precision: 0.0000e+00 - val_recall: 0.0000e+00 - lr: 1.0000e-06
Epoch 75/100

Epoch 00075: val_loss improved from 0.73145 to 0.72662, saving model to /cs/scratch/as521/models/checkpoints/vgg16-model.h5
810/810 - 246s - loss: 0.7290 - accuracy: 0.5000 - mse: 0.4955 - precision: 0.0000e+00 - recall: 0.0000e+00 - val_loss: 0.7266 - val_accuracy: 0.5000 - val_mse: 0.4954 - val_precision: 0.0000e+00 - val_recall: 0.0000e+00 - lr: 1.0000e-06
Epoch 76/100

Epoch 00076: val_loss improved from 0.72662 to 0.72235, saving model to /cs/scratch/as521/models/checkpoints/vgg16-model.h5
810/810 - 248s - loss: 0.7244 - accuracy: 0.5000 - mse: 0.4953 - precision: 0.0000e+00 - recall: 0.0000e+00 - val_loss: 0.7223 - val_accuracy: 0.5000 - val_mse: 0.4950 - val_precision: 0.0000e+00 - val_recall: 0.0000e+00 - lr: 1.0000e-06
Epoch 77/100

Epoch 00077: val_loss improved from 0.72235 to 0.71858, saving model to /cs/scratch/as521/models/checkpoints/vgg16-model.h5
810/810 - 247s - loss: 0.7204 - accuracy: 0.5000 - mse: 0.4951 - precision: 0.0000e+00 - recall: 0.0000e+00 - val_loss: 0.7186 - val_accuracy: 0.5000 - val_mse: 0.4955 - val_precision: 0.0000e+00 - val_recall: 0.0000e+00 - lr: 1.0000e-06
Epoch 78/100

Epoch 00078: val_loss improved from 0.71858 to 0.71525, saving model to /cs/scratch/as521/models/checkpoints/vgg16-model.h5
810/810 - 247s - loss: 0.7169 - accuracy: 0.5000 - mse: 0.4951 - precision: 0.0000e+00 - recall: 0.0000e+00 - val_loss: 0.7153 - val_accuracy: 0.5000 - val_mse: 0.4959 - val_precision: 0.0000e+00 - val_recall: 0.0000e+00 - lr: 1.0000e-06
Epoch 79/100

Epoch 00079: val_loss improved from 0.71525 to 0.71232, saving model to /cs/scratch/as521/models/checkpoints/vgg16-model.h5
810/810 - 248s - loss: 0.7138 - accuracy: 0.5000 - mse: 0.4961 - precision: 0.0000e+00 - recall: 0.0000e+00 - val_loss: 0.7123 - val_accuracy: 0.5000 - val_mse: 0.4958 - val_precision: 0.0000e+00 - val_recall: 0.0000e+00 - lr: 1.0000e-06
Epoch 80/100

Epoch 00080: val_loss improved from 0.71232 to 0.70975, saving model to /cs/scratch/as521/models/checkpoints/vgg16-model.h5
810/810 - 248s - loss: 0.7110 - accuracy: 0.5000 - mse: 0.4962 - precision: 0.0000e+00 - recall: 0.0000e+00 - val_loss: 0.7097 - val_accuracy: 0.5000 - val_mse: 0.4966 - val_precision: 0.0000e+00 - val_recall: 0.0000e+00 - lr: 1.0000e-06
Epoch 81/100

Epoch 00081: val_loss improved from 0.70975 to 0.70749, saving model to /cs/scratch/as521/models/checkpoints/vgg16-model.h5
810/810 - 248s - loss: 0.7086 - accuracy: 0.5000 - mse: 0.4956 - precision: 0.0000e+00 - recall: 0.0000e+00 - val_loss: 0.7075 - val_accuracy: 0.5000 - val_mse: 0.4964 - val_precision: 0.0000e+00 - val_recall: 0.0000e+00 - lr: 1.0000e-06
Epoch 82/100

Epoch 00082: val_loss improved from 0.70749 to 0.70553, saving model to /cs/scratch/as521/models/checkpoints/vgg16-model.h5
810/810 - 245s - loss: 0.7065 - accuracy: 0.5000 - mse: 0.4958 - precision: 0.0000e+00 - recall: 0.0000e+00 - val_loss: 0.7055 - val_accuracy: 0.5000 - val_mse: 0.4960 - val_precision: 0.0000e+00 - val_recall: 0.0000e+00 - lr: 1.0000e-06
Epoch 83/100

Epoch 00083: val_loss improved from 0.70553 to 0.70384, saving model to /cs/scratch/as521/models/checkpoints/vgg16-model.h5
810/810 - 246s - loss: 0.7047 - accuracy: 0.5000 - mse: 0.4958 - precision: 0.0000e+00 - recall: 0.0000e+00 - val_loss: 0.7038 - val_accuracy: 0.5000 - val_mse: 0.4963 - val_precision: 0.0000e+00 - val_recall: 0.0000e+00 - lr: 1.0000e-06
Epoch 84/100

Epoch 00084: val_loss improved from 0.70384 to 0.70239, saving model to /cs/scratch/as521/models/checkpoints/vgg16-model.h5
810/810 - 246s - loss: 0.7031 - accuracy: 0.5000 - mse: 0.4956 - precision: 0.0000e+00 - recall: 0.0000e+00 - val_loss: 0.7024 - val_accuracy: 0.5000 - val_mse: 0.4964 - val_precision: 0.0000e+00 - val_recall: 0.0000e+00 - lr: 1.0000e-06
Epoch 85/100

Epoch 00085: val_loss improved from 0.70239 to 0.70115, saving model to /cs/scratch/as521/models/checkpoints/vgg16-model.h5
810/810 - 247s - loss: 0.7018 - accuracy: 0.5000 - mse: 0.4961 - precision: 0.0000e+00 - recall: 0.0000e+00 - val_loss: 0.7012 - val_accuracy: 0.5000 - val_mse: 0.4965 - val_precision: 0.0000e+00 - val_recall: 0.0000e+00 - lr: 1.0000e-06
Epoch 86/100

Epoch 00086: val_loss improved from 0.70115 to 0.70011, saving model to /cs/scratch/as521/models/checkpoints/vgg16-model.h5
810/810 - 247s - loss: 0.7006 - accuracy: 0.5000 - mse: 0.4962 - precision: 0.0000e+00 - recall: 0.0000e+00 - val_loss: 0.7001 - val_accuracy: 0.5000 - val_mse: 0.4964 - val_precision: 0.0000e+00 - val_recall: 0.0000e+00 - lr: 1.0000e-06
Epoch 87/100

Epoch 00087: val_loss improved from 0.70011 to 0.69923, saving model to /cs/scratch/as521/models/checkpoints/vgg16-model.h5
810/810 - 247s - loss: 0.6997 - accuracy: 0.5000 - mse: 0.4961 - precision: 0.0000e+00 - recall: 0.0000e+00 - val_loss: 0.6992 - val_accuracy: 0.5000 - val_mse: 0.4962 - val_precision: 0.0000e+00 - val_recall: 0.0000e+00 - lr: 1.0000e-06
Epoch 88/100

Epoch 00088: val_loss improved from 0.69923 to 0.69851, saving model to /cs/scratch/as521/models/checkpoints/vgg16-model.h5
810/810 - 248s - loss: 0.6989 - accuracy: 0.5000 - mse: 0.4970 - precision: 0.0000e+00 - recall: 0.0000e+00 - val_loss: 0.6985 - val_accuracy: 0.5000 - val_mse: 0.4963 - val_precision: 0.0000e+00 - val_recall: 0.0000e+00 - lr: 1.0000e-06
Epoch 89/100

Epoch 00089: val_loss improved from 0.69851 to 0.69791, saving model to /cs/scratch/as521/models/checkpoints/vgg16-model.h5
810/810 - 248s - loss: 0.6982 - accuracy: 0.5000 - mse: 0.4962 - precision: 0.0000e+00 - recall: 0.0000e+00 - val_loss: 0.6979 - val_accuracy: 0.5000 - val_mse: 0.4966 - val_precision: 0.0000e+00 - val_recall: 0.0000e+00 - lr: 1.0000e-06
Epoch 90/100

Epoch 00090: val_loss improved from 0.69791 to 0.69741, saving model to /cs/scratch/as521/models/checkpoints/vgg16-model.h5
810/810 - 248s - loss: 0.6977 - accuracy: 0.5000 - mse: 0.4957 - precision: 0.0000e+00 - recall: 0.0000e+00 - val_loss: 0.6974 - val_accuracy: 0.5000 - val_mse: 0.4966 - val_precision: 0.0000e+00 - val_recall: 0.0000e+00 - lr: 1.0000e-06
Epoch 91/100

Epoch 00091: val_loss improved from 0.69741 to 0.69700, saving model to /cs/scratch/as521/models/checkpoints/vgg16-model.h5
810/810 - 247s - loss: 0.6972 - accuracy: 0.5000 - mse: 0.4965 - precision: 0.0000e+00 - recall: 0.0000e+00 - val_loss: 0.6970 - val_accuracy: 0.5000 - val_mse: 0.4969 - val_precision: 0.0000e+00 - val_recall: 0.0000e+00 - lr: 1.0000e-06
Epoch 92/100

Epoch 00092: val_loss improved from 0.69700 to 0.69665, saving model to /cs/scratch/as521/models/checkpoints/vgg16-model.h5
810/810 - 246s - loss: 0.6968 - accuracy: 0.5000 - mse: 0.4961 - precision: 0.0000e+00 - recall: 0.0000e+00 - val_loss: 0.6966 - val_accuracy: 0.5000 - val_mse: 0.4970 - val_precision: 0.0000e+00 - val_recall: 0.0000e+00 - lr: 1.0000e-06
Epoch 93/100

Epoch 00093: val_loss improved from 0.69665 to 0.69635, saving model to /cs/scratch/as521/models/checkpoints/vgg16-model.h5
810/810 - 246s - loss: 0.6965 - accuracy: 0.5000 - mse: 0.4970 - precision: 0.0000e+00 - recall: 0.0000e+00 - val_loss: 0.6964 - val_accuracy: 0.5000 - val_mse: 0.4967 - val_precision: 0.0000e+00 - val_recall: 0.0000e+00 - lr: 1.0000e-06
Epoch 94/100

Epoch 00094: val_loss improved from 0.69635 to 0.69610, saving model to /cs/scratch/as521/models/checkpoints/vgg16-model.h5
810/810 - 247s - loss: 0.6962 - accuracy: 0.5000 - mse: 0.4967 - precision: 0.0000e+00 - recall: 0.0000e+00 - val_loss: 0.6961 - val_accuracy: 0.5000 - val_mse: 0.4964 - val_precision: 0.0000e+00 - val_recall: 0.0000e+00 - lr: 1.0000e-06
Epoch 95/100

Epoch 00095: val_loss improved from 0.69610 to 0.69587, saving model to /cs/scratch/as521/models/checkpoints/vgg16-model.h5
810/810 - 247s - loss: 0.6960 - accuracy: 0.5000 - mse: 0.4966 - precision: 0.0000e+00 - recall: 0.0000e+00 - val_loss: 0.6959 - val_accuracy: 0.5000 - val_mse: 0.4966 - val_precision: 0.0000e+00 - val_recall: 0.0000e+00 - lr: 1.0000e-06
Epoch 96/100

Epoch 00096: val_loss improved from 0.69587 to 0.69566, saving model to /cs/scratch/as521/models/checkpoints/vgg16-model.h5
810/810 - 247s - loss: 0.6958 - accuracy: 0.5000 - mse: 0.4959 - precision: 0.0000e+00 - recall: 0.0000e+00 - val_loss: 0.6957 - val_accuracy: 0.5000 - val_mse: 0.4966 - val_precision: 0.0000e+00 - val_recall: 0.0000e+00 - lr: 1.0000e-06
Epoch 97/100

Epoch 00097: val_loss improved from 0.69566 to 0.69547, saving model to /cs/scratch/as521/models/checkpoints/vgg16-model.h5
810/810 - 248s - loss: 0.6956 - accuracy: 0.5000 - mse: 0.4965 - precision: 0.0000e+00 - recall: 0.0000e+00 - val_loss: 0.6955 - val_accuracy: 0.5000 - val_mse: 0.4968 - val_precision: 0.0000e+00 - val_recall: 0.0000e+00 - lr: 1.0000e-06
Epoch 98/100

Epoch 00098: val_loss improved from 0.69547 to 0.69528, saving model to /cs/scratch/as521/models/checkpoints/vgg16-model.h5
810/810 - 247s - loss: 0.6954 - accuracy: 0.5000 - mse: 0.4961 - precision: 0.0000e+00 - recall: 0.0000e+00 - val_loss: 0.6953 - val_accuracy: 0.5000 - val_mse: 0.4965 - val_precision: 0.0000e+00 - val_recall: 0.0000e+00 - lr: 1.0000e-06
Epoch 99/100

Epoch 00099: val_loss improved from 0.69528 to 0.69512, saving model to /cs/scratch/as521/models/checkpoints/vgg16-model.h5
810/810 - 248s - loss: 0.6952 - accuracy: 0.5000 - mse: 0.4969 - precision: 0.0000e+00 - recall: 0.0000e+00 - val_loss: 0.6951 - val_accuracy: 0.5000 - val_mse: 0.4964 - val_precision: 0.0000e+00 - val_recall: 0.0000e+00 - lr: 1.0000e-06
Epoch 100/100

Epoch 00100: val_loss improved from 0.69512 to 0.69496, saving model to /cs/scratch/as521/models/checkpoints/vgg16-model.h5
810/810 - 246s - loss: 0.6950 - accuracy: 0.5000 - mse: 0.4955 - precision: 0.0000e+00 - recall: 0.0000e+00 - val_loss: 0.6950 - val_accuracy: 0.5000 - val_mse: 0.4960 - val_precision: 0.0000e+00 - val_recall: 0.0000e+00 - lr: 1.0000e-06
Evaluating results...
Validation
[180   0]
[180   0]
Training
[810   0]
[810   0]

Total execution time:  6:56:12.271832
Final evalutaiton...
180/180 - 15s - loss: 0.6950 - accuracy: 0.5000 - mse: 0.4960 - precision: 0.0000e+00 - recall: 0.0000e+00
{'loss': 0.6949600577354431, 'accuracy': 0.5, 'mse': 0.49597176909446716, 'precision': 0.0, 'recall': 0.0}
WARNING:tensorflow:`epsilon` argument is deprecated and will be removed, use `min_delta` instead.
2020-08-05 16:08:57.776323: W tensorflow/core/common_runtime/bfc_allocator.cc:245] Allocator (GPU_0_bfc) ran out of memory trying to allocate 1.78GiB with freed_by_count=0. The caller indicates that this is not a failure, but may mean that there could be performance gains if more memory were available.
2020-08-05 16:08:57.883988: W tensorflow/core/common_runtime/bfc_allocator.cc:245] Allocator (GPU_0_bfc) ran out of memory trying to allocate 3.14GiB with freed_by_count=0. The caller indicates that this is not a failure, but may mean that there could be performance gains if more memory were available.
2020-08-05 16:08:57.923864: W tensorflow/core/common_runtime/bfc_allocator.cc:245] Allocator (GPU_0_bfc) ran out of memory trying to allocate 2.10GiB with freed_by_count=0. The caller indicates that this is not a failure, but may mean that there could be performance gains if more memory were available.
2020-08-05 16:08:58.032443: W tensorflow/core/common_runtime/bfc_allocator.cc:245] Allocator (GPU_0_bfc) ran out of memory trying to allocate 2.08GiB with freed_by_count=0. The caller indicates that this is not a failure, but may mean that there could be performance gains if more memory were available.
2020-08-05 16:08:58.044206: W tensorflow/core/common_runtime/bfc_allocator.cc:245] Allocator (GPU_0_bfc) ran out of memory trying to allocate 2.10GiB with freed_by_count=0. The caller indicates that this is not a failure, but may mean that there could be performance gains if more memory were available.
2020-08-05 16:08:58.072463: W tensorflow/core/common_runtime/bfc_allocator.cc:245] Allocator (GPU_0_bfc) ran out of memory trying to allocate 3.13GiB with freed_by_count=0. The caller indicates that this is not a failure, but may mean that there could be performance gains if more memory were available.
2020-08-05 16:08:58.113025: W tensorflow/core/common_runtime/bfc_allocator.cc:245] Allocator (GPU_0_bfc) ran out of memory trying to allocate 3.11GiB with freed_by_count=0. The caller indicates that this is not a failure, but may mean that there could be performance gains if more memory were available.
2020-08-05 16:08:58.304220: W tensorflow/core/common_runtime/bfc_allocator.cc:245] Allocator (GPU_0_bfc) ran out of memory trying to allocate 1.78GiB with freed_by_count=0. The caller indicates that this is not a failure, but may mean that there could be performance gains if more memory were available.
2020-08-05 16:08:58.419391: W tensorflow/core/common_runtime/bfc_allocator.cc:245] Allocator (GPU_0_bfc) ran out of memory trying to allocate 1.78GiB with freed_by_count=0. The caller indicates that this is not a failure, but may mean that there could be performance gains if more memory were available.
2020-08-05 16:12:38.573007: W tensorflow/core/framework/cpu_allocator_impl.cc:81] Allocation of 1073741824 exceeds 10% of free system memory.
2020-08-05 16:12:40.403345: W tensorflow/core/framework/cpu_allocator_impl.cc:81] Allocation of 1073741824 exceeds 10% of free system memory.
2020-08-05 16:12:41.644005: W tensorflow/core/framework/cpu_allocator_impl.cc:81] Allocation of 1073741824 exceeds 10% of free system memory.
Preparing...
Loading dataset...
4893.004670274749 -3230.518254521652
4863.728119230238 -3309.0571501744225
1.0 0.0
1.0 0.0
Creating the model...
Model: "sequential"
_________________________________________________________________
Layer (type)                 Output Shape              Param #   
=================================================================
conv2d (Conv2D)              (None, 502, 502, 96)      11712     
_________________________________________________________________
batch_normalization (BatchNo (None, 502, 502, 96)      384       
_________________________________________________________________
activation (Activation)      (None, 502, 502, 96)      0         
_________________________________________________________________
max_pooling2d (MaxPooling2D) (None, 167, 167, 96)      0         
_________________________________________________________________
conv2d_1 (Conv2D)            (None, 163, 163, 384)     921984    
_________________________________________________________________
activation_1 (Activation)    (None, 163, 163, 384)     0         
_________________________________________________________________
max_pooling2d_1 (MaxPooling2 (None, 54, 54, 384)       0         
_________________________________________________________________
conv2d_2 (Conv2D)            (None, 52, 52, 384)       1327488   
_________________________________________________________________
conv2d_3 (Conv2D)            (None, 50, 50, 256)       884992    
_________________________________________________________________
conv2d_4 (Conv2D)            (None, 48, 48, 256)       590080    
_________________________________________________________________
activation_2 (Activation)    (None, 48, 48, 256)       0         
_________________________________________________________________
max_pooling2d_2 (MaxPooling2 (None, 16, 16, 256)       0         
_________________________________________________________________
flatten (Flatten)            (None, 65536)             0         
_________________________________________________________________
dense (Dense)                (None, 4096)              268439552 
_________________________________________________________________
dropout (Dropout)            (None, 4096)              0         
_________________________________________________________________
dense_1 (Dense)              (None, 4096)              16781312  
_________________________________________________________________
dropout_1 (Dropout)          (None, 4096)              0         
_________________________________________________________________
dense_2 (Dense)              (None, 1)                 4097      
=================================================================
Total params: 288,961,601
Trainable params: 288,961,409
Non-trainable params: 192
_________________________________________________________________
None
Training the model...
Epoch 1/100

Epoch 00001: val_loss improved from inf to 49.04927, saving model to /cs/scratch/as521/models/checkpoints/baseline-model.h5
810/810 - 226s - loss: 76.1958 - accuracy: 0.4994 - mse: 0.4144 - precision: 0.0000e+00 - recall: 0.0000e+00 - val_loss: 49.0493 - val_accuracy: 0.5000 - val_mse: 0.3441 - val_precision: 0.0000e+00 - val_recall: 0.0000e+00 - lr: 1.0000e-05
2020-08-05 16:16:25.158010: W tensorflow/core/framework/cpu_allocator_impl.cc:81] Allocation of 1073741824 exceeds 10% of free system memory.
2020-08-05 16:16:27.006027: W tensorflow/core/framework/cpu_allocator_impl.cc:81] Allocation of 1073741824 exceeds 10% of free system memory.
Epoch 2/100

Epoch 00002: val_loss improved from 49.04927 to 20.28674, saving model to /cs/scratch/as521/models/checkpoints/baseline-model.h5
810/810 - 227s - loss: 32.8362 - accuracy: 0.5315 - mse: 0.3658 - precision: 0.7476 - recall: 0.0951 - val_loss: 20.2867 - val_accuracy: 0.5028 - val_mse: 0.3925 - val_precision: 1.0000 - val_recall: 0.0056 - lr: 1.0000e-05
Epoch 3/100

Epoch 00003: val_loss improved from 20.28674 to 7.64268, saving model to /cs/scratch/as521/models/checkpoints/baseline-model.h5
810/810 - 227s - loss: 13.0596 - accuracy: 0.5710 - mse: 0.3274 - precision: 0.7805 - recall: 0.1975 - val_loss: 7.6427 - val_accuracy: 0.5639 - val_mse: 0.3546 - val_precision: 1.0000 - val_recall: 0.1278 - lr: 1.0000e-05
Epoch 4/100

Epoch 00004: val_loss improved from 7.64268 to 2.77420, saving model to /cs/scratch/as521/models/checkpoints/baseline-model.h5
810/810 - 227s - loss: 4.8031 - accuracy: 0.5901 - mse: 0.3578 - precision: 0.7992 - recall: 0.2407 - val_loss: 2.7742 - val_accuracy: 0.5306 - val_mse: 0.4225 - val_precision: 1.0000 - val_recall: 0.0611 - lr: 1.0000e-05
Epoch 5/100

Epoch 00005: val_loss improved from 2.77420 to 1.18862, saving model to /cs/scratch/as521/models/checkpoints/baseline-model.h5
810/810 - 227s - loss: 1.8098 - accuracy: 0.6272 - mse: 0.3201 - precision: 0.8323 - recall: 0.3185 - val_loss: 1.1886 - val_accuracy: 0.5528 - val_mse: 0.3431 - val_precision: 0.8519 - val_recall: 0.1278 - lr: 1.0000e-05
Epoch 6/100

Epoch 00006: val_loss improved from 1.18862 to 0.82964, saving model to /cs/scratch/as521/models/checkpoints/baseline-model.h5
810/810 - 227s - loss: 0.9426 - accuracy: 0.6358 - mse: 0.3123 - precision: 0.8354 - recall: 0.3383 - val_loss: 0.8296 - val_accuracy: 0.5139 - val_mse: 0.4612 - val_precision: 1.0000 - val_recall: 0.0278 - lr: 1.0000e-05
Epoch 7/100

Epoch 00007: val_loss improved from 0.82964 to 0.68710, saving model to /cs/scratch/as521/models/checkpoints/baseline-model.h5
810/810 - 226s - loss: 0.7430 - accuracy: 0.6494 - mse: 0.2990 - precision: 0.8201 - recall: 0.3827 - val_loss: 0.6871 - val_accuracy: 0.7194 - val_mse: 0.1870 - val_precision: 0.7842 - val_recall: 0.6056 - lr: 1.0000e-05
Epoch 8/100

Epoch 00008: val_loss did not improve from 0.68710
810/810 - 219s - loss: 0.6961 - accuracy: 0.6685 - mse: 0.2926 - precision: 0.8621 - recall: 0.4012 - val_loss: 0.7011 - val_accuracy: 0.5944 - val_mse: 0.3506 - val_precision: 0.9722 - val_recall: 0.1944 - lr: 1.0000e-05
Epoch 9/100

Epoch 00009: val_loss did not improve from 0.68710
810/810 - 220s - loss: 0.6720 - accuracy: 0.6994 - mse: 0.2646 - precision: 0.8929 - recall: 0.4531 - val_loss: 0.7092 - val_accuracy: 0.5556 - val_mse: 0.4149 - val_precision: 1.0000 - val_recall: 0.1111 - lr: 1.0000e-05
Epoch 10/100

Epoch 00010: val_loss did not improve from 0.68710
810/810 - 220s - loss: 0.6615 - accuracy: 0.7093 - mse: 0.2635 - precision: 0.9270 - recall: 0.4543 - val_loss: 0.7154 - val_accuracy: 0.5333 - val_mse: 0.4466 - val_precision: 1.0000 - val_recall: 0.0667 - lr: 1.0000e-05
Epoch 11/100

Epoch 00011: val_loss did not improve from 0.68710
810/810 - 220s - loss: 0.6503 - accuracy: 0.7327 - mse: 0.2367 - precision: 0.9217 - recall: 0.5086 - val_loss: 0.7188 - val_accuracy: 0.5222 - val_mse: 0.4608 - val_precision: 1.0000 - val_recall: 0.0444 - lr: 1.0000e-05
Epoch 12/100

Epoch 00012: val_loss did not improve from 0.68710
810/810 - 220s - loss: 0.6358 - accuracy: 0.7623 - mse: 0.2141 - precision: 0.9550 - recall: 0.5506 - val_loss: 0.7231 - val_accuracy: 0.5111 - val_mse: 0.4739 - val_precision: 1.0000 - val_recall: 0.0222 - lr: 1.0000e-05
Epoch 13/100

Epoch 00013: val_loss did not improve from 0.68710
810/810 - 220s - loss: 0.6265 - accuracy: 0.7821 - mse: 0.1934 - precision: 0.9561 - recall: 0.5914 - val_loss: 0.7041 - val_accuracy: 0.5667 - val_mse: 0.4272 - val_precision: 1.0000 - val_recall: 0.1333 - lr: 1.0000e-05
Epoch 14/100

Epoch 00014: val_loss improved from 0.68710 to 0.68118, saving model to /cs/scratch/as521/models/checkpoints/baseline-model.h5
810/810 - 227s - loss: 0.6227 - accuracy: 0.7957 - mse: 0.1830 - precision: 0.9579 - recall: 0.6185 - val_loss: 0.6812 - val_accuracy: 0.6111 - val_mse: 0.3511 - val_precision: 0.9167 - val_recall: 0.2444 - lr: 1.0000e-05
Epoch 15/100

Epoch 00015: val_loss improved from 0.68118 to 0.66953, saving model to /cs/scratch/as521/models/checkpoints/baseline-model.h5
810/810 - 226s - loss: 0.6110 - accuracy: 0.8222 - mse: 0.1624 - precision: 0.9694 - recall: 0.6654 - val_loss: 0.6695 - val_accuracy: 0.6639 - val_mse: 0.3113 - val_precision: 0.8933 - val_recall: 0.3722 - lr: 1.0000e-05
Epoch 16/100

Epoch 00016: val_loss improved from 0.66953 to 0.65723, saving model to /cs/scratch/as521/models/checkpoints/baseline-model.h5
810/810 - 226s - loss: 0.6021 - accuracy: 0.8407 - mse: 0.1457 - precision: 0.9759 - recall: 0.6988 - val_loss: 0.6572 - val_accuracy: 0.7000 - val_mse: 0.2766 - val_precision: 0.8750 - val_recall: 0.4667 - lr: 1.0000e-05
Epoch 17/100

Epoch 00017: val_loss did not improve from 0.65723
810/810 - 219s - loss: 0.5955 - accuracy: 0.8574 - mse: 0.1323 - precision: 0.9801 - recall: 0.7296 - val_loss: 0.6719 - val_accuracy: 0.6500 - val_mse: 0.3211 - val_precision: 0.8649 - val_recall: 0.3556 - lr: 1.0000e-05
Epoch 18/100

Epoch 00018: val_loss did not improve from 0.65723
810/810 - 219s - loss: 0.5909 - accuracy: 0.8679 - mse: 0.1253 - precision: 0.9806 - recall: 0.7506 - val_loss: 0.6703 - val_accuracy: 0.6417 - val_mse: 0.3230 - val_precision: 0.8806 - val_recall: 0.3278 - lr: 1.0000e-05
Epoch 19/100

Epoch 00019: val_loss did not improve from 0.65723
810/810 - 219s - loss: 0.5876 - accuracy: 0.8722 - mse: 0.1208 - precision: 0.9839 - recall: 0.7568 - val_loss: 0.6669 - val_accuracy: 0.6528 - val_mse: 0.3152 - val_precision: 0.8873 - val_recall: 0.3500 - lr: 1.0000e-05
Epoch 20/100

Epoch 00020: val_loss improved from 0.65723 to 0.64626, saving model to /cs/scratch/as521/models/checkpoints/baseline-model.h5
810/810 - 226s - loss: 0.5816 - accuracy: 0.8809 - mse: 0.1116 - precision: 0.9905 - recall: 0.7691 - val_loss: 0.6463 - val_accuracy: 0.7083 - val_mse: 0.2635 - val_precision: 0.9121 - val_recall: 0.4611 - lr: 1.0000e-05
Epoch 21/100

Epoch 00021: val_loss did not improve from 0.64626
810/810 - 219s - loss: 0.5799 - accuracy: 0.8833 - mse: 0.1084 - precision: 0.9829 - recall: 0.7802 - val_loss: 0.6589 - val_accuracy: 0.6750 - val_mse: 0.2996 - val_precision: 0.8987 - val_recall: 0.3944 - lr: 1.0000e-05
Epoch 22/100

Epoch 00022: val_loss did not improve from 0.64626
810/810 - 219s - loss: 0.5778 - accuracy: 0.8870 - mse: 0.1051 - precision: 0.9860 - recall: 0.7852 - val_loss: 0.6696 - val_accuracy: 0.6417 - val_mse: 0.3318 - val_precision: 0.9180 - val_recall: 0.3111 - lr: 1.0000e-05
Epoch 23/100

Epoch 00023: val_loss did not improve from 0.64626
810/810 - 218s - loss: 0.5736 - accuracy: 0.8963 - mse: 0.0963 - precision: 0.9878 - recall: 0.8025 - val_loss: 0.6580 - val_accuracy: 0.6611 - val_mse: 0.3014 - val_precision: 0.8919 - val_recall: 0.3667 - lr: 1.0000e-05
Epoch 24/100

Epoch 00024: val_loss did not improve from 0.64626
810/810 - 219s - loss: 0.5696 - accuracy: 0.9037 - mse: 0.0922 - precision: 0.9940 - recall: 0.8123 - val_loss: 0.6625 - val_accuracy: 0.6472 - val_mse: 0.3286 - val_precision: 0.9344 - val_recall: 0.3167 - lr: 1.0000e-05
Epoch 25/100

Epoch 00025: val_loss improved from 0.64626 to 0.63771, saving model to /cs/scratch/as521/models/checkpoints/baseline-model.h5
810/810 - 226s - loss: 0.5656 - accuracy: 0.9099 - mse: 0.0853 - precision: 0.9897 - recall: 0.8284 - val_loss: 0.6377 - val_accuracy: 0.7194 - val_mse: 0.2487 - val_precision: 0.8990 - val_recall: 0.4944 - lr: 1.0000e-05
Epoch 26/100

Epoch 00026: val_loss did not improve from 0.63771
810/810 - 219s - loss: 0.5651 - accuracy: 0.9130 - mse: 0.0830 - precision: 0.9926 - recall: 0.8321 - val_loss: 0.6747 - val_accuracy: 0.5972 - val_mse: 0.3670 - val_precision: 0.9070 - val_recall: 0.2167 - lr: 1.0000e-05
Epoch 27/100

Epoch 00027: val_loss improved from 0.63771 to 0.63573, saving model to /cs/scratch/as521/models/checkpoints/baseline-model.h5
810/810 - 226s - loss: 0.5619 - accuracy: 0.9173 - mse: 0.0795 - precision: 0.9942 - recall: 0.8395 - val_loss: 0.6357 - val_accuracy: 0.7139 - val_mse: 0.2471 - val_precision: 0.9140 - val_recall: 0.4722 - lr: 1.0000e-05
Epoch 28/100

Epoch 00028: val_loss improved from 0.63573 to 0.61981, saving model to /cs/scratch/as521/models/checkpoints/baseline-model.h5
810/810 - 225s - loss: 0.5582 - accuracy: 0.9235 - mse: 0.0729 - precision: 0.9928 - recall: 0.8531 - val_loss: 0.6198 - val_accuracy: 0.7611 - val_mse: 0.1954 - val_precision: 0.8730 - val_recall: 0.6111 - lr: 1.0000e-05
Epoch 29/100

Epoch 00029: val_loss improved from 0.61981 to 0.61517, saving model to /cs/scratch/as521/models/checkpoints/baseline-model.h5
810/810 - 226s - loss: 0.5585 - accuracy: 0.9228 - mse: 0.0743 - precision: 0.9914 - recall: 0.8531 - val_loss: 0.6152 - val_accuracy: 0.7861 - val_mse: 0.1909 - val_precision: 0.9055 - val_recall: 0.6389 - lr: 1.0000e-05
Epoch 30/100

Epoch 00030: val_loss did not improve from 0.61517
810/810 - 219s - loss: 0.5531 - accuracy: 0.9321 - mse: 0.0664 - precision: 0.9958 - recall: 0.8679 - val_loss: 0.6374 - val_accuracy: 0.6833 - val_mse: 0.2526 - val_precision: 0.8667 - val_recall: 0.4333 - lr: 1.0000e-05
Epoch 31/100

Epoch 00031: val_loss did not improve from 0.61517
810/810 - 218s - loss: 0.5543 - accuracy: 0.9302 - mse: 0.0691 - precision: 0.9971 - recall: 0.8630 - val_loss: 0.6162 - val_accuracy: 0.7778 - val_mse: 0.1939 - val_precision: 0.9032 - val_recall: 0.6222 - lr: 1.0000e-05
Epoch 32/100

Epoch 00032: val_loss did not improve from 0.61517
810/810 - 219s - loss: 0.5513 - accuracy: 0.9352 - mse: 0.0651 - precision: 0.9972 - recall: 0.8728 - val_loss: 0.6227 - val_accuracy: 0.7472 - val_mse: 0.2177 - val_precision: 0.9238 - val_recall: 0.5389 - lr: 1.0000e-05
Epoch 33/100

Epoch 00033: val_loss improved from 0.61517 to 0.61413, saving model to /cs/scratch/as521/models/checkpoints/baseline-model.h5
810/810 - 226s - loss: 0.5507 - accuracy: 0.9352 - mse: 0.0638 - precision: 0.9972 - recall: 0.8728 - val_loss: 0.6141 - val_accuracy: 0.7722 - val_mse: 0.1950 - val_precision: 0.9016 - val_recall: 0.6111 - lr: 1.0000e-05
Epoch 34/100

Epoch 00034: val_loss did not improve from 0.61413
810/810 - 219s - loss: 0.5485 - accuracy: 0.9370 - mse: 0.0619 - precision: 0.9972 - recall: 0.8765 - val_loss: 0.6206 - val_accuracy: 0.7417 - val_mse: 0.2215 - val_precision: 0.9223 - val_recall: 0.5278 - lr: 1.0000e-05
Epoch 35/100

Epoch 00035: val_loss did not improve from 0.61413
810/810 - 219s - loss: 0.5483 - accuracy: 0.9358 - mse: 0.0620 - precision: 0.9944 - recall: 0.8765 - val_loss: 0.6160 - val_accuracy: 0.7639 - val_mse: 0.2054 - val_precision: 0.8992 - val_recall: 0.5944 - lr: 1.0000e-05
Epoch 36/100

Epoch 00036: val_loss improved from 0.61413 to 0.60501, saving model to /cs/scratch/as521/models/checkpoints/baseline-model.h5
810/810 - 226s - loss: 0.5469 - accuracy: 0.9395 - mse: 0.0582 - precision: 0.9958 - recall: 0.8827 - val_loss: 0.6050 - val_accuracy: 0.7861 - val_mse: 0.1769 - val_precision: 0.9055 - val_recall: 0.6389 - lr: 1.0000e-05
Epoch 37/100

Epoch 00037: val_loss did not improve from 0.60501
810/810 - 218s - loss: 0.5453 - accuracy: 0.9432 - mse: 0.0551 - precision: 0.9931 - recall: 0.8926 - val_loss: 0.6285 - val_accuracy: 0.7167 - val_mse: 0.2373 - val_precision: 0.8900 - val_recall: 0.4944 - lr: 1.0000e-05
Epoch 38/100

Epoch 00038: val_loss did not improve from 0.60501
810/810 - 219s - loss: 0.5442 - accuracy: 0.9463 - mse: 0.0525 - precision: 0.9959 - recall: 0.8963 - val_loss: 0.6144 - val_accuracy: 0.7722 - val_mse: 0.1948 - val_precision: 0.9083 - val_recall: 0.6056 - lr: 1.0000e-05
Epoch 39/100

Epoch 00039: val_loss improved from 0.60501 to 0.60121, saving model to /cs/scratch/as521/models/checkpoints/baseline-model.h5
810/810 - 226s - loss: 0.5410 - accuracy: 0.9506 - mse: 0.0491 - precision: 0.9959 - recall: 0.9049 - val_loss: 0.6012 - val_accuracy: 0.8278 - val_mse: 0.1553 - val_precision: 0.9041 - val_recall: 0.7333 - lr: 1.0000e-05
Epoch 40/100

Epoch 00040: val_loss did not improve from 0.60121
810/810 - 219s - loss: 0.5409 - accuracy: 0.9506 - mse: 0.0489 - precision: 0.9973 - recall: 0.9037 - val_loss: 0.6108 - val_accuracy: 0.7500 - val_mse: 0.1974 - val_precision: 0.8947 - val_recall: 0.5667 - lr: 1.0000e-05
Epoch 41/100

Epoch 00041: val_loss did not improve from 0.60121
810/810 - 219s - loss: 0.5389 - accuracy: 0.9519 - mse: 0.0478 - precision: 0.9946 - recall: 0.9086 - val_loss: 0.6167 - val_accuracy: 0.7444 - val_mse: 0.2033 - val_precision: 0.8793 - val_recall: 0.5667 - lr: 1.0000e-05
Epoch 42/100

Epoch 00042: val_loss did not improve from 0.60121
810/810 - 219s - loss: 0.5398 - accuracy: 0.9494 - mse: 0.0484 - precision: 0.9932 - recall: 0.9049 - val_loss: 0.6141 - val_accuracy: 0.7417 - val_mse: 0.2059 - val_precision: 0.8919 - val_recall: 0.5500 - lr: 1.0000e-05
Epoch 43/100

Epoch 00043: val_loss did not improve from 0.60121
810/810 - 219s - loss: 0.5378 - accuracy: 0.9525 - mse: 0.0466 - precision: 0.9959 - recall: 0.9086 - val_loss: 0.6099 - val_accuracy: 0.7889 - val_mse: 0.1840 - val_precision: 0.8611 - val_recall: 0.6889 - lr: 1.0000e-05
Epoch 44/100

Epoch 00044: val_loss did not improve from 0.60121
810/810 - 219s - loss: 0.5390 - accuracy: 0.9519 - mse: 0.0470 - precision: 0.9959 - recall: 0.9074 - val_loss: 0.6075 - val_accuracy: 0.7944 - val_mse: 0.1803 - val_precision: 0.8955 - val_recall: 0.6667 - lr: 1.0000e-05
Epoch 45/100

Epoch 00045: val_loss improved from 0.60121 to 0.60095, saving model to /cs/scratch/as521/models/checkpoints/baseline-model.h5
810/810 - 227s - loss: 0.5352 - accuracy: 0.9568 - mse: 0.0433 - precision: 0.9973 - recall: 0.9160 - val_loss: 0.6010 - val_accuracy: 0.8056 - val_mse: 0.1740 - val_precision: 0.9435 - val_recall: 0.6500 - lr: 1.0000e-05
Epoch 46/100

Epoch 00046: val_loss did not improve from 0.60095
810/810 - 219s - loss: 0.5371 - accuracy: 0.9537 - mse: 0.0451 - precision: 0.9946 - recall: 0.9123 - val_loss: 0.6048 - val_accuracy: 0.7833 - val_mse: 0.1729 - val_precision: 0.8806 - val_recall: 0.6556 - lr: 1.0000e-05
Epoch 47/100

Epoch 00047: val_loss did not improve from 0.60095
810/810 - 219s - loss: 0.5338 - accuracy: 0.9586 - mse: 0.0414 - precision: 0.9973 - recall: 0.9198 - val_loss: 0.6107 - val_accuracy: 0.7667 - val_mse: 0.1968 - val_precision: 0.8871 - val_recall: 0.6111 - lr: 1.0000e-05
Epoch 48/100

Epoch 00048: val_loss did not improve from 0.60095
810/810 - 219s - loss: 0.5347 - accuracy: 0.9568 - mse: 0.0427 - precision: 0.9960 - recall: 0.9173 - val_loss: 0.6188 - val_accuracy: 0.7639 - val_mse: 0.2069 - val_precision: 0.8626 - val_recall: 0.6278 - lr: 1.0000e-05
Epoch 49/100

Epoch 00049: val_loss did not improve from 0.60095
810/810 - 219s - loss: 0.5330 - accuracy: 0.9593 - mse: 0.0410 - precision: 0.9973 - recall: 0.9210 - val_loss: 0.6117 - val_accuracy: 0.7528 - val_mse: 0.1976 - val_precision: 0.8699 - val_recall: 0.5944 - lr: 1.0000e-05
Epoch 50/100

Epoch 00050: val_loss did not improve from 0.60095
810/810 - 219s - loss: 0.5358 - accuracy: 0.9556 - mse: 0.0449 - precision: 0.9960 - recall: 0.9148 - val_loss: 0.6083 - val_accuracy: 0.8028 - val_mse: 0.1792 - val_precision: 0.8865 - val_recall: 0.6944 - lr: 1.0000e-05
Epoch 51/100

Epoch 00051: val_loss did not improve from 0.60095
810/810 - 219s - loss: 0.5321 - accuracy: 0.9593 - mse: 0.0409 - precision: 0.9973 - recall: 0.9210 - val_loss: 0.6060 - val_accuracy: 0.7639 - val_mse: 0.1884 - val_precision: 0.8926 - val_recall: 0.6000 - lr: 1.0000e-05
Epoch 52/100

Epoch 00052: val_loss improved from 0.60095 to 0.59639, saving model to /cs/scratch/as521/models/checkpoints/baseline-model.h5
810/810 - 227s - loss: 0.5311 - accuracy: 0.9593 - mse: 0.0407 - precision: 0.9973 - recall: 0.9210 - val_loss: 0.5964 - val_accuracy: 0.8000 - val_mse: 0.1655 - val_precision: 0.8971 - val_recall: 0.6778 - lr: 1.0000e-05
Epoch 53/100

Epoch 00053: val_loss did not improve from 0.59639
810/810 - 219s - loss: 0.5335 - accuracy: 0.9562 - mse: 0.0429 - precision: 0.9960 - recall: 0.9160 - val_loss: 0.6127 - val_accuracy: 0.7361 - val_mse: 0.2086 - val_precision: 0.8829 - val_recall: 0.5444 - lr: 1.0000e-05
Epoch 54/100

Epoch 00054: val_loss did not improve from 0.59639
810/810 - 219s - loss: 0.5324 - accuracy: 0.9568 - mse: 0.0422 - precision: 0.9933 - recall: 0.9198 - val_loss: 0.6297 - val_accuracy: 0.6861 - val_mse: 0.2597 - val_precision: 0.8851 - val_recall: 0.4278 - lr: 1.0000e-05
Epoch 55/100

Epoch 00055: val_loss did not improve from 0.59639
810/810 - 219s - loss: 0.5311 - accuracy: 0.9599 - mse: 0.0399 - precision: 0.9973 - recall: 0.9222 - val_loss: 0.6025 - val_accuracy: 0.7889 - val_mse: 0.1788 - val_precision: 0.8881 - val_recall: 0.6611 - lr: 1.0000e-05
Epoch 56/100

Epoch 00056: val_loss did not improve from 0.59639
810/810 - 219s - loss: 0.5298 - accuracy: 0.9605 - mse: 0.0396 - precision: 0.9973 - recall: 0.9235 - val_loss: 0.6151 - val_accuracy: 0.7333 - val_mse: 0.2201 - val_precision: 0.8889 - val_recall: 0.5333 - lr: 1.0000e-05
Epoch 57/100

Epoch 00057: val_loss did not improve from 0.59639
810/810 - 219s - loss: 0.5309 - accuracy: 0.9586 - mse: 0.0407 - precision: 0.9960 - recall: 0.9210 - val_loss: 0.6084 - val_accuracy: 0.7500 - val_mse: 0.2012 - val_precision: 0.9018 - val_recall: 0.5611 - lr: 1.0000e-05
Epoch 58/100

Epoch 00058: val_loss did not improve from 0.59639
810/810 - 219s - loss: 0.5293 - accuracy: 0.9605 - mse: 0.0395 - precision: 0.9973 - recall: 0.9235 - val_loss: 0.6056 - val_accuracy: 0.7722 - val_mse: 0.1918 - val_precision: 0.8889 - val_recall: 0.6222 - lr: 1.0000e-05
Epoch 59/100

Epoch 00059: val_loss did not improve from 0.59639
810/810 - 219s - loss: 0.5292 - accuracy: 0.9605 - mse: 0.0396 - precision: 0.9973 - recall: 0.9235 - val_loss: 0.6008 - val_accuracy: 0.8139 - val_mse: 0.1643 - val_precision: 0.8693 - val_recall: 0.7389 - lr: 1.0000e-05
Epoch 60/100

Epoch 00060: val_loss did not improve from 0.59639
810/810 - 219s - loss: 0.5326 - accuracy: 0.9574 - mse: 0.0414 - precision: 0.9947 - recall: 0.9198 - val_loss: 0.6102 - val_accuracy: 0.7583 - val_mse: 0.2025 - val_precision: 0.8843 - val_recall: 0.5944 - lr: 1.0000e-05
Epoch 61/100

Epoch 00061: val_loss did not improve from 0.59639
810/810 - 219s - loss: 0.5286 - accuracy: 0.9605 - mse: 0.0393 - precision: 0.9973 - recall: 0.9235 - val_loss: 0.6097 - val_accuracy: 0.7611 - val_mse: 0.1991 - val_precision: 0.8852 - val_recall: 0.6000 - lr: 1.0000e-05
Epoch 62/100

Epoch 00062: val_loss did not improve from 0.59639

Epoch 00062: ReduceLROnPlateau reducing learning rate to 9.999999747378752e-07.
810/810 - 219s - loss: 0.5300 - accuracy: 0.9599 - mse: 0.0396 - precision: 0.9947 - recall: 0.9247 - val_loss: 0.6131 - val_accuracy: 0.7500 - val_mse: 0.1982 - val_precision: 0.8571 - val_recall: 0.6000 - lr: 1.0000e-05
Epoch 63/100

Epoch 00063: val_loss did not improve from 0.59639
810/810 - 219s - loss: 0.5280 - accuracy: 0.9623 - mse: 0.0373 - precision: 0.9973 - recall: 0.9272 - val_loss: 0.6097 - val_accuracy: 0.7667 - val_mse: 0.1902 - val_precision: 0.8750 - val_recall: 0.6222 - lr: 1.0000e-06
Epoch 64/100

Epoch 00064: val_loss did not improve from 0.59639
810/810 - 218s - loss: 0.5275 - accuracy: 0.9630 - mse: 0.0371 - precision: 0.9973 - recall: 0.9284 - val_loss: 0.6078 - val_accuracy: 0.7750 - val_mse: 0.1843 - val_precision: 0.8667 - val_recall: 0.6500 - lr: 1.0000e-06
Epoch 65/100

Epoch 00065: val_loss did not improve from 0.59639
810/810 - 218s - loss: 0.5273 - accuracy: 0.9630 - mse: 0.0370 - precision: 0.9973 - recall: 0.9284 - val_loss: 0.6100 - val_accuracy: 0.7583 - val_mse: 0.1937 - val_precision: 0.8780 - val_recall: 0.6000 - lr: 1.0000e-06
Epoch 66/100

Epoch 00066: val_loss did not improve from 0.59639
810/810 - 219s - loss: 0.5272 - accuracy: 0.9630 - mse: 0.0370 - precision: 0.9973 - recall: 0.9284 - val_loss: 0.6099 - val_accuracy: 0.7611 - val_mse: 0.1951 - val_precision: 0.8790 - val_recall: 0.6056 - lr: 1.0000e-06
Epoch 67/100

Epoch 00067: val_loss did not improve from 0.59639
810/810 - 219s - loss: 0.5270 - accuracy: 0.9630 - mse: 0.0370 - precision: 0.9973 - recall: 0.9284 - val_loss: 0.6136 - val_accuracy: 0.7472 - val_mse: 0.2091 - val_precision: 0.8739 - val_recall: 0.5778 - lr: 1.0000e-06
Epoch 68/100

Epoch 00068: val_loss did not improve from 0.59639
810/810 - 219s - loss: 0.5269 - accuracy: 0.9630 - mse: 0.0371 - precision: 0.9973 - recall: 0.9284 - val_loss: 0.6080 - val_accuracy: 0.7639 - val_mse: 0.1915 - val_precision: 0.8800 - val_recall: 0.6111 - lr: 1.0000e-06
Epoch 69/100

Epoch 00069: val_loss did not improve from 0.59639
810/810 - 218s - loss: 0.5267 - accuracy: 0.9630 - mse: 0.0368 - precision: 0.9973 - recall: 0.9284 - val_loss: 0.6075 - val_accuracy: 0.7722 - val_mse: 0.1871 - val_precision: 0.8712 - val_recall: 0.6389 - lr: 1.0000e-06
Epoch 70/100

Epoch 00070: val_loss did not improve from 0.59639
810/810 - 218s - loss: 0.5266 - accuracy: 0.9630 - mse: 0.0369 - precision: 0.9973 - recall: 0.9284 - val_loss: 0.6073 - val_accuracy: 0.7722 - val_mse: 0.1903 - val_precision: 0.8769 - val_recall: 0.6333 - lr: 1.0000e-06
Epoch 71/100

Epoch 00071: val_loss did not improve from 0.59639
810/810 - 218s - loss: 0.5265 - accuracy: 0.9630 - mse: 0.0365 - precision: 0.9973 - recall: 0.9284 - val_loss: 0.6064 - val_accuracy: 0.7833 - val_mse: 0.1879 - val_precision: 0.8806 - val_recall: 0.6556 - lr: 1.0000e-06
Epoch 72/100

Epoch 00072: val_loss did not improve from 0.59639

Epoch 00072: ReduceLROnPlateau reducing learning rate to 9.999999974752428e-08.
810/810 - 218s - loss: 0.5263 - accuracy: 0.9636 - mse: 0.0363 - precision: 0.9974 - recall: 0.9296 - val_loss: 0.6095 - val_accuracy: 0.7611 - val_mse: 0.1965 - val_precision: 0.8672 - val_recall: 0.6167 - lr: 1.0000e-06
Epoch 00072: early stopping
Evaluating results...
Validation
[163  17]
[ 69 111]
Training
[808   2]
[ 56 754]

Total execution time:  4:26:43.792561
Final evalutaiton...
180/180 - 11s - loss: 0.6095 - accuracy: 0.7611 - mse: 0.1965 - precision: 0.8672 - recall: 0.6167
{'loss': 0.6095301508903503, 'accuracy': 0.7611111402511597, 'mse': 0.19653837382793427, 'precision': 0.8671875, 'recall': 0.6166666746139526}
