WARNING:tensorflow:`epsilon` argument is deprecated and will be removed, use `min_delta` instead.
2020-08-01 09:17:58.557424: I tensorflow/stream_executor/platform/default/dso_loader.cc:44] Successfully opened dynamic library libcuda.so.1
2020-08-01 09:17:58.885773: I tensorflow/stream_executor/cuda/cuda_gpu_executor.cc:981] successful NUMA node read from SysFS had negative value (-1), but there must be at least one NUMA node, so returning NUMA node zero
2020-08-01 09:17:58.886286: I tensorflow/core/common_runtime/gpu/gpu_device.cc:1561] Found device 0 with properties: 
pciBusID: 0000:01:00.0 name: GeForce GTX 1060 6GB computeCapability: 6.1
coreClock: 1.7085GHz coreCount: 10 deviceMemorySize: 5.93GiB deviceMemoryBandwidth: 178.99GiB/s
2020-08-01 09:17:58.887898: I tensorflow/stream_executor/platform/default/dso_loader.cc:44] Successfully opened dynamic library libcudart.so.10.1
2020-08-01 09:17:58.891553: I tensorflow/stream_executor/platform/default/dso_loader.cc:44] Successfully opened dynamic library libcublas.so.10
2020-08-01 09:17:58.897327: I tensorflow/stream_executor/platform/default/dso_loader.cc:44] Successfully opened dynamic library libcufft.so.10
2020-08-01 09:17:58.897704: I tensorflow/stream_executor/platform/default/dso_loader.cc:44] Successfully opened dynamic library libcurand.so.10
2020-08-01 09:17:58.900107: I tensorflow/stream_executor/platform/default/dso_loader.cc:44] Successfully opened dynamic library libcusolver.so.10
2020-08-01 09:17:58.901020: I tensorflow/stream_executor/platform/default/dso_loader.cc:44] Successfully opened dynamic library libcusparse.so.10
2020-08-01 09:17:58.905317: I tensorflow/stream_executor/platform/default/dso_loader.cc:44] Successfully opened dynamic library libcudnn.so.7
2020-08-01 09:17:58.905480: I tensorflow/stream_executor/cuda/cuda_gpu_executor.cc:981] successful NUMA node read from SysFS had negative value (-1), but there must be at least one NUMA node, so returning NUMA node zero
2020-08-01 09:17:58.905881: I tensorflow/stream_executor/cuda/cuda_gpu_executor.cc:981] successful NUMA node read from SysFS had negative value (-1), but there must be at least one NUMA node, so returning NUMA node zero
2020-08-01 09:17:58.907982: I tensorflow/core/common_runtime/gpu/gpu_device.cc:1703] Adding visible gpu devices: 0
2020-08-01 09:17:58.910822: I tensorflow/core/platform/cpu_feature_guard.cc:143] Your CPU supports instructions that this TensorFlow binary was not compiled to use: AVX2 FMA
2020-08-01 09:17:58.930275: I tensorflow/core/platform/profile_utils/cpu_utils.cc:102] CPU Frequency: 3192000000 Hz
2020-08-01 09:17:58.931066: I tensorflow/compiler/xla/service/service.cc:168] XLA service 0xa9169fa0 initialized for platform Host (this does not guarantee that XLA will be used). Devices:
2020-08-01 09:17:58.932906: I tensorflow/compiler/xla/service/service.cc:176]   StreamExecutor device (0): Host, Default Version
2020-08-01 09:17:58.994103: I tensorflow/stream_executor/cuda/cuda_gpu_executor.cc:981] successful NUMA node read from SysFS had negative value (-1), but there must be at least one NUMA node, so returning NUMA node zero
2020-08-01 09:17:58.994646: I tensorflow/compiler/xla/service/service.cc:168] XLA service 0xa917df90 initialized for platform CUDA (this does not guarantee that XLA will be used). Devices:
2020-08-01 09:17:58.996097: I tensorflow/compiler/xla/service/service.cc:176]   StreamExecutor device (0): GeForce GTX 1060 6GB, Compute Capability 6.1
2020-08-01 09:17:58.998002: I tensorflow/stream_executor/cuda/cuda_gpu_executor.cc:981] successful NUMA node read from SysFS had negative value (-1), but there must be at least one NUMA node, so returning NUMA node zero
2020-08-01 09:17:58.998424: I tensorflow/core/common_runtime/gpu/gpu_device.cc:1561] Found device 0 with properties: 
pciBusID: 0000:01:00.0 name: GeForce GTX 1060 6GB computeCapability: 6.1
coreClock: 1.7085GHz coreCount: 10 deviceMemorySize: 5.93GiB deviceMemoryBandwidth: 178.99GiB/s
2020-08-01 09:17:58.998485: I tensorflow/stream_executor/platform/default/dso_loader.cc:44] Successfully opened dynamic library libcudart.so.10.1
2020-08-01 09:17:58.998507: I tensorflow/stream_executor/platform/default/dso_loader.cc:44] Successfully opened dynamic library libcublas.so.10
2020-08-01 09:17:58.998524: I tensorflow/stream_executor/platform/default/dso_loader.cc:44] Successfully opened dynamic library libcufft.so.10
2020-08-01 09:17:58.998541: I tensorflow/stream_executor/platform/default/dso_loader.cc:44] Successfully opened dynamic library libcurand.so.10
2020-08-01 09:17:58.998557: I tensorflow/stream_executor/platform/default/dso_loader.cc:44] Successfully opened dynamic library libcusolver.so.10
2020-08-01 09:17:58.998572: I tensorflow/stream_executor/platform/default/dso_loader.cc:44] Successfully opened dynamic library libcusparse.so.10
2020-08-01 09:17:58.998589: I tensorflow/stream_executor/platform/default/dso_loader.cc:44] Successfully opened dynamic library libcudnn.so.7
2020-08-01 09:17:58.998660: I tensorflow/stream_executor/cuda/cuda_gpu_executor.cc:981] successful NUMA node read from SysFS had negative value (-1), but there must be at least one NUMA node, so returning NUMA node zero
2020-08-01 09:17:58.999002: I tensorflow/stream_executor/cuda/cuda_gpu_executor.cc:981] successful NUMA node read from SysFS had negative value (-1), but there must be at least one NUMA node, so returning NUMA node zero
2020-08-01 09:17:58.999315: I tensorflow/core/common_runtime/gpu/gpu_device.cc:1703] Adding visible gpu devices: 0
2020-08-01 09:17:58.999384: I tensorflow/stream_executor/platform/default/dso_loader.cc:44] Successfully opened dynamic library libcudart.so.10.1
2020-08-01 09:17:59.000486: I tensorflow/core/common_runtime/gpu/gpu_device.cc:1102] Device interconnect StreamExecutor with strength 1 edge matrix:
2020-08-01 09:17:59.002046: I tensorflow/core/common_runtime/gpu/gpu_device.cc:1108]      0 
2020-08-01 09:17:59.003944: I tensorflow/core/common_runtime/gpu/gpu_device.cc:1121] 0:   N 
2020-08-01 09:17:59.006487: I tensorflow/stream_executor/cuda/cuda_gpu_executor.cc:981] successful NUMA node read from SysFS had negative value (-1), but there must be at least one NUMA node, so returning NUMA node zero
2020-08-01 09:17:59.009148: I tensorflow/stream_executor/cuda/cuda_gpu_executor.cc:981] successful NUMA node read from SysFS had negative value (-1), but there must be at least one NUMA node, so returning NUMA node zero
2020-08-01 09:17:59.012250: I tensorflow/core/common_runtime/gpu/gpu_device.cc:1247] Created TensorFlow device (/job:localhost/replica:0/task:0/device:GPU:0 with 5646 MB memory) -> physical GPU (device: 0, name: GeForce GTX 1060 6GB, pci bus id: 0000:01:00.0, compute capability: 6.1)
2020-08-01 09:17:59.810507: W tensorflow/core/framework/cpu_allocator_impl.cc:81] Allocation of 1698693120 exceeds 10% of free system memory.
2020-08-01 09:18:01.853535: I tensorflow/stream_executor/platform/default/dso_loader.cc:44] Successfully opened dynamic library libcublas.so.10
2020-08-01 09:18:01.981238: I tensorflow/stream_executor/platform/default/dso_loader.cc:44] Successfully opened dynamic library libcudnn.so.7
2020-08-01 09:18:03.262308: W tensorflow/core/common_runtime/bfc_allocator.cc:245] Allocator (GPU_0_bfc) ran out of memory trying to allocate 1.78GiB with freed_by_count=0. The caller indicates that this is not a failure, but may mean that there could be performance gains if more memory were available.
2020-08-01 09:18:03.368487: W tensorflow/core/common_runtime/bfc_allocator.cc:245] Allocator (GPU_0_bfc) ran out of memory trying to allocate 3.14GiB with freed_by_count=0. The caller indicates that this is not a failure, but may mean that there could be performance gains if more memory were available.
2020-08-01 09:18:03.408884: W tensorflow/core/common_runtime/bfc_allocator.cc:245] Allocator (GPU_0_bfc) ran out of memory trying to allocate 2.10GiB with freed_by_count=0. The caller indicates that this is not a failure, but may mean that there could be performance gains if more memory were available.
2020-08-01 09:18:03.516969: W tensorflow/core/common_runtime/bfc_allocator.cc:245] Allocator (GPU_0_bfc) ran out of memory trying to allocate 2.08GiB with freed_by_count=0. The caller indicates that this is not a failure, but may mean that there could be performance gains if more memory were available.
2020-08-01 09:18:03.528841: W tensorflow/core/common_runtime/bfc_allocator.cc:245] Allocator (GPU_0_bfc) ran out of memory trying to allocate 2.10GiB with freed_by_count=0. The caller indicates that this is not a failure, but may mean that there could be performance gains if more memory were available.
2020-08-01 09:18:03.557401: W tensorflow/core/common_runtime/bfc_allocator.cc:245] Allocator (GPU_0_bfc) ran out of memory trying to allocate 3.13GiB with freed_by_count=0. The caller indicates that this is not a failure, but may mean that there could be performance gains if more memory were available.
2020-08-01 09:18:03.597950: W tensorflow/core/common_runtime/bfc_allocator.cc:245] Allocator (GPU_0_bfc) ran out of memory trying to allocate 3.11GiB with freed_by_count=0. The caller indicates that this is not a failure, but may mean that there could be performance gains if more memory were available.
2020-08-01 09:18:03.787941: W tensorflow/core/common_runtime/bfc_allocator.cc:245] Allocator (GPU_0_bfc) ran out of memory trying to allocate 1.78GiB with freed_by_count=0. The caller indicates that this is not a failure, but may mean that there could be performance gains if more memory were available.
2020-08-01 09:18:03.902062: W tensorflow/core/common_runtime/bfc_allocator.cc:245] Allocator (GPU_0_bfc) ran out of memory trying to allocate 1.78GiB with freed_by_count=0. The caller indicates that this is not a failure, but may mean that there could be performance gains if more memory were available.
2020-08-01 09:21:43.121544: W tensorflow/core/framework/cpu_allocator_impl.cc:81] Allocation of 1073741824 exceeds 10% of free system memory.
2020-08-01 09:21:44.478653: W tensorflow/core/framework/cpu_allocator_impl.cc:81] Allocation of 1073741824 exceeds 10% of free system memory.
2020-08-01 09:21:44.723711: W tensorflow/core/framework/cpu_allocator_impl.cc:81] Allocation of 1073741824 exceeds 10% of free system memory.
Preparing...
Loading dataset...
Creating the model...
Model: "sequential"
_________________________________________________________________
Layer (type)                 Output Shape              Param #   
=================================================================
conv2d (Conv2D)              (None, 502, 502, 96)      11712     
_________________________________________________________________
batch_normalization (BatchNo (None, 502, 502, 96)      384       
_________________________________________________________________
activation (Activation)      (None, 502, 502, 96)      0         
_________________________________________________________________
max_pooling2d (MaxPooling2D) (None, 167, 167, 96)      0         
_________________________________________________________________
conv2d_1 (Conv2D)            (None, 163, 163, 384)     921984    
_________________________________________________________________
activation_1 (Activation)    (None, 163, 163, 384)     0         
_________________________________________________________________
max_pooling2d_1 (MaxPooling2 (None, 54, 54, 384)       0         
_________________________________________________________________
conv2d_2 (Conv2D)            (None, 52, 52, 384)       1327488   
_________________________________________________________________
conv2d_3 (Conv2D)            (None, 50, 50, 256)       884992    
_________________________________________________________________
conv2d_4 (Conv2D)            (None, 48, 48, 256)       590080    
_________________________________________________________________
activation_2 (Activation)    (None, 48, 48, 256)       0         
_________________________________________________________________
max_pooling2d_2 (MaxPooling2 (None, 16, 16, 256)       0         
_________________________________________________________________
flatten (Flatten)            (None, 65536)             0         
_________________________________________________________________
dense (Dense)                (None, 4096)              268439552 
_________________________________________________________________
dropout (Dropout)            (None, 4096)              0         
_________________________________________________________________
dense_1 (Dense)              (None, 4096)              16781312  
_________________________________________________________________
dropout_1 (Dropout)          (None, 4096)              0         
_________________________________________________________________
dense_2 (Dense)              (None, 1)                 4097      
=================================================================
Total params: 288,961,601
Trainable params: 288,961,409
Non-trainable params: 192
_________________________________________________________________
None
Training the model...
Epoch 1/100

Epoch 00001: val_loss improved from inf to 49.05215, saving model to /cs/scratch/as521/models/checkpoints/baseline-model.h5
810/810 - 224s - loss: 76.2617 - accuracy: 0.4988 - mse: 0.4689 - precision: 0.0000e+00 - recall: 0.0000e+00 - val_loss: 49.0521 - val_accuracy: 0.5000 - val_mse: 0.3979 - val_precision: 0.0000e+00 - val_recall: 0.0000e+00 - lr: 1.0000e-05
2020-08-01 09:25:29.114498: W tensorflow/core/framework/cpu_allocator_impl.cc:81] Allocation of 1073741824 exceeds 10% of free system memory.
Epoch 2/100

Epoch 00002: val_loss improved from 49.05215 to 20.18038, saving model to /cs/scratch/as521/models/checkpoints/baseline-model.h5
810/810 - 225s - loss: 32.7770 - accuracy: 0.5086 - mse: 0.3753 - precision: 0.7188 - recall: 0.0284 - val_loss: 20.1804 - val_accuracy: 0.5000 - val_mse: 0.3781 - val_precision: 0.0000e+00 - val_recall: 0.0000e+00 - lr: 1.0000e-05
Epoch 3/100

Epoch 00003: val_loss improved from 20.18038 to 7.53817, saving model to /cs/scratch/as521/models/checkpoints/baseline-model.h5
810/810 - 226s - loss: 12.9645 - accuracy: 0.5957 - mse: 0.3230 - precision: 0.7903 - recall: 0.2605 - val_loss: 7.5382 - val_accuracy: 0.6861 - val_mse: 0.2794 - val_precision: 0.8851 - val_recall: 0.4278 - lr: 1.0000e-05
Epoch 4/100

Epoch 00004: val_loss improved from 7.53817 to 2.63881, saving model to /cs/scratch/as521/models/checkpoints/baseline-model.h5
810/810 - 226s - loss: 4.6999 - accuracy: 0.6309 - mse: 0.3162 - precision: 0.8193 - recall: 0.3358 - val_loss: 2.6388 - val_accuracy: 0.6722 - val_mse: 0.2855 - val_precision: 1.0000 - val_recall: 0.3444 - lr: 1.0000e-05
Epoch 5/100

Epoch 00005: val_loss improved from 2.63881 to 1.08634, saving model to /cs/scratch/as521/models/checkpoints/baseline-model.h5
810/810 - 226s - loss: 1.7236 - accuracy: 0.6414 - mse: 0.3046 - precision: 0.8480 - recall: 0.3444 - val_loss: 1.0863 - val_accuracy: 0.7111 - val_mse: 0.2460 - val_precision: 0.9130 - val_recall: 0.4667 - lr: 1.0000e-05
Epoch 6/100

Epoch 00006: val_loss improved from 1.08634 to 0.70606, saving model to /cs/scratch/as521/models/checkpoints/baseline-model.h5
810/810 - 227s - loss: 0.8744 - accuracy: 0.6704 - mse: 0.2829 - precision: 0.8433 - recall: 0.4185 - val_loss: 0.7061 - val_accuracy: 0.7333 - val_mse: 0.2453 - val_precision: 1.0000 - val_recall: 0.4667 - lr: 1.0000e-05
Epoch 7/100

Epoch 00007: val_loss did not improve from 0.70606
810/810 - 220s - loss: 0.6867 - accuracy: 0.6963 - mse: 0.2703 - precision: 0.8786 - recall: 0.4556 - val_loss: 0.7351 - val_accuracy: 0.5972 - val_mse: 0.3344 - val_precision: 0.5845 - val_recall: 0.6722 - lr: 1.0000e-05
Epoch 8/100

Epoch 00008: val_loss improved from 0.70606 to 0.62672, saving model to /cs/scratch/as521/models/checkpoints/baseline-model.h5
810/810 - 226s - loss: 0.6576 - accuracy: 0.6932 - mse: 0.2701 - precision: 0.8845 - recall: 0.4444 - val_loss: 0.6267 - val_accuracy: 0.7611 - val_mse: 0.2243 - val_precision: 0.9608 - val_recall: 0.5444 - lr: 1.0000e-05
Epoch 9/100

Epoch 00009: val_loss did not improve from 0.62672
810/810 - 220s - loss: 0.6427 - accuracy: 0.7142 - mse: 0.2581 - precision: 0.9121 - recall: 0.4741 - val_loss: 0.6428 - val_accuracy: 0.7278 - val_mse: 0.2453 - val_precision: 0.8154 - val_recall: 0.5889 - lr: 1.0000e-05
Epoch 10/100

Epoch 00010: val_loss did not improve from 0.62672
810/810 - 220s - loss: 0.6359 - accuracy: 0.7265 - mse: 0.2533 - precision: 0.9218 - recall: 0.4951 - val_loss: 0.6711 - val_accuracy: 0.6611 - val_mse: 0.2928 - val_precision: 0.6959 - val_recall: 0.5722 - lr: 1.0000e-05
Epoch 11/100

Epoch 00011: val_loss did not improve from 0.62672
810/810 - 220s - loss: 0.6299 - accuracy: 0.7401 - mse: 0.2391 - precision: 0.9332 - recall: 0.5173 - val_loss: 0.6522 - val_accuracy: 0.7194 - val_mse: 0.2667 - val_precision: 0.7724 - val_recall: 0.6222 - lr: 1.0000e-05
Epoch 12/100

Epoch 00012: val_loss did not improve from 0.62672
810/810 - 219s - loss: 0.6231 - accuracy: 0.7537 - mse: 0.2249 - precision: 0.9400 - recall: 0.5420 - val_loss: 0.6279 - val_accuracy: 0.7472 - val_mse: 0.2299 - val_precision: 0.8678 - val_recall: 0.5833 - lr: 1.0000e-05
Epoch 13/100

Epoch 00013: val_loss did not improve from 0.62672
810/810 - 220s - loss: 0.6178 - accuracy: 0.7617 - mse: 0.2129 - precision: 0.9327 - recall: 0.5642 - val_loss: 0.6368 - val_accuracy: 0.7361 - val_mse: 0.2355 - val_precision: 0.7972 - val_recall: 0.6333 - lr: 1.0000e-05
Epoch 14/100

Epoch 00014: val_loss improved from 0.62672 to 0.60782, saving model to /cs/scratch/as521/models/checkpoints/baseline-model.h5
810/810 - 228s - loss: 0.6116 - accuracy: 0.7778 - mse: 0.2037 - precision: 0.9500 - recall: 0.5864 - val_loss: 0.6078 - val_accuracy: 0.7722 - val_mse: 0.2151 - val_precision: 1.0000 - val_recall: 0.5444 - lr: 1.0000e-05
Epoch 15/100

Epoch 00015: val_loss did not improve from 0.60782
810/810 - 219s - loss: 0.6078 - accuracy: 0.7895 - mse: 0.1959 - precision: 0.9625 - recall: 0.6025 - val_loss: 0.6599 - val_accuracy: 0.7000 - val_mse: 0.2729 - val_precision: 0.7195 - val_recall: 0.6556 - lr: 1.0000e-05
Epoch 16/100

Epoch 00016: val_loss did not improve from 0.60782
810/810 - 220s - loss: 0.6010 - accuracy: 0.8056 - mse: 0.1822 - precision: 0.9714 - recall: 0.6296 - val_loss: 0.6152 - val_accuracy: 0.7750 - val_mse: 0.2087 - val_precision: 0.8898 - val_recall: 0.6278 - lr: 1.0000e-05
Epoch 17/100

Epoch 00017: val_loss did not improve from 0.60782
810/810 - 220s - loss: 0.6012 - accuracy: 0.8086 - mse: 0.1800 - precision: 0.9664 - recall: 0.6395 - val_loss: 0.6200 - val_accuracy: 0.7444 - val_mse: 0.2376 - val_precision: 0.9400 - val_recall: 0.5222 - lr: 1.0000e-05
Epoch 18/100

Epoch 00018: val_loss improved from 0.60782 to 0.60387, saving model to /cs/scratch/as521/models/checkpoints/baseline-model.h5
810/810 - 226s - loss: 0.5969 - accuracy: 0.8160 - mse: 0.1705 - precision: 0.9672 - recall: 0.6543 - val_loss: 0.6039 - val_accuracy: 0.7944 - val_mse: 0.1914 - val_precision: 0.9492 - val_recall: 0.6222 - lr: 1.0000e-05
Epoch 19/100

Epoch 00019: val_loss did not improve from 0.60387
810/810 - 219s - loss: 0.5928 - accuracy: 0.8302 - mse: 0.1613 - precision: 0.9701 - recall: 0.6815 - val_loss: 0.6107 - val_accuracy: 0.7694 - val_mse: 0.1921 - val_precision: 0.8880 - val_recall: 0.6167 - lr: 1.0000e-05
Epoch 20/100

Epoch 00020: val_loss did not improve from 0.60387
810/810 - 219s - loss: 0.5880 - accuracy: 0.8340 - mse: 0.1539 - precision: 0.9754 - recall: 0.6852 - val_loss: 0.6079 - val_accuracy: 0.7917 - val_mse: 0.1920 - val_precision: 0.8947 - val_recall: 0.6611 - lr: 1.0000e-05
Epoch 21/100

Epoch 00021: val_loss did not improve from 0.60387
810/810 - 219s - loss: 0.5863 - accuracy: 0.8414 - mse: 0.1489 - precision: 0.9726 - recall: 0.7025 - val_loss: 0.6084 - val_accuracy: 0.7917 - val_mse: 0.1892 - val_precision: 0.8832 - val_recall: 0.6722 - lr: 1.0000e-05
Epoch 22/100

Epoch 00022: val_loss did not improve from 0.60387
810/810 - 219s - loss: 0.5850 - accuracy: 0.8469 - mse: 0.1459 - precision: 0.9878 - recall: 0.7025 - val_loss: 0.6061 - val_accuracy: 0.7778 - val_mse: 0.1879 - val_precision: 0.9167 - val_recall: 0.6111 - lr: 1.0000e-05
Epoch 23/100

Epoch 00023: val_loss did not improve from 0.60387
810/810 - 220s - loss: 0.5825 - accuracy: 0.8525 - mse: 0.1386 - precision: 0.9831 - recall: 0.7173 - val_loss: 0.6061 - val_accuracy: 0.7833 - val_mse: 0.1852 - val_precision: 0.9048 - val_recall: 0.6333 - lr: 1.0000e-05
Epoch 24/100

Epoch 00024: val_loss did not improve from 0.60387
810/810 - 220s - loss: 0.5878 - accuracy: 0.8432 - mse: 0.1429 - precision: 0.9793 - recall: 0.7012 - val_loss: 0.6100 - val_accuracy: 0.7778 - val_mse: 0.1974 - val_precision: 0.9310 - val_recall: 0.6000 - lr: 1.0000e-05
Epoch 25/100

Epoch 00025: val_loss did not improve from 0.60387

Epoch 00025: ReduceLROnPlateau reducing learning rate to 9.999999747378752e-07.
810/810 - 220s - loss: 0.5823 - accuracy: 0.8580 - mse: 0.1301 - precision: 0.9708 - recall: 0.7383 - val_loss: 0.6205 - val_accuracy: 0.7667 - val_mse: 0.1929 - val_precision: 0.8158 - val_recall: 0.6889 - lr: 1.0000e-05
Epoch 26/100

Epoch 00026: val_loss did not improve from 0.60387
810/810 - 220s - loss: 0.5752 - accuracy: 0.8747 - mse: 0.1171 - precision: 0.9887 - recall: 0.7580 - val_loss: 0.6110 - val_accuracy: 0.8056 - val_mse: 0.1850 - val_precision: 0.8767 - val_recall: 0.7111 - lr: 1.0000e-06
Epoch 27/100

Epoch 00027: val_loss did not improve from 0.60387
810/810 - 219s - loss: 0.5734 - accuracy: 0.8741 - mse: 0.1162 - precision: 0.9887 - recall: 0.7568 - val_loss: 0.6120 - val_accuracy: 0.8000 - val_mse: 0.1865 - val_precision: 0.8649 - val_recall: 0.7111 - lr: 1.0000e-06
Epoch 28/100

Epoch 00028: val_loss did not improve from 0.60387
810/810 - 219s - loss: 0.5718 - accuracy: 0.8809 - mse: 0.1142 - precision: 0.9905 - recall: 0.7691 - val_loss: 0.6127 - val_accuracy: 0.8000 - val_mse: 0.1894 - val_precision: 0.8750 - val_recall: 0.7000 - lr: 1.0000e-06
Epoch 29/100

Epoch 00029: val_loss did not improve from 0.60387
810/810 - 219s - loss: 0.5710 - accuracy: 0.8827 - mse: 0.1143 - precision: 0.9936 - recall: 0.7704 - val_loss: 0.6152 - val_accuracy: 0.7944 - val_mse: 0.1936 - val_precision: 0.8533 - val_recall: 0.7111 - lr: 1.0000e-06
Epoch 30/100

Epoch 00030: val_loss did not improve from 0.60387
810/810 - 219s - loss: 0.5697 - accuracy: 0.8827 - mse: 0.1122 - precision: 0.9905 - recall: 0.7728 - val_loss: 0.6147 - val_accuracy: 0.7972 - val_mse: 0.1943 - val_precision: 0.8639 - val_recall: 0.7056 - lr: 1.0000e-06
Epoch 31/100

Epoch 00031: val_loss did not improve from 0.60387
810/810 - 219s - loss: 0.5687 - accuracy: 0.8864 - mse: 0.1093 - precision: 0.9921 - recall: 0.7790 - val_loss: 0.6208 - val_accuracy: 0.7833 - val_mse: 0.1964 - val_precision: 0.8269 - val_recall: 0.7167 - lr: 1.0000e-06
Epoch 32/100

Epoch 00032: val_loss did not improve from 0.60387

Epoch 00032: ReduceLROnPlateau reducing learning rate to 9.999999974752428e-08.
810/810 - 219s - loss: 0.5690 - accuracy: 0.8852 - mse: 0.1111 - precision: 0.9921 - recall: 0.7765 - val_loss: 0.6136 - val_accuracy: 0.7972 - val_mse: 0.1914 - val_precision: 0.8591 - val_recall: 0.7111 - lr: 1.0000e-06
Epoch 33/100

Epoch 00033: val_loss did not improve from 0.60387
810/810 - 219s - loss: 0.5678 - accuracy: 0.8877 - mse: 0.1092 - precision: 0.9937 - recall: 0.7802 - val_loss: 0.6135 - val_accuracy: 0.7972 - val_mse: 0.1921 - val_precision: 0.8591 - val_recall: 0.7111 - lr: 1.0000e-07
Epoch 00033: early stopping
Evaluating results...
Validation
[159  21]
[ 52 128]
Training
[806   4]
[178 632]

Total execution time:  2:03:08.942133
Final evalutaiton...
180/180 - 11s - loss: 0.6135 - accuracy: 0.7972 - mse: 0.1921 - precision: 0.8591 - recall: 0.7111
{'loss': 0.6134817600250244, 'accuracy': 0.7972221970558167, 'mse': 0.1920662820339203, 'precision': 0.8590604066848755, 'recall': 0.7111111283302307}
