WARNING:tensorflow:`epsilon` argument is deprecated and will be removed, use `min_delta` instead.
2020-07-31 22:04:22.645525: I tensorflow/stream_executor/platform/default/dso_loader.cc:44] Successfully opened dynamic library libcuda.so.1
2020-07-31 22:04:22.938637: I tensorflow/stream_executor/cuda/cuda_gpu_executor.cc:981] successful NUMA node read from SysFS had negative value (-1), but there must be at least one NUMA node, so returning NUMA node zero
2020-07-31 22:04:22.938996: I tensorflow/core/common_runtime/gpu/gpu_device.cc:1561] Found device 0 with properties: 
pciBusID: 0000:01:00.0 name: GeForce GTX 1060 6GB computeCapability: 6.1
coreClock: 1.7085GHz coreCount: 10 deviceMemorySize: 5.93GiB deviceMemoryBandwidth: 178.99GiB/s
2020-07-31 22:04:22.940556: I tensorflow/stream_executor/platform/default/dso_loader.cc:44] Successfully opened dynamic library libcudart.so.10.1
2020-07-31 22:04:22.943967: I tensorflow/stream_executor/platform/default/dso_loader.cc:44] Successfully opened dynamic library libcublas.so.10
2020-07-31 22:04:22.947468: I tensorflow/stream_executor/platform/default/dso_loader.cc:44] Successfully opened dynamic library libcufft.so.10
2020-07-31 22:04:22.947874: I tensorflow/stream_executor/platform/default/dso_loader.cc:44] Successfully opened dynamic library libcurand.so.10
2020-07-31 22:04:22.950323: I tensorflow/stream_executor/platform/default/dso_loader.cc:44] Successfully opened dynamic library libcusolver.so.10
2020-07-31 22:04:22.952556: I tensorflow/stream_executor/platform/default/dso_loader.cc:44] Successfully opened dynamic library libcusparse.so.10
2020-07-31 22:04:22.957115: I tensorflow/stream_executor/platform/default/dso_loader.cc:44] Successfully opened dynamic library libcudnn.so.7
2020-07-31 22:04:22.957298: I tensorflow/stream_executor/cuda/cuda_gpu_executor.cc:981] successful NUMA node read from SysFS had negative value (-1), but there must be at least one NUMA node, so returning NUMA node zero
2020-07-31 22:04:22.960271: I tensorflow/stream_executor/cuda/cuda_gpu_executor.cc:981] successful NUMA node read from SysFS had negative value (-1), but there must be at least one NUMA node, so returning NUMA node zero
2020-07-31 22:04:22.961847: I tensorflow/core/common_runtime/gpu/gpu_device.cc:1703] Adding visible gpu devices: 0
2020-07-31 22:04:22.962163: I tensorflow/core/platform/cpu_feature_guard.cc:143] Your CPU supports instructions that this TensorFlow binary was not compiled to use: AVX2 FMA
2020-07-31 22:04:22.971288: I tensorflow/core/platform/profile_utils/cpu_utils.cc:102] CPU Frequency: 3192000000 Hz
2020-07-31 22:04:22.971522: I tensorflow/compiler/xla/service/service.cc:168] XLA service 0xd9b38930 initialized for platform Host (this does not guarantee that XLA will be used). Devices:
2020-07-31 22:04:22.973061: I tensorflow/compiler/xla/service/service.cc:176]   StreamExecutor device (0): Host, Default Version
2020-07-31 22:04:23.031511: I tensorflow/stream_executor/cuda/cuda_gpu_executor.cc:981] successful NUMA node read from SysFS had negative value (-1), but there must be at least one NUMA node, so returning NUMA node zero
2020-07-31 22:04:23.032005: I tensorflow/compiler/xla/service/service.cc:168] XLA service 0xd9b4c920 initialized for platform CUDA (this does not guarantee that XLA will be used). Devices:
2020-07-31 22:04:23.033253: I tensorflow/compiler/xla/service/service.cc:176]   StreamExecutor device (0): GeForce GTX 1060 6GB, Compute Capability 6.1
2020-07-31 22:04:23.034967: I tensorflow/stream_executor/cuda/cuda_gpu_executor.cc:981] successful NUMA node read from SysFS had negative value (-1), but there must be at least one NUMA node, so returning NUMA node zero
2020-07-31 22:04:23.035346: I tensorflow/core/common_runtime/gpu/gpu_device.cc:1561] Found device 0 with properties: 
pciBusID: 0000:01:00.0 name: GeForce GTX 1060 6GB computeCapability: 6.1
coreClock: 1.7085GHz coreCount: 10 deviceMemorySize: 5.93GiB deviceMemoryBandwidth: 178.99GiB/s
2020-07-31 22:04:23.035384: I tensorflow/stream_executor/platform/default/dso_loader.cc:44] Successfully opened dynamic library libcudart.so.10.1
2020-07-31 22:04:23.035403: I tensorflow/stream_executor/platform/default/dso_loader.cc:44] Successfully opened dynamic library libcublas.so.10
2020-07-31 22:04:23.035419: I tensorflow/stream_executor/platform/default/dso_loader.cc:44] Successfully opened dynamic library libcufft.so.10
2020-07-31 22:04:23.035435: I tensorflow/stream_executor/platform/default/dso_loader.cc:44] Successfully opened dynamic library libcurand.so.10
2020-07-31 22:04:23.035451: I tensorflow/stream_executor/platform/default/dso_loader.cc:44] Successfully opened dynamic library libcusolver.so.10
2020-07-31 22:04:23.035466: I tensorflow/stream_executor/platform/default/dso_loader.cc:44] Successfully opened dynamic library libcusparse.so.10
2020-07-31 22:04:23.035481: I tensorflow/stream_executor/platform/default/dso_loader.cc:44] Successfully opened dynamic library libcudnn.so.7
2020-07-31 22:04:23.035544: I tensorflow/stream_executor/cuda/cuda_gpu_executor.cc:981] successful NUMA node read from SysFS had negative value (-1), but there must be at least one NUMA node, so returning NUMA node zero
2020-07-31 22:04:23.035863: I tensorflow/stream_executor/cuda/cuda_gpu_executor.cc:981] successful NUMA node read from SysFS had negative value (-1), but there must be at least one NUMA node, so returning NUMA node zero
2020-07-31 22:04:23.036141: I tensorflow/core/common_runtime/gpu/gpu_device.cc:1703] Adding visible gpu devices: 0
2020-07-31 22:04:23.036172: I tensorflow/stream_executor/platform/default/dso_loader.cc:44] Successfully opened dynamic library libcudart.so.10.1
2020-07-31 22:04:23.037219: I tensorflow/core/common_runtime/gpu/gpu_device.cc:1102] Device interconnect StreamExecutor with strength 1 edge matrix:
2020-07-31 22:04:23.040157: I tensorflow/core/common_runtime/gpu/gpu_device.cc:1108]      0 
2020-07-31 22:04:23.040176: I tensorflow/core/common_runtime/gpu/gpu_device.cc:1121] 0:   N 
2020-07-31 22:04:23.040339: I tensorflow/stream_executor/cuda/cuda_gpu_executor.cc:981] successful NUMA node read from SysFS had negative value (-1), but there must be at least one NUMA node, so returning NUMA node zero
2020-07-31 22:04:23.043296: I tensorflow/stream_executor/cuda/cuda_gpu_executor.cc:981] successful NUMA node read from SysFS had negative value (-1), but there must be at least one NUMA node, so returning NUMA node zero
2020-07-31 22:04:23.044578: I tensorflow/core/common_runtime/gpu/gpu_device.cc:1247] Created TensorFlow device (/job:localhost/replica:0/task:0/device:GPU:0 with 5646 MB memory) -> physical GPU (device: 0, name: GeForce GTX 1060 6GB, pci bus id: 0000:01:00.0, compute capability: 6.1)
2020-07-31 22:04:24.463464: W tensorflow/core/framework/cpu_allocator_impl.cc:81] Allocation of 1698693120 exceeds 10% of free system memory.
2020-07-31 22:04:26.675213: I tensorflow/stream_executor/platform/default/dso_loader.cc:44] Successfully opened dynamic library libcublas.so.10
2020-07-31 22:04:26.792874: I tensorflow/stream_executor/platform/default/dso_loader.cc:44] Successfully opened dynamic library libcudnn.so.7
2020-07-31 22:04:28.065091: W tensorflow/core/common_runtime/bfc_allocator.cc:245] Allocator (GPU_0_bfc) ran out of memory trying to allocate 1.78GiB with freed_by_count=0. The caller indicates that this is not a failure, but may mean that there could be performance gains if more memory were available.
2020-07-31 22:04:28.173034: W tensorflow/core/common_runtime/bfc_allocator.cc:245] Allocator (GPU_0_bfc) ran out of memory trying to allocate 3.14GiB with freed_by_count=0. The caller indicates that this is not a failure, but may mean that there could be performance gains if more memory were available.
2020-07-31 22:04:28.212975: W tensorflow/core/common_runtime/bfc_allocator.cc:245] Allocator (GPU_0_bfc) ran out of memory trying to allocate 2.10GiB with freed_by_count=0. The caller indicates that this is not a failure, but may mean that there could be performance gains if more memory were available.
2020-07-31 22:04:28.321252: W tensorflow/core/common_runtime/bfc_allocator.cc:245] Allocator (GPU_0_bfc) ran out of memory trying to allocate 2.08GiB with freed_by_count=0. The caller indicates that this is not a failure, but may mean that there could be performance gains if more memory were available.
2020-07-31 22:04:28.333035: W tensorflow/core/common_runtime/bfc_allocator.cc:245] Allocator (GPU_0_bfc) ran out of memory trying to allocate 2.10GiB with freed_by_count=0. The caller indicates that this is not a failure, but may mean that there could be performance gains if more memory were available.
2020-07-31 22:04:28.361466: W tensorflow/core/common_runtime/bfc_allocator.cc:245] Allocator (GPU_0_bfc) ran out of memory trying to allocate 3.13GiB with freed_by_count=0. The caller indicates that this is not a failure, but may mean that there could be performance gains if more memory were available.
2020-07-31 22:04:28.401919: W tensorflow/core/common_runtime/bfc_allocator.cc:245] Allocator (GPU_0_bfc) ran out of memory trying to allocate 3.11GiB with freed_by_count=0. The caller indicates that this is not a failure, but may mean that there could be performance gains if more memory were available.
2020-07-31 22:04:28.592570: W tensorflow/core/common_runtime/bfc_allocator.cc:245] Allocator (GPU_0_bfc) ran out of memory trying to allocate 1.78GiB with freed_by_count=0. The caller indicates that this is not a failure, but may mean that there could be performance gains if more memory were available.
2020-07-31 22:04:28.706489: W tensorflow/core/common_runtime/bfc_allocator.cc:245] Allocator (GPU_0_bfc) ran out of memory trying to allocate 1.78GiB with freed_by_count=0. The caller indicates that this is not a failure, but may mean that there could be performance gains if more memory were available.
2020-07-31 22:08:07.997316: W tensorflow/core/framework/cpu_allocator_impl.cc:81] Allocation of 1073741824 exceeds 10% of free system memory.
2020-07-31 22:08:09.375579: W tensorflow/core/framework/cpu_allocator_impl.cc:81] Allocation of 1073741824 exceeds 10% of free system memory.
2020-07-31 22:08:09.612787: W tensorflow/core/framework/cpu_allocator_impl.cc:81] Allocation of 1073741824 exceeds 10% of free system memory.
Preparing...
Loading dataset...
Creating the model...
Model: "sequential"
_________________________________________________________________
Layer (type)                 Output Shape              Param #   
=================================================================
conv2d (Conv2D)              (None, 502, 502, 96)      11712     
_________________________________________________________________
batch_normalization (BatchNo (None, 502, 502, 96)      384       
_________________________________________________________________
activation (Activation)      (None, 502, 502, 96)      0         
_________________________________________________________________
max_pooling2d (MaxPooling2D) (None, 167, 167, 96)      0         
_________________________________________________________________
conv2d_1 (Conv2D)            (None, 163, 163, 384)     921984    
_________________________________________________________________
activation_1 (Activation)    (None, 163, 163, 384)     0         
_________________________________________________________________
max_pooling2d_1 (MaxPooling2 (None, 54, 54, 384)       0         
_________________________________________________________________
conv2d_2 (Conv2D)            (None, 52, 52, 384)       1327488   
_________________________________________________________________
conv2d_3 (Conv2D)            (None, 50, 50, 256)       884992    
_________________________________________________________________
conv2d_4 (Conv2D)            (None, 48, 48, 256)       590080    
_________________________________________________________________
activation_2 (Activation)    (None, 48, 48, 256)       0         
_________________________________________________________________
max_pooling2d_2 (MaxPooling2 (None, 16, 16, 256)       0         
_________________________________________________________________
flatten (Flatten)            (None, 65536)             0         
_________________________________________________________________
dense (Dense)                (None, 4096)              268439552 
_________________________________________________________________
dropout (Dropout)            (None, 4096)              0         
_________________________________________________________________
dense_1 (Dense)              (None, 4096)              16781312  
_________________________________________________________________
dropout_1 (Dropout)          (None, 4096)              0         
_________________________________________________________________
dense_2 (Dense)              (None, 1)                 4097      
=================================================================
Total params: 288,961,601
Trainable params: 288,961,409
Non-trainable params: 192
_________________________________________________________________
None
Training the model...
Epoch 1/100

Epoch 00001: val_loss improved from inf to 73.13474, saving model to /cs/scratch/as521/models/checkpoints/baseline-model.h5
810/810 - 224s - loss: 113.9676 - accuracy: 0.4981 - mse: 0.4784 - precision: 0.3333 - recall: 0.0037 - val_loss: 73.1347 - val_accuracy: 0.5000 - val_mse: 0.4753 - val_precision: 0.0000e+00 - val_recall: 0.0000e+00 - lr: 1.0000e-05
2020-07-31 22:11:53.603598: W tensorflow/core/framework/cpu_allocator_impl.cc:81] Allocation of 1073741824 exceeds 10% of free system memory.
Epoch 2/100

Epoch 00002: val_loss improved from 73.13474 to 29.72191, saving model to /cs/scratch/as521/models/checkpoints/baseline-model.h5
810/810 - 226s - loss: 48.6493 - accuracy: 0.5000 - mse: 0.4414 - precision: 0.0000e+00 - recall: 0.0000e+00 - val_loss: 29.7219 - val_accuracy: 0.5000 - val_mse: 0.3631 - val_precision: 0.0000e+00 - val_recall: 0.0000e+00 - lr: 1.0000e-05
Epoch 3/100

Epoch 00003: val_loss improved from 29.72191 to 10.76405, saving model to /cs/scratch/as521/models/checkpoints/baseline-model.h5
810/810 - 226s - loss: 18.8795 - accuracy: 0.5000 - mse: 0.4046 - precision: 0.0000e+00 - recall: 0.0000e+00 - val_loss: 10.7640 - val_accuracy: 0.5000 - val_mse: 0.4712 - val_precision: 0.0000e+00 - val_recall: 0.0000e+00 - lr: 1.0000e-05
Epoch 4/100

Epoch 00004: val_loss improved from 10.76405 to 3.48257, saving model to /cs/scratch/as521/models/checkpoints/baseline-model.h5
810/810 - 226s - loss: 6.5045 - accuracy: 0.5407 - mse: 0.3752 - precision: 0.7946 - recall: 0.1099 - val_loss: 3.4826 - val_accuracy: 0.6111 - val_mse: 0.3149 - val_precision: 0.7500 - val_recall: 0.3333 - lr: 1.0000e-05
Epoch 5/100

Epoch 00005: val_loss improved from 3.48257 to 1.30667, saving model to /cs/scratch/as521/models/checkpoints/baseline-model.h5
810/810 - 228s - loss: 2.1234 - accuracy: 0.6068 - mse: 0.3309 - precision: 0.8192 - recall: 0.2741 - val_loss: 1.3067 - val_accuracy: 0.5333 - val_mse: 0.3761 - val_precision: 0.5366 - val_recall: 0.4889 - lr: 1.0000e-05
Epoch 6/100

Epoch 00006: val_loss improved from 1.30667 to 0.75679, saving model to /cs/scratch/as521/models/checkpoints/baseline-model.h5
810/810 - 227s - loss: 0.9217 - accuracy: 0.6420 - mse: 0.3143 - precision: 0.8464 - recall: 0.3469 - val_loss: 0.7568 - val_accuracy: 0.6056 - val_mse: 0.3312 - val_precision: 0.8065 - val_recall: 0.2778 - lr: 1.0000e-05
Epoch 7/100

Epoch 00007: val_loss improved from 0.75679 to 0.71375, saving model to /cs/scratch/as521/models/checkpoints/baseline-model.h5
810/810 - 224s - loss: 0.6873 - accuracy: 0.6611 - mse: 0.2961 - precision: 0.8425 - recall: 0.3963 - val_loss: 0.7137 - val_accuracy: 0.6000 - val_mse: 0.3516 - val_precision: 0.6250 - val_recall: 0.5000 - lr: 1.0000e-05
Epoch 8/100

Epoch 00008: val_loss improved from 0.71375 to 0.68701, saving model to /cs/scratch/as521/models/checkpoints/baseline-model.h5
810/810 - 225s - loss: 0.6580 - accuracy: 0.6642 - mse: 0.2933 - precision: 0.8556 - recall: 0.3951 - val_loss: 0.6870 - val_accuracy: 0.6389 - val_mse: 0.3317 - val_precision: 0.6812 - val_recall: 0.5222 - lr: 1.0000e-05
Epoch 9/100

Epoch 00009: val_loss improved from 0.68701 to 0.67793, saving model to /cs/scratch/as521/models/checkpoints/baseline-model.h5
810/810 - 226s - loss: 0.6485 - accuracy: 0.6796 - mse: 0.2812 - precision: 0.8575 - recall: 0.4309 - val_loss: 0.6779 - val_accuracy: 0.6361 - val_mse: 0.3167 - val_precision: 0.6788 - val_recall: 0.5167 - lr: 1.0000e-05
Epoch 10/100

Epoch 00010: val_loss improved from 0.67793 to 0.64347, saving model to /cs/scratch/as521/models/checkpoints/baseline-model.h5
810/810 - 227s - loss: 0.6452 - accuracy: 0.6926 - mse: 0.2845 - precision: 0.8959 - recall: 0.4358 - val_loss: 0.6435 - val_accuracy: 0.6667 - val_mse: 0.3091 - val_precision: 1.0000 - val_recall: 0.3333 - lr: 1.0000e-05
Epoch 11/100

Epoch 00011: val_loss improved from 0.64347 to 0.63899, saving model to /cs/scratch/as521/models/checkpoints/baseline-model.h5
810/810 - 227s - loss: 0.6443 - accuracy: 0.6852 - mse: 0.2807 - precision: 0.8866 - recall: 0.4247 - val_loss: 0.6390 - val_accuracy: 0.6861 - val_mse: 0.2929 - val_precision: 0.9351 - val_recall: 0.4000 - lr: 1.0000e-05
Epoch 12/100

Epoch 00012: val_loss did not improve from 0.63899
810/810 - 219s - loss: 0.6415 - accuracy: 0.6951 - mse: 0.2698 - precision: 0.8780 - recall: 0.4531 - val_loss: 0.6399 - val_accuracy: 0.6944 - val_mse: 0.2813 - val_precision: 0.8571 - val_recall: 0.4667 - lr: 1.0000e-05
Epoch 13/100

Epoch 00013: val_loss did not improve from 0.63899
810/810 - 220s - loss: 0.6396 - accuracy: 0.7019 - mse: 0.2662 - precision: 0.8884 - recall: 0.4617 - val_loss: 0.6545 - val_accuracy: 0.6750 - val_mse: 0.2925 - val_precision: 0.7603 - val_recall: 0.5111 - lr: 1.0000e-05
Epoch 14/100

Epoch 00014: val_loss did not improve from 0.63899
810/810 - 219s - loss: 0.6356 - accuracy: 0.7056 - mse: 0.2612 - precision: 0.8810 - recall: 0.4753 - val_loss: 0.6680 - val_accuracy: 0.6611 - val_mse: 0.3175 - val_precision: 0.7266 - val_recall: 0.5167 - lr: 1.0000e-05
Epoch 15/100

Epoch 00015: val_loss improved from 0.63899 to 0.63411, saving model to /cs/scratch/as521/models/checkpoints/baseline-model.h5
810/810 - 227s - loss: 0.6317 - accuracy: 0.7173 - mse: 0.2507 - precision: 0.8964 - recall: 0.4914 - val_loss: 0.6341 - val_accuracy: 0.6944 - val_mse: 0.2771 - val_precision: 0.9268 - val_recall: 0.4222 - lr: 1.0000e-05
Epoch 16/100

Epoch 00016: val_loss did not improve from 0.63411
810/810 - 219s - loss: 0.6295 - accuracy: 0.7253 - mse: 0.2474 - precision: 0.8925 - recall: 0.5123 - val_loss: 0.6419 - val_accuracy: 0.6861 - val_mse: 0.2660 - val_precision: 0.7913 - val_recall: 0.5056 - lr: 1.0000e-05
Epoch 17/100

Epoch 00017: val_loss improved from 0.63411 to 0.62678, saving model to /cs/scratch/as521/models/checkpoints/baseline-model.h5
810/810 - 223s - loss: 0.6250 - accuracy: 0.7309 - mse: 0.2435 - precision: 0.9250 - recall: 0.5025 - val_loss: 0.6268 - val_accuracy: 0.7278 - val_mse: 0.2477 - val_precision: 0.8868 - val_recall: 0.5222 - lr: 1.0000e-05
Epoch 18/100

Epoch 00018: val_loss did not improve from 0.62678
810/810 - 219s - loss: 0.6222 - accuracy: 0.7444 - mse: 0.2364 - precision: 0.9286 - recall: 0.5296 - val_loss: 0.6548 - val_accuracy: 0.7000 - val_mse: 0.2843 - val_precision: 0.7500 - val_recall: 0.6000 - lr: 1.0000e-05
Epoch 19/100

Epoch 00019: val_loss did not improve from 0.62678
810/810 - 219s - loss: 0.6243 - accuracy: 0.7352 - mse: 0.2401 - precision: 0.9205 - recall: 0.5148 - val_loss: 0.6662 - val_accuracy: 0.6861 - val_mse: 0.2901 - val_precision: 0.7081 - val_recall: 0.6333 - lr: 1.0000e-05
Epoch 20/100

Epoch 00020: val_loss did not improve from 0.62678
810/810 - 219s - loss: 0.6184 - accuracy: 0.7475 - mse: 0.2253 - precision: 0.9257 - recall: 0.5383 - val_loss: 0.6586 - val_accuracy: 0.6917 - val_mse: 0.2851 - val_precision: 0.7285 - val_recall: 0.6111 - lr: 1.0000e-05
Epoch 21/100

Epoch 00021: val_loss did not improve from 0.62678
810/810 - 219s - loss: 0.6134 - accuracy: 0.7630 - mse: 0.2200 - precision: 0.9513 - recall: 0.5543 - val_loss: 0.6300 - val_accuracy: 0.7278 - val_mse: 0.2501 - val_precision: 0.8796 - val_recall: 0.5278 - lr: 1.0000e-05
Epoch 22/100

Epoch 00022: val_loss did not improve from 0.62678
810/810 - 219s - loss: 0.6130 - accuracy: 0.7648 - mse: 0.2172 - precision: 0.9423 - recall: 0.5642 - val_loss: 0.6513 - val_accuracy: 0.7028 - val_mse: 0.2822 - val_precision: 0.7626 - val_recall: 0.5889 - lr: 1.0000e-05
Epoch 23/100

Epoch 00023: val_loss did not improve from 0.62678
810/810 - 219s - loss: 0.6089 - accuracy: 0.7759 - mse: 0.2109 - precision: 0.9552 - recall: 0.5790 - val_loss: 0.6302 - val_accuracy: 0.7361 - val_mse: 0.2443 - val_precision: 0.8295 - val_recall: 0.5944 - lr: 1.0000e-05
Epoch 24/100

Epoch 00024: val_loss did not improve from 0.62678
810/810 - 219s - loss: 0.6072 - accuracy: 0.7815 - mse: 0.2025 - precision: 0.9560 - recall: 0.5901 - val_loss: 0.6538 - val_accuracy: 0.7167 - val_mse: 0.2783 - val_precision: 0.7600 - val_recall: 0.6333 - lr: 1.0000e-05
Epoch 25/100

Epoch 00025: val_loss did not improve from 0.62678

Epoch 00025: ReduceLROnPlateau reducing learning rate to 9.999999747378752e-07.
810/810 - 219s - loss: 0.6055 - accuracy: 0.7858 - mse: 0.1965 - precision: 0.9478 - recall: 0.6049 - val_loss: 0.6297 - val_accuracy: 0.7444 - val_mse: 0.2400 - val_precision: 0.8235 - val_recall: 0.6222 - lr: 1.0000e-05
Epoch 26/100

Epoch 00026: val_loss improved from 0.62678 to 0.62359, saving model to /cs/scratch/as521/models/checkpoints/baseline-model.h5
810/810 - 224s - loss: 0.5970 - accuracy: 0.8093 - mse: 0.1805 - precision: 0.9735 - recall: 0.6358 - val_loss: 0.6236 - val_accuracy: 0.7500 - val_mse: 0.2293 - val_precision: 0.8462 - val_recall: 0.6111 - lr: 1.0000e-06
Epoch 27/100

Epoch 00027: val_loss did not improve from 0.62359
810/810 - 219s - loss: 0.5957 - accuracy: 0.8074 - mse: 0.1810 - precision: 0.9663 - recall: 0.6370 - val_loss: 0.6450 - val_accuracy: 0.7167 - val_mse: 0.2651 - val_precision: 0.7671 - val_recall: 0.6222 - lr: 1.0000e-06
Epoch 28/100

Epoch 00028: val_loss did not improve from 0.62359
810/810 - 219s - loss: 0.5943 - accuracy: 0.8130 - mse: 0.1778 - precision: 0.9721 - recall: 0.6444 - val_loss: 0.6451 - val_accuracy: 0.7111 - val_mse: 0.2645 - val_precision: 0.7568 - val_recall: 0.6222 - lr: 1.0000e-06
Epoch 29/100

Epoch 00029: val_loss did not improve from 0.62359
810/810 - 219s - loss: 0.5937 - accuracy: 0.8204 - mse: 0.1762 - precision: 0.9797 - recall: 0.6543 - val_loss: 0.6342 - val_accuracy: 0.7361 - val_mse: 0.2472 - val_precision: 0.8148 - val_recall: 0.6111 - lr: 1.0000e-06
Epoch 30/100

Epoch 00030: val_loss did not improve from 0.62359
810/810 - 219s - loss: 0.5931 - accuracy: 0.8167 - mse: 0.1766 - precision: 0.9794 - recall: 0.6469 - val_loss: 0.6457 - val_accuracy: 0.7167 - val_mse: 0.2666 - val_precision: 0.7671 - val_recall: 0.6222 - lr: 1.0000e-06
Epoch 31/100

Epoch 00031: val_loss did not improve from 0.62359
810/810 - 219s - loss: 0.5903 - accuracy: 0.8228 - mse: 0.1720 - precision: 0.9870 - recall: 0.6543 - val_loss: 0.6435 - val_accuracy: 0.7194 - val_mse: 0.2633 - val_precision: 0.7762 - val_recall: 0.6167 - lr: 1.0000e-06
Epoch 32/100

Epoch 00032: val_loss did not improve from 0.62359
810/810 - 219s - loss: 0.5909 - accuracy: 0.8198 - mse: 0.1726 - precision: 0.9832 - recall: 0.6506 - val_loss: 0.6468 - val_accuracy: 0.7194 - val_mse: 0.2673 - val_precision: 0.7616 - val_recall: 0.6389 - lr: 1.0000e-06
Epoch 33/100

Epoch 00033: val_loss did not improve from 0.62359
810/810 - 219s - loss: 0.5907 - accuracy: 0.8241 - mse: 0.1712 - precision: 0.9817 - recall: 0.6605 - val_loss: 0.6485 - val_accuracy: 0.7139 - val_mse: 0.2711 - val_precision: 0.7584 - val_recall: 0.6278 - lr: 1.0000e-06
Epoch 34/100

Epoch 00034: val_loss did not improve from 0.62359

Epoch 00034: ReduceLROnPlateau reducing learning rate to 9.999999974752428e-08.
810/810 - 219s - loss: 0.5901 - accuracy: 0.8235 - mse: 0.1704 - precision: 0.9834 - recall: 0.6580 - val_loss: 0.6495 - val_accuracy: 0.7167 - val_mse: 0.2730 - val_precision: 0.7600 - val_recall: 0.6333 - lr: 1.0000e-06
Epoch 35/100

Epoch 00035: val_loss did not improve from 0.62359
810/810 - 219s - loss: 0.5891 - accuracy: 0.8235 - mse: 0.1699 - precision: 0.9888 - recall: 0.6543 - val_loss: 0.6499 - val_accuracy: 0.7194 - val_mse: 0.2728 - val_precision: 0.7616 - val_recall: 0.6389 - lr: 1.0000e-07
Epoch 36/100

Epoch 00036: val_loss did not improve from 0.62359
810/810 - 219s - loss: 0.5892 - accuracy: 0.8278 - mse: 0.1685 - precision: 0.9854 - recall: 0.6654 - val_loss: 0.6487 - val_accuracy: 0.7167 - val_mse: 0.2717 - val_precision: 0.7600 - val_recall: 0.6333 - lr: 1.0000e-07
Epoch 37/100

Epoch 00037: val_loss did not improve from 0.62359
810/810 - 219s - loss: 0.5890 - accuracy: 0.8253 - mse: 0.1689 - precision: 0.9871 - recall: 0.6593 - val_loss: 0.6495 - val_accuracy: 0.7167 - val_mse: 0.2724 - val_precision: 0.7600 - val_recall: 0.6333 - lr: 1.0000e-07
Epoch 38/100

Epoch 00038: val_loss did not improve from 0.62359
810/810 - 219s - loss: 0.5873 - accuracy: 0.8302 - mse: 0.1648 - precision: 0.9890 - recall: 0.6679 - val_loss: 0.6501 - val_accuracy: 0.7167 - val_mse: 0.2727 - val_precision: 0.7600 - val_recall: 0.6333 - lr: 1.0000e-07
Epoch 39/100

Epoch 00039: val_loss did not improve from 0.62359
810/810 - 219s - loss: 0.5881 - accuracy: 0.8278 - mse: 0.1656 - precision: 0.9854 - recall: 0.6654 - val_loss: 0.6502 - val_accuracy: 0.7167 - val_mse: 0.2730 - val_precision: 0.7600 - val_recall: 0.6333 - lr: 1.0000e-07
Epoch 40/100

Epoch 00040: val_loss did not improve from 0.62359
810/810 - 218s - loss: 0.5890 - accuracy: 0.8241 - mse: 0.1684 - precision: 0.9817 - recall: 0.6605 - val_loss: 0.6503 - val_accuracy: 0.7167 - val_mse: 0.2728 - val_precision: 0.7600 - val_recall: 0.6333 - lr: 1.0000e-07
Epoch 41/100

Epoch 00041: val_loss did not improve from 0.62359
810/810 - 219s - loss: 0.5884 - accuracy: 0.8265 - mse: 0.1682 - precision: 0.9889 - recall: 0.6605 - val_loss: 0.6497 - val_accuracy: 0.7167 - val_mse: 0.2724 - val_precision: 0.7600 - val_recall: 0.6333 - lr: 1.0000e-07
Epoch 00041: early stopping
Evaluating results...
Validation
[144  36]
[ 66 114]
Training
[804   6]
[272 538]

Total execution time:  2:32:41.591052
Final evalutaiton...
180/180 - 11s - loss: 0.6497 - accuracy: 0.7167 - mse: 0.2724 - precision: 0.7600 - recall: 0.6333
{'loss': 0.6496871113777161, 'accuracy': 0.7166666388511658, 'mse': 0.27243736386299133, 'precision': 0.7599999904632568, 'recall': 0.6333333253860474}
